2022-01-12 23:52:34,533 [localhost-startStop-2] INFO  (ExistRepository.java [prepare]:86) - Using directory /media/user/games/Projects/XML2/XML/apache-tomcat-8.5.73/webapps/exist/WEB-INF/data/expathrepo for expath package repository 
2022-01-12 23:52:35,417 [localhost-startStop-2] INFO  (AutoDeploymentTrigger.java [execute]:67) - Scanning autodeploy directory. Found 6 app packages. 
2022-01-12 23:52:35,438 [localhost-startStop-2] INFO  (Deployment.java [installAndDeploy]:220) - Package http://exist-db.org/apps/dashboard depends on http://exist-db.org/apps/shared 
2022-01-12 23:52:35,439 [localhost-startStop-2] INFO  (Deployment.java [installAndDeploy]:268) - Installing package file:///media/user/games/Projects/XML2/XML/apache-tomcat-8.5.73/webapps/exist/WEB-INF/autodeploy/shared-resources-0.9.1.xar 
2022-01-12 23:52:35,661 [localhost-startStop-2] INFO  (Deployment.java [installAndDeploy]:281) - Deploying package http://exist-db.org/apps/shared 
2022-01-12 23:53:04,085 [localhost-startStop-2] INFO  (Deployment.java [installAndDeploy]:220) - Package http://exist-db.org/apps/dashboard depends on http://exist-db.org/apps/usermanager 
2022-01-12 23:53:04,087 [localhost-startStop-2] INFO  (Deployment.java [installAndDeploy]:220) - Package http://exist-db.org/apps/usermanager depends on http://www.functx.com 
2022-01-12 23:53:04,087 [localhost-startStop-2] INFO  (Deployment.java [installAndDeploy]:268) - Installing package file:///media/user/games/Projects/XML2/XML/apache-tomcat-8.5.73/webapps/exist/WEB-INF/autodeploy/functx-1.0.1.xar 
2022-01-12 23:53:04,096 [localhost-startStop-2] INFO  (Deployment.java [installAndDeploy]:281) - Deploying package http://www.functx.com 
2022-01-12 23:53:04,097 [localhost-startStop-2] WARN  (Deployment.java [deploy]:387) - EXPath Package 'http://www.functx.com' does not contain a <target> in its repo.xml, no files will be deployed to /apps 
2022-01-12 23:53:04,224 [localhost-startStop-2] INFO  (Deployment.java [installAndDeploy]:268) - Installing package file:///media/user/games/Projects/XML2/XML/apache-tomcat-8.5.73/webapps/exist/WEB-INF/autodeploy/usermanager-0.16.5-prod.xar 
2022-01-12 23:53:04,241 [localhost-startStop-2] INFO  (Deployment.java [installAndDeploy]:281) - Deploying package http://exist-db.org/apps/usermanager 
2022-01-12 23:53:05,248 [localhost-startStop-2] INFO  (Deployment.java [installAndDeploy]:268) - Installing package file:///media/user/games/Projects/XML2/XML/apache-tomcat-8.5.73/webapps/exist/WEB-INF/autodeploy/dashboard-1.1.1.xar 
2022-01-12 23:53:05,270 [localhost-startStop-2] INFO  (Deployment.java [installAndDeploy]:281) - Deploying package http://exist-db.org/apps/dashboard 
2022-01-12 23:53:11,818 [localhost-startStop-2] INFO  (Deployment.java [installAndDeploy]:220) - Package http://exist-db.org/apps/eXide depends on http://exist-db.org/apps/shared 
2022-01-12 23:53:11,818 [localhost-startStop-2] DEBUG (Deployment.java [installAndDeploy]:223) - Package http://exist-db.org/apps/shared already installed 
2022-01-12 23:53:11,818 [localhost-startStop-2] DEBUG (Deployment.java [installAndDeploy]:244) - Package http://exist-db.org/apps/shared already installed 
2022-01-12 23:53:11,819 [localhost-startStop-2] INFO  (Deployment.java [installAndDeploy]:268) - Installing package file:///media/user/games/Projects/XML2/XML/apache-tomcat-8.5.73/webapps/exist/WEB-INF/autodeploy/eXide-2.4.13.xar 
2022-01-12 23:53:11,860 [localhost-startStop-2] INFO  (Deployment.java [installAndDeploy]:281) - Deploying package http://exist-db.org/apps/eXide 
2022-01-12 23:53:20,131 [localhost-startStop-2] INFO  (Deployment.java [installAndDeploy]:192) - Application package http://www.functx.com already installed. Skipping. 
2022-01-12 23:53:20,134 [localhost-startStop-2] INFO  (Deployment.java [installAndDeploy]:220) - Package http://exist-db.org/apps/monex depends on http://exist-db.org/apps/shared 
2022-01-12 23:53:20,134 [localhost-startStop-2] DEBUG (Deployment.java [installAndDeploy]:223) - Package http://exist-db.org/apps/shared already installed 
2022-01-12 23:53:20,134 [localhost-startStop-2] DEBUG (Deployment.java [installAndDeploy]:244) - Package http://exist-db.org/apps/shared already installed 
2022-01-12 23:53:20,134 [localhost-startStop-2] INFO  (Deployment.java [installAndDeploy]:268) - Installing package file:///media/user/games/Projects/XML2/XML/apache-tomcat-8.5.73/webapps/exist/WEB-INF/autodeploy/monex-1.0.1.xar 
2022-01-12 23:53:20,167 [localhost-startStop-2] INFO  (Deployment.java [installAndDeploy]:281) - Deploying package http://exist-db.org/apps/monex 
2022-01-12 23:53:24,042 [localhost-startStop-2] INFO  (Deployment.java [installAndDeploy]:192) - Application package http://exist-db.org/apps/shared already installed. Skipping. 
2022-01-12 23:53:24,044 [localhost-startStop-2] INFO  (Deployment.java [installAndDeploy]:192) - Application package http://exist-db.org/apps/usermanager already installed. Skipping. 
