2022-01-13 05:22:56,291 [localhost-startStop-1] INFO  (NativeBroker.java [sync]:3557) - Memory: 237,568K total; 4,071,424K max; 67,210K free 
2022-01-13 05:22:56,292 [localhost-startStop-1] INFO  (BTree.java [printStatistics]:2609) - dom.dbx INDEX Buffers occupation : 2% (1 out of 64) Cache efficiency : 100% 
2022-01-13 05:22:56,292 [localhost-startStop-1] INFO  (DOMFile.java [printStatistics]:1399) - dom.dbx DATA Buffers occupation : 0% (1 out of 256) Cache efficiency : 100% 
2022-01-13 05:22:56,292 [localhost-startStop-1] INFO  (BTree.java [printStatistics]:2609) - collections.dbx INDEX Buffers occupation : 2% (1 out of 64) Cache efficiency : 100% 
2022-01-13 05:22:56,293 [localhost-startStop-1] INFO  (BFile.java [printStatistics]:408) - collections.dbx DATA Buffers occupation : 2% (1 out of 64) Cache efficiency : 100% 
2022-01-13 05:22:56,293 [localhost-startStop-1] INFO  (BTree.java [printStatistics]:2609) - values.dbx INDEX Buffers occupation : 2% (1 out of 64) Cache efficiency : N/A 
2022-01-13 05:22:56,293 [localhost-startStop-1] INFO  (BFile.java [printStatistics]:408) - values.dbx DATA Buffers occupation : 0% (0 out of 64) Cache efficiency : N/A 
2022-01-13 05:24:24,085 [localhost-startStop-1] INFO  (NativeBroker.java [sync]:3557) - Memory: 223,232K total; 4,071,424K max; 139,148K free 
2022-01-13 05:24:24,085 [localhost-startStop-1] INFO  (BTree.java [printStatistics]:2609) - dom.dbx INDEX Buffers occupation : 9% (6 out of 64) Cache efficiency : 100% 
2022-01-13 05:24:24,086 [localhost-startStop-1] INFO  (DOMFile.java [printStatistics]:1399) - dom.dbx DATA Buffers occupation : 5% (13 out of 256) Cache efficiency : 99% 
2022-01-13 05:24:24,086 [localhost-startStop-1] INFO  (BTree.java [printStatistics]:2609) - collections.dbx INDEX Buffers occupation : 8% (5 out of 64) Cache efficiency : 99% 
2022-01-13 05:24:24,086 [localhost-startStop-1] INFO  (BFile.java [printStatistics]:408) - collections.dbx DATA Buffers occupation : 6% (4 out of 64) Cache efficiency : 96% 
2022-01-13 05:24:24,086 [localhost-startStop-1] INFO  (BTree.java [printStatistics]:2609) - values.dbx INDEX Buffers occupation : 0% (0 out of 64) Cache efficiency : N/A 
2022-01-13 05:24:24,087 [localhost-startStop-1] INFO  (BFile.java [printStatistics]:408) - values.dbx DATA Buffers occupation : 0% (0 out of 64) Cache efficiency : N/A 
2022-01-13 05:26:26,217 [db.exist.scheduler.quartz-worker-4] INFO  (NativeBroker.java [sync]:3557) - Memory: 268,288K total; 4,071,424K max; 154,029K free 
2022-01-13 05:26:26,218 [db.exist.scheduler.quartz-worker-4] INFO  (BTree.java [printStatistics]:2609) - dom.dbx INDEX Buffers occupation : 9% (6 out of 64) Cache efficiency : 100% 
2022-01-13 05:26:26,218 [db.exist.scheduler.quartz-worker-4] INFO  (DOMFile.java [printStatistics]:1399) - dom.dbx DATA Buffers occupation : 9% (24 out of 256) Cache efficiency : 99% 
2022-01-13 05:26:26,219 [db.exist.scheduler.quartz-worker-4] INFO  (BTree.java [printStatistics]:2609) - collections.dbx INDEX Buffers occupation : 11% (7 out of 64) Cache efficiency : 99% 
2022-01-13 05:26:26,219 [db.exist.scheduler.quartz-worker-4] INFO  (BFile.java [printStatistics]:408) - collections.dbx DATA Buffers occupation : 30% (19 out of 64) Cache efficiency : 98% 
2022-01-13 05:26:26,219 [db.exist.scheduler.quartz-worker-4] INFO  (BTree.java [printStatistics]:2609) - values.dbx INDEX Buffers occupation : 0% (0 out of 64) Cache efficiency : N/A 
2022-01-13 05:26:26,220 [db.exist.scheduler.quartz-worker-4] INFO  (BFile.java [printStatistics]:408) - values.dbx DATA Buffers occupation : 0% (0 out of 64) Cache efficiency : N/A 
2022-01-13 05:36:38,716 [db.exist.scheduler.quartz-worker-1] INFO  (NativeBroker.java [sync]:3557) - Memory: 268,288K total; 4,071,424K max; 141,103K free 
2022-01-13 05:36:38,717 [db.exist.scheduler.quartz-worker-1] INFO  (BTree.java [printStatistics]:2609) - dom.dbx INDEX Buffers occupation : 9% (6 out of 64) Cache efficiency : 100% 
2022-01-13 05:36:38,717 [db.exist.scheduler.quartz-worker-1] INFO  (DOMFile.java [printStatistics]:1399) - dom.dbx DATA Buffers occupation : 9% (24 out of 256) Cache efficiency : 99% 
2022-01-13 05:36:38,717 [db.exist.scheduler.quartz-worker-1] INFO  (BTree.java [printStatistics]:2609) - collections.dbx INDEX Buffers occupation : 11% (7 out of 64) Cache efficiency : 99% 
2022-01-13 05:36:38,717 [db.exist.scheduler.quartz-worker-1] INFO  (BFile.java [printStatistics]:408) - collections.dbx DATA Buffers occupation : 30% (19 out of 64) Cache efficiency : 98% 
2022-01-13 05:36:38,717 [db.exist.scheduler.quartz-worker-1] INFO  (BTree.java [printStatistics]:2609) - values.dbx INDEX Buffers occupation : 0% (0 out of 64) Cache efficiency : N/A 
2022-01-13 05:36:38,718 [db.exist.scheduler.quartz-worker-1] INFO  (BFile.java [printStatistics]:408) - values.dbx DATA Buffers occupation : 0% (0 out of 64) Cache efficiency : N/A 
2022-01-13 05:46:51,216 [db.exist.scheduler.quartz-worker-4] INFO  (NativeBroker.java [sync]:3557) - Memory: 268,288K total; 4,071,424K max; 128,500K free 
2022-01-13 05:46:51,217 [db.exist.scheduler.quartz-worker-4] INFO  (BTree.java [printStatistics]:2609) - dom.dbx INDEX Buffers occupation : 9% (6 out of 64) Cache efficiency : 100% 
2022-01-13 05:46:51,218 [db.exist.scheduler.quartz-worker-4] INFO  (DOMFile.java [printStatistics]:1399) - dom.dbx DATA Buffers occupation : 9% (24 out of 256) Cache efficiency : 99% 
2022-01-13 05:46:51,218 [db.exist.scheduler.quartz-worker-4] INFO  (BTree.java [printStatistics]:2609) - collections.dbx INDEX Buffers occupation : 11% (7 out of 64) Cache efficiency : 99% 
2022-01-13 05:46:51,219 [db.exist.scheduler.quartz-worker-4] INFO  (BFile.java [printStatistics]:408) - collections.dbx DATA Buffers occupation : 30% (19 out of 64) Cache efficiency : 98% 
2022-01-13 05:46:51,219 [db.exist.scheduler.quartz-worker-4] INFO  (BTree.java [printStatistics]:2609) - values.dbx INDEX Buffers occupation : 0% (0 out of 64) Cache efficiency : N/A 
2022-01-13 05:46:51,220 [db.exist.scheduler.quartz-worker-4] INFO  (BFile.java [printStatistics]:408) - values.dbx DATA Buffers occupation : 0% (0 out of 64) Cache efficiency : N/A 
2022-01-13 05:56:09,675 [localhost-startStop-1] INFO  (NativeBroker.java [sync]:3557) - Memory: 225,280K total; 4,071,424K max; 152,373K free 
2022-01-13 05:56:09,675 [localhost-startStop-1] INFO  (BTree.java [printStatistics]:2609) - dom.dbx INDEX Buffers occupation : 0% (0 out of 64) Cache efficiency : N/A 
2022-01-13 05:56:09,676 [localhost-startStop-1] INFO  (DOMFile.java [printStatistics]:1399) - dom.dbx DATA Buffers occupation : 0% (0 out of 256) Cache efficiency : N/A 
2022-01-13 05:56:09,676 [localhost-startStop-1] INFO  (BTree.java [printStatistics]:2609) - collections.dbx INDEX Buffers occupation : 0% (0 out of 64) Cache efficiency : N/A 
2022-01-13 05:56:09,676 [localhost-startStop-1] INFO  (BFile.java [printStatistics]:408) - collections.dbx DATA Buffers occupation : 0% (0 out of 64) Cache efficiency : N/A 
2022-01-13 05:56:09,677 [localhost-startStop-1] INFO  (BTree.java [printStatistics]:2609) - values.dbx INDEX Buffers occupation : 0% (0 out of 64) Cache efficiency : N/A 
2022-01-13 05:56:09,677 [localhost-startStop-1] INFO  (BFile.java [printStatistics]:408) - values.dbx DATA Buffers occupation : 0% (0 out of 64) Cache efficiency : N/A 
2022-01-13 06:06:22,067 [db.exist.scheduler.quartz-worker-1] INFO  (NativeBroker.java [sync]:3557) - Memory: 270,336K total; 4,071,424K max; 135,208K free 
2022-01-13 06:06:22,068 [db.exist.scheduler.quartz-worker-1] INFO  (BTree.java [printStatistics]:2609) - dom.dbx INDEX Buffers occupation : 45% (29 out of 64) Cache efficiency : 79% 
2022-01-13 06:06:22,068 [db.exist.scheduler.quartz-worker-1] INFO  (DOMFile.java [printStatistics]:1399) - dom.dbx DATA Buffers occupation : 100% (255 out of 256) Cache efficiency : 99% 
2022-01-13 06:06:22,069 [db.exist.scheduler.quartz-worker-1] INFO  (BTree.java [printStatistics]:2609) - collections.dbx INDEX Buffers occupation : 11% (7 out of 64) Cache efficiency : 99% 
2022-01-13 06:06:22,069 [db.exist.scheduler.quartz-worker-1] INFO  (BFile.java [printStatistics]:408) - collections.dbx DATA Buffers occupation : 30% (19 out of 64) Cache efficiency : 100% 
2022-01-13 06:06:22,069 [db.exist.scheduler.quartz-worker-1] INFO  (BTree.java [printStatistics]:2609) - values.dbx INDEX Buffers occupation : 2% (1 out of 64) Cache efficiency : N/A 
2022-01-13 06:06:22,070 [db.exist.scheduler.quartz-worker-1] INFO  (BFile.java [printStatistics]:408) - values.dbx DATA Buffers occupation : 0% (0 out of 64) Cache efficiency : N/A 
2022-01-13 06:16:34,570 [db.exist.scheduler.quartz-worker-4] INFO  (NativeBroker.java [sync]:3557) - Memory: 270,336K total; 4,071,424K max; 121,934K free 
2022-01-13 06:16:34,571 [db.exist.scheduler.quartz-worker-4] INFO  (BTree.java [printStatistics]:2609) - dom.dbx INDEX Buffers occupation : 45% (29 out of 64) Cache efficiency : 79% 
2022-01-13 06:16:34,573 [db.exist.scheduler.quartz-worker-4] INFO  (DOMFile.java [printStatistics]:1399) - dom.dbx DATA Buffers occupation : 100% (255 out of 256) Cache efficiency : 99% 
2022-01-13 06:16:34,573 [db.exist.scheduler.quartz-worker-4] INFO  (BTree.java [printStatistics]:2609) - collections.dbx INDEX Buffers occupation : 11% (7 out of 64) Cache efficiency : 99% 
2022-01-13 06:16:34,574 [db.exist.scheduler.quartz-worker-4] INFO  (BFile.java [printStatistics]:408) - collections.dbx DATA Buffers occupation : 30% (19 out of 64) Cache efficiency : 100% 
2022-01-13 06:16:34,575 [db.exist.scheduler.quartz-worker-4] INFO  (BTree.java [printStatistics]:2609) - values.dbx INDEX Buffers occupation : 2% (1 out of 64) Cache efficiency : N/A 
2022-01-13 06:16:34,575 [db.exist.scheduler.quartz-worker-4] INFO  (BFile.java [printStatistics]:408) - values.dbx DATA Buffers occupation : 0% (0 out of 64) Cache efficiency : N/A 
2022-01-13 06:26:47,069 [db.exist.scheduler.quartz-worker-4] INFO  (NativeBroker.java [sync]:3557) - Memory: 270,336K total; 4,071,424K max; 109,921K free 
2022-01-13 06:26:47,070 [db.exist.scheduler.quartz-worker-4] INFO  (BTree.java [printStatistics]:2609) - dom.dbx INDEX Buffers occupation : 45% (29 out of 64) Cache efficiency : 79% 
2022-01-13 06:26:47,072 [db.exist.scheduler.quartz-worker-4] INFO  (DOMFile.java [printStatistics]:1399) - dom.dbx DATA Buffers occupation : 100% (255 out of 256) Cache efficiency : 99% 
2022-01-13 06:26:47,073 [db.exist.scheduler.quartz-worker-4] INFO  (BTree.java [printStatistics]:2609) - collections.dbx INDEX Buffers occupation : 11% (7 out of 64) Cache efficiency : 99% 
2022-01-13 06:26:47,073 [db.exist.scheduler.quartz-worker-4] INFO  (BFile.java [printStatistics]:408) - collections.dbx DATA Buffers occupation : 30% (19 out of 64) Cache efficiency : 100% 
2022-01-13 06:26:47,074 [db.exist.scheduler.quartz-worker-4] INFO  (BTree.java [printStatistics]:2609) - values.dbx INDEX Buffers occupation : 2% (1 out of 64) Cache efficiency : N/A 
2022-01-13 06:26:47,075 [db.exist.scheduler.quartz-worker-4] INFO  (BFile.java [printStatistics]:408) - values.dbx DATA Buffers occupation : 0% (0 out of 64) Cache efficiency : N/A 
2022-01-13 06:36:59,567 [db.exist.scheduler.quartz-worker-1] INFO  (NativeBroker.java [sync]:3557) - Memory: 270,336K total; 4,071,424K max; 97,303K free 
2022-01-13 06:36:59,568 [db.exist.scheduler.quartz-worker-1] INFO  (BTree.java [printStatistics]:2609) - dom.dbx INDEX Buffers occupation : 45% (29 out of 64) Cache efficiency : 79% 
2022-01-13 06:36:59,568 [db.exist.scheduler.quartz-worker-1] INFO  (DOMFile.java [printStatistics]:1399) - dom.dbx DATA Buffers occupation : 100% (255 out of 256) Cache efficiency : 99% 
2022-01-13 06:36:59,569 [db.exist.scheduler.quartz-worker-1] INFO  (BTree.java [printStatistics]:2609) - collections.dbx INDEX Buffers occupation : 11% (7 out of 64) Cache efficiency : 99% 
2022-01-13 06:36:59,569 [db.exist.scheduler.quartz-worker-1] INFO  (BFile.java [printStatistics]:408) - collections.dbx DATA Buffers occupation : 30% (19 out of 64) Cache efficiency : 100% 
2022-01-13 06:36:59,570 [db.exist.scheduler.quartz-worker-1] INFO  (BTree.java [printStatistics]:2609) - values.dbx INDEX Buffers occupation : 2% (1 out of 64) Cache efficiency : N/A 
2022-01-13 06:36:59,570 [db.exist.scheduler.quartz-worker-1] INFO  (BFile.java [printStatistics]:408) - values.dbx DATA Buffers occupation : 0% (0 out of 64) Cache efficiency : N/A 
2022-01-13 10:22:07,455 [localhost-startStop-1] INFO  (NativeBroker.java [sync]:3557) - Memory: 225,280K total; 4,071,424K max; 135,958K free 
2022-01-13 10:22:07,475 [localhost-startStop-1] INFO  (BTree.java [printStatistics]:2609) - dom.dbx INDEX Buffers occupation : 9% (6 out of 64) Cache efficiency : 100% 
2022-01-13 10:22:07,476 [localhost-startStop-1] INFO  (DOMFile.java [printStatistics]:1399) - dom.dbx DATA Buffers occupation : 5% (13 out of 256) Cache efficiency : 99% 
2022-01-13 10:22:07,476 [localhost-startStop-1] INFO  (BTree.java [printStatistics]:2609) - collections.dbx INDEX Buffers occupation : 8% (5 out of 64) Cache efficiency : 99% 
2022-01-13 10:22:07,477 [localhost-startStop-1] INFO  (BFile.java [printStatistics]:408) - collections.dbx DATA Buffers occupation : 6% (4 out of 64) Cache efficiency : 96% 
2022-01-13 10:22:07,478 [localhost-startStop-1] INFO  (BTree.java [printStatistics]:2609) - values.dbx INDEX Buffers occupation : 0% (0 out of 64) Cache efficiency : N/A 
2022-01-13 10:22:07,479 [localhost-startStop-1] INFO  (BFile.java [printStatistics]:408) - values.dbx DATA Buffers occupation : 0% (0 out of 64) Cache efficiency : N/A 
2022-01-13 10:24:09,489 [db.exist.scheduler.quartz-worker-1] INFO  (NativeBroker.java [sync]:3557) - Memory: 225,280K total; 4,071,424K max; 116,768K free 
2022-01-13 10:24:09,490 [db.exist.scheduler.quartz-worker-1] INFO  (BTree.java [printStatistics]:2609) - dom.dbx INDEX Buffers occupation : 9% (6 out of 64) Cache efficiency : 100% 
2022-01-13 10:24:09,491 [db.exist.scheduler.quartz-worker-1] INFO  (DOMFile.java [printStatistics]:1399) - dom.dbx DATA Buffers occupation : 9% (24 out of 256) Cache efficiency : 99% 
2022-01-13 10:24:09,492 [db.exist.scheduler.quartz-worker-1] INFO  (BTree.java [printStatistics]:2609) - collections.dbx INDEX Buffers occupation : 11% (7 out of 64) Cache efficiency : 99% 
2022-01-13 10:24:09,493 [db.exist.scheduler.quartz-worker-1] INFO  (BFile.java [printStatistics]:408) - collections.dbx DATA Buffers occupation : 30% (19 out of 64) Cache efficiency : 98% 
2022-01-13 10:24:09,494 [db.exist.scheduler.quartz-worker-1] INFO  (BTree.java [printStatistics]:2609) - values.dbx INDEX Buffers occupation : 0% (0 out of 64) Cache efficiency : N/A 
2022-01-13 10:24:09,495 [db.exist.scheduler.quartz-worker-1] INFO  (BFile.java [printStatistics]:408) - values.dbx DATA Buffers occupation : 0% (0 out of 64) Cache efficiency : N/A 
2022-01-13 10:34:21,988 [db.exist.scheduler.quartz-worker-4] INFO  (NativeBroker.java [sync]:3557) - Memory: 225,280K total; 4,071,424K max; 125,848K free 
2022-01-13 10:34:21,989 [db.exist.scheduler.quartz-worker-4] INFO  (BTree.java [printStatistics]:2609) - dom.dbx INDEX Buffers occupation : 9% (6 out of 64) Cache efficiency : 100% 
2022-01-13 10:34:21,989 [db.exist.scheduler.quartz-worker-4] INFO  (DOMFile.java [printStatistics]:1399) - dom.dbx DATA Buffers occupation : 9% (24 out of 256) Cache efficiency : 99% 
2022-01-13 10:34:21,989 [db.exist.scheduler.quartz-worker-4] INFO  (BTree.java [printStatistics]:2609) - collections.dbx INDEX Buffers occupation : 11% (7 out of 64) Cache efficiency : 99% 
2022-01-13 10:34:21,990 [db.exist.scheduler.quartz-worker-4] INFO  (BFile.java [printStatistics]:408) - collections.dbx DATA Buffers occupation : 30% (19 out of 64) Cache efficiency : 98% 
2022-01-13 10:34:21,990 [db.exist.scheduler.quartz-worker-4] INFO  (BTree.java [printStatistics]:2609) - values.dbx INDEX Buffers occupation : 0% (0 out of 64) Cache efficiency : N/A 
2022-01-13 10:34:21,990 [db.exist.scheduler.quartz-worker-4] INFO  (BFile.java [printStatistics]:408) - values.dbx DATA Buffers occupation : 0% (0 out of 64) Cache efficiency : N/A 
2022-01-13 10:44:34,490 [db.exist.scheduler.quartz-worker-2] INFO  (NativeBroker.java [sync]:3557) - Memory: 225,280K total; 4,071,424K max; 111,931K free 
2022-01-13 10:44:34,491 [db.exist.scheduler.quartz-worker-2] INFO  (BTree.java [printStatistics]:2609) - dom.dbx INDEX Buffers occupation : 9% (6 out of 64) Cache efficiency : 100% 
2022-01-13 10:44:34,493 [db.exist.scheduler.quartz-worker-2] INFO  (DOMFile.java [printStatistics]:1399) - dom.dbx DATA Buffers occupation : 9% (24 out of 256) Cache efficiency : 99% 
2022-01-13 10:44:34,494 [db.exist.scheduler.quartz-worker-2] INFO  (BTree.java [printStatistics]:2609) - collections.dbx INDEX Buffers occupation : 11% (7 out of 64) Cache efficiency : 99% 
2022-01-13 10:44:34,494 [db.exist.scheduler.quartz-worker-2] INFO  (BFile.java [printStatistics]:408) - collections.dbx DATA Buffers occupation : 30% (19 out of 64) Cache efficiency : 98% 
2022-01-13 10:44:34,495 [db.exist.scheduler.quartz-worker-2] INFO  (BTree.java [printStatistics]:2609) - values.dbx INDEX Buffers occupation : 0% (0 out of 64) Cache efficiency : N/A 
2022-01-13 10:44:34,496 [db.exist.scheduler.quartz-worker-2] INFO  (BFile.java [printStatistics]:408) - values.dbx DATA Buffers occupation : 0% (0 out of 64) Cache efficiency : N/A 
2022-01-13 10:54:46,987 [db.exist.scheduler.quartz-worker-3] INFO  (NativeBroker.java [sync]:3557) - Memory: 225,280K total; 4,071,424K max; 99,190K free 
2022-01-13 10:54:46,988 [db.exist.scheduler.quartz-worker-3] INFO  (BTree.java [printStatistics]:2609) - dom.dbx INDEX Buffers occupation : 9% (6 out of 64) Cache efficiency : 100% 
2022-01-13 10:54:46,988 [db.exist.scheduler.quartz-worker-3] INFO  (DOMFile.java [printStatistics]:1399) - dom.dbx DATA Buffers occupation : 9% (24 out of 256) Cache efficiency : 99% 
2022-01-13 10:54:46,988 [db.exist.scheduler.quartz-worker-3] INFO  (BTree.java [printStatistics]:2609) - collections.dbx INDEX Buffers occupation : 11% (7 out of 64) Cache efficiency : 99% 
2022-01-13 10:54:46,989 [db.exist.scheduler.quartz-worker-3] INFO  (BFile.java [printStatistics]:408) - collections.dbx DATA Buffers occupation : 30% (19 out of 64) Cache efficiency : 98% 
2022-01-13 10:54:46,989 [db.exist.scheduler.quartz-worker-3] INFO  (BTree.java [printStatistics]:2609) - values.dbx INDEX Buffers occupation : 0% (0 out of 64) Cache efficiency : N/A 
2022-01-13 10:54:46,989 [db.exist.scheduler.quartz-worker-3] INFO  (BFile.java [printStatistics]:408) - values.dbx DATA Buffers occupation : 0% (0 out of 64) Cache efficiency : N/A 
2022-01-13 11:04:59,489 [db.exist.scheduler.quartz-worker-3] INFO  (NativeBroker.java [sync]:3557) - Memory: 225,280K total; 4,071,424K max; 87,467K free 
2022-01-13 11:04:59,491 [db.exist.scheduler.quartz-worker-3] INFO  (BTree.java [printStatistics]:2609) - dom.dbx INDEX Buffers occupation : 9% (6 out of 64) Cache efficiency : 100% 
2022-01-13 11:04:59,492 [db.exist.scheduler.quartz-worker-3] INFO  (DOMFile.java [printStatistics]:1399) - dom.dbx DATA Buffers occupation : 9% (24 out of 256) Cache efficiency : 99% 
2022-01-13 11:04:59,492 [db.exist.scheduler.quartz-worker-3] INFO  (BTree.java [printStatistics]:2609) - collections.dbx INDEX Buffers occupation : 11% (7 out of 64) Cache efficiency : 99% 
2022-01-13 11:04:59,493 [db.exist.scheduler.quartz-worker-3] INFO  (BFile.java [printStatistics]:408) - collections.dbx DATA Buffers occupation : 30% (19 out of 64) Cache efficiency : 98% 
2022-01-13 11:04:59,494 [db.exist.scheduler.quartz-worker-3] INFO  (BTree.java [printStatistics]:2609) - values.dbx INDEX Buffers occupation : 0% (0 out of 64) Cache efficiency : N/A 
2022-01-13 11:04:59,494 [db.exist.scheduler.quartz-worker-3] INFO  (BFile.java [printStatistics]:408) - values.dbx DATA Buffers occupation : 0% (0 out of 64) Cache efficiency : N/A 
2022-01-13 11:15:11,989 [db.exist.scheduler.quartz-worker-1] INFO  (NativeBroker.java [sync]:3557) - Memory: 225,280K total; 4,071,424K max; 75,060K free 
2022-01-13 11:15:11,990 [db.exist.scheduler.quartz-worker-1] INFO  (BTree.java [printStatistics]:2609) - dom.dbx INDEX Buffers occupation : 9% (6 out of 64) Cache efficiency : 100% 
2022-01-13 11:15:11,991 [db.exist.scheduler.quartz-worker-1] INFO  (DOMFile.java [printStatistics]:1399) - dom.dbx DATA Buffers occupation : 9% (24 out of 256) Cache efficiency : 99% 
2022-01-13 11:15:11,992 [db.exist.scheduler.quartz-worker-1] INFO  (BTree.java [printStatistics]:2609) - collections.dbx INDEX Buffers occupation : 11% (7 out of 64) Cache efficiency : 99% 
2022-01-13 11:15:11,993 [db.exist.scheduler.quartz-worker-1] INFO  (BFile.java [printStatistics]:408) - collections.dbx DATA Buffers occupation : 30% (19 out of 64) Cache efficiency : 98% 
2022-01-13 11:15:11,994 [db.exist.scheduler.quartz-worker-1] INFO  (BTree.java [printStatistics]:2609) - values.dbx INDEX Buffers occupation : 0% (0 out of 64) Cache efficiency : N/A 
2022-01-13 11:15:11,994 [db.exist.scheduler.quartz-worker-1] INFO  (BFile.java [printStatistics]:408) - values.dbx DATA Buffers occupation : 0% (0 out of 64) Cache efficiency : N/A 
2022-01-13 11:25:24,490 [db.exist.scheduler.quartz-worker-2] INFO  (NativeBroker.java [sync]:3557) - Memory: 225,280K total; 4,071,424K max; 62,096K free 
2022-01-13 11:25:24,491 [db.exist.scheduler.quartz-worker-2] INFO  (BTree.java [printStatistics]:2609) - dom.dbx INDEX Buffers occupation : 9% (6 out of 64) Cache efficiency : 100% 
2022-01-13 11:25:24,492 [db.exist.scheduler.quartz-worker-2] INFO  (DOMFile.java [printStatistics]:1399) - dom.dbx DATA Buffers occupation : 9% (24 out of 256) Cache efficiency : 99% 
2022-01-13 11:25:24,493 [db.exist.scheduler.quartz-worker-2] INFO  (BTree.java [printStatistics]:2609) - collections.dbx INDEX Buffers occupation : 11% (7 out of 64) Cache efficiency : 99% 
2022-01-13 11:25:24,493 [db.exist.scheduler.quartz-worker-2] INFO  (BFile.java [printStatistics]:408) - collections.dbx DATA Buffers occupation : 30% (19 out of 64) Cache efficiency : 98% 
2022-01-13 11:25:24,493 [db.exist.scheduler.quartz-worker-2] INFO  (BTree.java [printStatistics]:2609) - values.dbx INDEX Buffers occupation : 0% (0 out of 64) Cache efficiency : N/A 
2022-01-13 11:25:24,494 [db.exist.scheduler.quartz-worker-2] INFO  (BFile.java [printStatistics]:408) - values.dbx DATA Buffers occupation : 0% (0 out of 64) Cache efficiency : N/A 
2022-01-13 11:35:36,989 [db.exist.scheduler.quartz-worker-2] INFO  (NativeBroker.java [sync]:3557) - Memory: 225,280K total; 4,071,424K max; 50,067K free 
2022-01-13 11:35:36,990 [db.exist.scheduler.quartz-worker-2] INFO  (BTree.java [printStatistics]:2609) - dom.dbx INDEX Buffers occupation : 9% (6 out of 64) Cache efficiency : 100% 
2022-01-13 11:35:36,991 [db.exist.scheduler.quartz-worker-2] INFO  (DOMFile.java [printStatistics]:1399) - dom.dbx DATA Buffers occupation : 9% (24 out of 256) Cache efficiency : 99% 
2022-01-13 11:35:36,992 [db.exist.scheduler.quartz-worker-2] INFO  (BTree.java [printStatistics]:2609) - collections.dbx INDEX Buffers occupation : 11% (7 out of 64) Cache efficiency : 99% 
2022-01-13 11:35:36,993 [db.exist.scheduler.quartz-worker-2] INFO  (BFile.java [printStatistics]:408) - collections.dbx DATA Buffers occupation : 30% (19 out of 64) Cache efficiency : 98% 
2022-01-13 11:35:36,993 [db.exist.scheduler.quartz-worker-2] INFO  (BTree.java [printStatistics]:2609) - values.dbx INDEX Buffers occupation : 0% (0 out of 64) Cache efficiency : N/A 
2022-01-13 11:35:36,993 [db.exist.scheduler.quartz-worker-2] INFO  (BFile.java [printStatistics]:408) - values.dbx DATA Buffers occupation : 0% (0 out of 64) Cache efficiency : N/A 
2022-01-13 11:45:49,489 [db.exist.scheduler.quartz-worker-4] INFO  (NativeBroker.java [sync]:3557) - Memory: 225,280K total; 4,071,424K max; 126,837K free 
2022-01-13 11:45:49,490 [db.exist.scheduler.quartz-worker-4] INFO  (BTree.java [printStatistics]:2609) - dom.dbx INDEX Buffers occupation : 9% (6 out of 64) Cache efficiency : 100% 
2022-01-13 11:45:49,491 [db.exist.scheduler.quartz-worker-4] INFO  (DOMFile.java [printStatistics]:1399) - dom.dbx DATA Buffers occupation : 9% (24 out of 256) Cache efficiency : 99% 
2022-01-13 11:45:49,492 [db.exist.scheduler.quartz-worker-4] INFO  (BTree.java [printStatistics]:2609) - collections.dbx INDEX Buffers occupation : 11% (7 out of 64) Cache efficiency : 99% 
2022-01-13 11:45:49,492 [db.exist.scheduler.quartz-worker-4] INFO  (BFile.java [printStatistics]:408) - collections.dbx DATA Buffers occupation : 30% (19 out of 64) Cache efficiency : 98% 
2022-01-13 11:45:49,492 [db.exist.scheduler.quartz-worker-4] INFO  (BTree.java [printStatistics]:2609) - values.dbx INDEX Buffers occupation : 0% (0 out of 64) Cache efficiency : N/A 
2022-01-13 11:45:49,493 [db.exist.scheduler.quartz-worker-4] INFO  (BFile.java [printStatistics]:408) - values.dbx DATA Buffers occupation : 0% (0 out of 64) Cache efficiency : N/A 
2022-01-13 11:53:09,882 [localhost-startStop-1] INFO  (NativeBroker.java [sync]:3557) - Memory: 225,280K total; 4,071,424K max; 137,054K free 
2022-01-13 11:53:09,883 [localhost-startStop-1] INFO  (BTree.java [printStatistics]:2609) - dom.dbx INDEX Buffers occupation : 9% (6 out of 64) Cache efficiency : 100% 
2022-01-13 11:53:09,883 [localhost-startStop-1] INFO  (DOMFile.java [printStatistics]:1399) - dom.dbx DATA Buffers occupation : 5% (13 out of 256) Cache efficiency : 99% 
2022-01-13 11:53:09,884 [localhost-startStop-1] INFO  (BTree.java [printStatistics]:2609) - collections.dbx INDEX Buffers occupation : 8% (5 out of 64) Cache efficiency : 99% 
2022-01-13 11:53:09,885 [localhost-startStop-1] INFO  (BFile.java [printStatistics]:408) - collections.dbx DATA Buffers occupation : 6% (4 out of 64) Cache efficiency : 96% 
2022-01-13 11:53:09,885 [localhost-startStop-1] INFO  (BTree.java [printStatistics]:2609) - values.dbx INDEX Buffers occupation : 0% (0 out of 64) Cache efficiency : N/A 
2022-01-13 11:53:09,886 [localhost-startStop-1] INFO  (BFile.java [printStatistics]:408) - values.dbx DATA Buffers occupation : 0% (0 out of 64) Cache efficiency : N/A 
2022-01-13 11:55:12,057 [db.exist.scheduler.quartz-worker-4] INFO  (NativeBroker.java [sync]:3557) - Memory: 321,536K total; 4,071,424K max; 111,227K free 
2022-01-13 11:55:12,058 [db.exist.scheduler.quartz-worker-4] INFO  (BTree.java [printStatistics]:2609) - dom.dbx INDEX Buffers occupation : 9% (6 out of 64) Cache efficiency : 100% 
2022-01-13 11:55:12,059 [db.exist.scheduler.quartz-worker-4] INFO  (DOMFile.java [printStatistics]:1399) - dom.dbx DATA Buffers occupation : 9% (24 out of 256) Cache efficiency : 99% 
2022-01-13 11:55:12,060 [db.exist.scheduler.quartz-worker-4] INFO  (BTree.java [printStatistics]:2609) - collections.dbx INDEX Buffers occupation : 11% (7 out of 64) Cache efficiency : 99% 
2022-01-13 11:55:12,060 [db.exist.scheduler.quartz-worker-4] INFO  (BFile.java [printStatistics]:408) - collections.dbx DATA Buffers occupation : 30% (19 out of 64) Cache efficiency : 98% 
2022-01-13 11:55:12,061 [db.exist.scheduler.quartz-worker-4] INFO  (BTree.java [printStatistics]:2609) - values.dbx INDEX Buffers occupation : 0% (0 out of 64) Cache efficiency : N/A 
2022-01-13 11:55:12,061 [db.exist.scheduler.quartz-worker-4] INFO  (BFile.java [printStatistics]:408) - values.dbx DATA Buffers occupation : 0% (0 out of 64) Cache efficiency : N/A 
2022-01-13 12:05:24,558 [db.exist.scheduler.quartz-worker-2] INFO  (NativeBroker.java [sync]:3557) - Memory: 321,536K total; 4,071,424K max; 231,254K free 
2022-01-13 12:05:24,559 [db.exist.scheduler.quartz-worker-2] INFO  (BTree.java [printStatistics]:2609) - dom.dbx INDEX Buffers occupation : 9% (6 out of 64) Cache efficiency : 100% 
2022-01-13 12:05:24,560 [db.exist.scheduler.quartz-worker-2] INFO  (DOMFile.java [printStatistics]:1399) - dom.dbx DATA Buffers occupation : 9% (24 out of 256) Cache efficiency : 99% 
2022-01-13 12:05:24,560 [db.exist.scheduler.quartz-worker-2] INFO  (BTree.java [printStatistics]:2609) - collections.dbx INDEX Buffers occupation : 11% (7 out of 64) Cache efficiency : 99% 
2022-01-13 12:05:24,561 [db.exist.scheduler.quartz-worker-2] INFO  (BFile.java [printStatistics]:408) - collections.dbx DATA Buffers occupation : 30% (19 out of 64) Cache efficiency : 98% 
2022-01-13 12:05:24,561 [db.exist.scheduler.quartz-worker-2] INFO  (BTree.java [printStatistics]:2609) - values.dbx INDEX Buffers occupation : 0% (0 out of 64) Cache efficiency : N/A 
2022-01-13 12:05:24,562 [db.exist.scheduler.quartz-worker-2] INFO  (BFile.java [printStatistics]:408) - values.dbx DATA Buffers occupation : 0% (0 out of 64) Cache efficiency : N/A 
2022-01-13 12:15:37,055 [db.exist.scheduler.quartz-worker-1] INFO  (NativeBroker.java [sync]:3557) - Memory: 321,536K total; 4,071,424K max; 218,454K free 
2022-01-13 12:15:37,055 [db.exist.scheduler.quartz-worker-1] INFO  (BTree.java [printStatistics]:2609) - dom.dbx INDEX Buffers occupation : 9% (6 out of 64) Cache efficiency : 100% 
2022-01-13 12:15:37,056 [db.exist.scheduler.quartz-worker-1] INFO  (DOMFile.java [printStatistics]:1399) - dom.dbx DATA Buffers occupation : 9% (24 out of 256) Cache efficiency : 99% 
2022-01-13 12:15:37,056 [db.exist.scheduler.quartz-worker-1] INFO  (BTree.java [printStatistics]:2609) - collections.dbx INDEX Buffers occupation : 11% (7 out of 64) Cache efficiency : 99% 
2022-01-13 12:15:37,056 [db.exist.scheduler.quartz-worker-1] INFO  (BFile.java [printStatistics]:408) - collections.dbx DATA Buffers occupation : 30% (19 out of 64) Cache efficiency : 98% 
2022-01-13 12:15:37,057 [db.exist.scheduler.quartz-worker-1] INFO  (BTree.java [printStatistics]:2609) - values.dbx INDEX Buffers occupation : 0% (0 out of 64) Cache efficiency : N/A 
2022-01-13 12:15:37,057 [db.exist.scheduler.quartz-worker-1] INFO  (BFile.java [printStatistics]:408) - values.dbx DATA Buffers occupation : 0% (0 out of 64) Cache efficiency : N/A 
2022-01-13 12:25:49,555 [db.exist.scheduler.quartz-worker-3] INFO  (NativeBroker.java [sync]:3557) - Memory: 321,536K total; 4,071,424K max; 206,153K free 
2022-01-13 12:25:49,556 [db.exist.scheduler.quartz-worker-3] INFO  (BTree.java [printStatistics]:2609) - dom.dbx INDEX Buffers occupation : 9% (6 out of 64) Cache efficiency : 100% 
2022-01-13 12:25:49,556 [db.exist.scheduler.quartz-worker-3] INFO  (DOMFile.java [printStatistics]:1399) - dom.dbx DATA Buffers occupation : 9% (24 out of 256) Cache efficiency : 99% 
2022-01-13 12:25:49,556 [db.exist.scheduler.quartz-worker-3] INFO  (BTree.java [printStatistics]:2609) - collections.dbx INDEX Buffers occupation : 11% (7 out of 64) Cache efficiency : 99% 
2022-01-13 12:25:49,556 [db.exist.scheduler.quartz-worker-3] INFO  (BFile.java [printStatistics]:408) - collections.dbx DATA Buffers occupation : 30% (19 out of 64) Cache efficiency : 98% 
2022-01-13 12:25:49,557 [db.exist.scheduler.quartz-worker-3] INFO  (BTree.java [printStatistics]:2609) - values.dbx INDEX Buffers occupation : 0% (0 out of 64) Cache efficiency : N/A 
2022-01-13 12:25:49,557 [db.exist.scheduler.quartz-worker-3] INFO  (BFile.java [printStatistics]:408) - values.dbx DATA Buffers occupation : 0% (0 out of 64) Cache efficiency : N/A 
2022-01-13 12:36:02,056 [db.exist.scheduler.quartz-worker-3] INFO  (NativeBroker.java [sync]:3557) - Memory: 321,536K total; 4,071,424K max; 193,594K free 
2022-01-13 12:36:02,057 [db.exist.scheduler.quartz-worker-3] INFO  (BTree.java [printStatistics]:2609) - dom.dbx INDEX Buffers occupation : 9% (6 out of 64) Cache efficiency : 100% 
2022-01-13 12:36:02,057 [db.exist.scheduler.quartz-worker-3] INFO  (DOMFile.java [printStatistics]:1399) - dom.dbx DATA Buffers occupation : 9% (24 out of 256) Cache efficiency : 99% 
2022-01-13 12:36:02,058 [db.exist.scheduler.quartz-worker-3] INFO  (BTree.java [printStatistics]:2609) - collections.dbx INDEX Buffers occupation : 11% (7 out of 64) Cache efficiency : 99% 
2022-01-13 12:36:02,059 [db.exist.scheduler.quartz-worker-3] INFO  (BFile.java [printStatistics]:408) - collections.dbx DATA Buffers occupation : 30% (19 out of 64) Cache efficiency : 98% 
2022-01-13 12:36:02,059 [db.exist.scheduler.quartz-worker-3] INFO  (BTree.java [printStatistics]:2609) - values.dbx INDEX Buffers occupation : 0% (0 out of 64) Cache efficiency : N/A 
2022-01-13 12:36:02,060 [db.exist.scheduler.quartz-worker-3] INFO  (BFile.java [printStatistics]:408) - values.dbx DATA Buffers occupation : 0% (0 out of 64) Cache efficiency : N/A 
2022-01-13 12:46:14,613 [db.exist.scheduler.quartz-worker-1] INFO  (NativeBroker.java [sync]:3557) - Memory: 321,536K total; 4,071,424K max; 121,808K free 
2022-01-13 12:46:14,613 [db.exist.scheduler.quartz-worker-1] INFO  (BTree.java [printStatistics]:2609) - dom.dbx INDEX Buffers occupation : 9% (6 out of 64) Cache efficiency : 100% 
2022-01-13 12:46:14,613 [db.exist.scheduler.quartz-worker-1] INFO  (DOMFile.java [printStatistics]:1399) - dom.dbx DATA Buffers occupation : 9% (24 out of 256) Cache efficiency : 99% 
2022-01-13 12:46:14,614 [db.exist.scheduler.quartz-worker-1] INFO  (BTree.java [printStatistics]:2609) - collections.dbx INDEX Buffers occupation : 11% (7 out of 64) Cache efficiency : 99% 
2022-01-13 12:46:14,614 [db.exist.scheduler.quartz-worker-1] INFO  (BFile.java [printStatistics]:408) - collections.dbx DATA Buffers occupation : 30% (19 out of 64) Cache efficiency : 98% 
2022-01-13 12:46:14,614 [db.exist.scheduler.quartz-worker-1] INFO  (BTree.java [printStatistics]:2609) - values.dbx INDEX Buffers occupation : 0% (0 out of 64) Cache efficiency : N/A 
2022-01-13 12:46:14,615 [db.exist.scheduler.quartz-worker-1] INFO  (BFile.java [printStatistics]:408) - values.dbx DATA Buffers occupation : 0% (0 out of 64) Cache efficiency : N/A 
2022-01-13 12:56:27,056 [db.exist.scheduler.quartz-worker-4] INFO  (NativeBroker.java [sync]:3557) - Memory: 321,536K total; 4,071,424K max; 185,426K free 
2022-01-13 12:56:27,057 [db.exist.scheduler.quartz-worker-4] INFO  (BTree.java [printStatistics]:2609) - dom.dbx INDEX Buffers occupation : 9% (6 out of 64) Cache efficiency : 100% 
2022-01-13 12:56:27,057 [db.exist.scheduler.quartz-worker-4] INFO  (DOMFile.java [printStatistics]:1399) - dom.dbx DATA Buffers occupation : 20% (50 out of 256) Cache efficiency : 99% 
2022-01-13 12:56:27,058 [db.exist.scheduler.quartz-worker-4] INFO  (BTree.java [printStatistics]:2609) - collections.dbx INDEX Buffers occupation : 11% (7 out of 64) Cache efficiency : 99% 
2022-01-13 12:56:27,058 [db.exist.scheduler.quartz-worker-4] INFO  (BFile.java [printStatistics]:408) - collections.dbx DATA Buffers occupation : 30% (19 out of 64) Cache efficiency : 98% 
2022-01-13 12:56:27,059 [db.exist.scheduler.quartz-worker-4] INFO  (BTree.java [printStatistics]:2609) - values.dbx INDEX Buffers occupation : 0% (0 out of 64) Cache efficiency : N/A 
2022-01-13 12:56:27,059 [db.exist.scheduler.quartz-worker-4] INFO  (BFile.java [printStatistics]:408) - values.dbx DATA Buffers occupation : 0% (0 out of 64) Cache efficiency : N/A 
2022-01-13 13:06:39,557 [db.exist.scheduler.quartz-worker-3] INFO  (NativeBroker.java [sync]:3557) - Memory: 321,536K total; 4,071,424K max; 158,439K free 
2022-01-13 13:06:39,558 [db.exist.scheduler.quartz-worker-3] INFO  (BTree.java [printStatistics]:2609) - dom.dbx INDEX Buffers occupation : 9% (6 out of 64) Cache efficiency : 100% 
2022-01-13 13:06:39,558 [db.exist.scheduler.quartz-worker-3] INFO  (DOMFile.java [printStatistics]:1399) - dom.dbx DATA Buffers occupation : 20% (50 out of 256) Cache efficiency : 99% 
2022-01-13 13:06:39,558 [db.exist.scheduler.quartz-worker-3] INFO  (BTree.java [printStatistics]:2609) - collections.dbx INDEX Buffers occupation : 11% (7 out of 64) Cache efficiency : 99% 
2022-01-13 13:06:39,559 [db.exist.scheduler.quartz-worker-3] INFO  (BFile.java [printStatistics]:408) - collections.dbx DATA Buffers occupation : 30% (19 out of 64) Cache efficiency : 98% 
2022-01-13 13:06:39,559 [db.exist.scheduler.quartz-worker-3] INFO  (BTree.java [printStatistics]:2609) - values.dbx INDEX Buffers occupation : 0% (0 out of 64) Cache efficiency : N/A 
2022-01-13 13:06:39,559 [db.exist.scheduler.quartz-worker-3] INFO  (BFile.java [printStatistics]:408) - values.dbx DATA Buffers occupation : 0% (0 out of 64) Cache efficiency : N/A 
2022-01-13 13:16:52,055 [db.exist.scheduler.quartz-worker-2] INFO  (NativeBroker.java [sync]:3557) - Memory: 321,536K total; 4,071,424K max; 124,925K free 
2022-01-13 13:16:52,056 [db.exist.scheduler.quartz-worker-2] INFO  (BTree.java [printStatistics]:2609) - dom.dbx INDEX Buffers occupation : 9% (6 out of 64) Cache efficiency : 100% 
2022-01-13 13:16:52,056 [db.exist.scheduler.quartz-worker-2] INFO  (DOMFile.java [printStatistics]:1399) - dom.dbx DATA Buffers occupation : 20% (50 out of 256) Cache efficiency : 99% 
2022-01-13 13:16:52,057 [db.exist.scheduler.quartz-worker-2] INFO  (BTree.java [printStatistics]:2609) - collections.dbx INDEX Buffers occupation : 11% (7 out of 64) Cache efficiency : 99% 
2022-01-13 13:16:52,057 [db.exist.scheduler.quartz-worker-2] INFO  (BFile.java [printStatistics]:408) - collections.dbx DATA Buffers occupation : 30% (19 out of 64) Cache efficiency : 98% 
2022-01-13 13:16:52,057 [db.exist.scheduler.quartz-worker-2] INFO  (BTree.java [printStatistics]:2609) - values.dbx INDEX Buffers occupation : 0% (0 out of 64) Cache efficiency : N/A 
2022-01-13 13:16:52,058 [db.exist.scheduler.quartz-worker-2] INFO  (BFile.java [printStatistics]:408) - values.dbx DATA Buffers occupation : 0% (0 out of 64) Cache efficiency : N/A 
2022-01-13 13:27:04,557 [db.exist.scheduler.quartz-worker-4] INFO  (NativeBroker.java [sync]:3557) - Memory: 321,536K total; 4,071,424K max; 112,137K free 
2022-01-13 13:27:04,558 [db.exist.scheduler.quartz-worker-4] INFO  (BTree.java [printStatistics]:2609) - dom.dbx INDEX Buffers occupation : 9% (6 out of 64) Cache efficiency : 100% 
2022-01-13 13:27:04,558 [db.exist.scheduler.quartz-worker-4] INFO  (DOMFile.java [printStatistics]:1399) - dom.dbx DATA Buffers occupation : 20% (50 out of 256) Cache efficiency : 99% 
2022-01-13 13:27:04,559 [db.exist.scheduler.quartz-worker-4] INFO  (BTree.java [printStatistics]:2609) - collections.dbx INDEX Buffers occupation : 11% (7 out of 64) Cache efficiency : 99% 
2022-01-13 13:27:04,559 [db.exist.scheduler.quartz-worker-4] INFO  (BFile.java [printStatistics]:408) - collections.dbx DATA Buffers occupation : 30% (19 out of 64) Cache efficiency : 98% 
2022-01-13 13:27:04,560 [db.exist.scheduler.quartz-worker-4] INFO  (BTree.java [printStatistics]:2609) - values.dbx INDEX Buffers occupation : 0% (0 out of 64) Cache efficiency : N/A 
2022-01-13 13:27:04,560 [db.exist.scheduler.quartz-worker-4] INFO  (BFile.java [printStatistics]:408) - values.dbx DATA Buffers occupation : 0% (0 out of 64) Cache efficiency : N/A 
2022-01-13 13:37:17,056 [db.exist.scheduler.quartz-worker-1] INFO  (NativeBroker.java [sync]:3557) - Memory: 321,536K total; 4,071,424K max; 99,395K free 
2022-01-13 13:37:17,057 [db.exist.scheduler.quartz-worker-1] INFO  (BTree.java [printStatistics]:2609) - dom.dbx INDEX Buffers occupation : 9% (6 out of 64) Cache efficiency : 100% 
2022-01-13 13:37:17,057 [db.exist.scheduler.quartz-worker-1] INFO  (DOMFile.java [printStatistics]:1399) - dom.dbx DATA Buffers occupation : 20% (50 out of 256) Cache efficiency : 99% 
2022-01-13 13:37:17,058 [db.exist.scheduler.quartz-worker-1] INFO  (BTree.java [printStatistics]:2609) - collections.dbx INDEX Buffers occupation : 11% (7 out of 64) Cache efficiency : 99% 
2022-01-13 13:37:17,058 [db.exist.scheduler.quartz-worker-1] INFO  (BFile.java [printStatistics]:408) - collections.dbx DATA Buffers occupation : 30% (19 out of 64) Cache efficiency : 98% 
2022-01-13 13:37:17,059 [db.exist.scheduler.quartz-worker-1] INFO  (BTree.java [printStatistics]:2609) - values.dbx INDEX Buffers occupation : 0% (0 out of 64) Cache efficiency : N/A 
2022-01-13 13:37:17,059 [db.exist.scheduler.quartz-worker-1] INFO  (BFile.java [printStatistics]:408) - values.dbx DATA Buffers occupation : 0% (0 out of 64) Cache efficiency : N/A 
2022-01-13 13:47:29,555 [db.exist.scheduler.quartz-worker-1] INFO  (NativeBroker.java [sync]:3557) - Memory: 321,536K total; 4,071,424K max; 86,647K free 
2022-01-13 13:47:29,555 [db.exist.scheduler.quartz-worker-1] INFO  (BTree.java [printStatistics]:2609) - dom.dbx INDEX Buffers occupation : 9% (6 out of 64) Cache efficiency : 100% 
2022-01-13 13:47:29,556 [db.exist.scheduler.quartz-worker-1] INFO  (DOMFile.java [printStatistics]:1399) - dom.dbx DATA Buffers occupation : 20% (50 out of 256) Cache efficiency : 99% 
2022-01-13 13:47:29,556 [db.exist.scheduler.quartz-worker-1] INFO  (BTree.java [printStatistics]:2609) - collections.dbx INDEX Buffers occupation : 11% (7 out of 64) Cache efficiency : 99% 
2022-01-13 13:47:29,556 [db.exist.scheduler.quartz-worker-1] INFO  (BFile.java [printStatistics]:408) - collections.dbx DATA Buffers occupation : 30% (19 out of 64) Cache efficiency : 98% 
2022-01-13 13:47:29,556 [db.exist.scheduler.quartz-worker-1] INFO  (BTree.java [printStatistics]:2609) - values.dbx INDEX Buffers occupation : 0% (0 out of 64) Cache efficiency : N/A 
2022-01-13 13:47:29,557 [db.exist.scheduler.quartz-worker-1] INFO  (BFile.java [printStatistics]:408) - values.dbx DATA Buffers occupation : 0% (0 out of 64) Cache efficiency : N/A 
2022-01-13 13:57:42,057 [db.exist.scheduler.quartz-worker-1] INFO  (NativeBroker.java [sync]:3557) - Memory: 321,536K total; 4,071,424K max; 73,897K free 
2022-01-13 13:57:42,057 [db.exist.scheduler.quartz-worker-1] INFO  (BTree.java [printStatistics]:2609) - dom.dbx INDEX Buffers occupation : 9% (6 out of 64) Cache efficiency : 100% 
2022-01-13 13:57:42,058 [db.exist.scheduler.quartz-worker-1] INFO  (DOMFile.java [printStatistics]:1399) - dom.dbx DATA Buffers occupation : 20% (50 out of 256) Cache efficiency : 99% 
2022-01-13 13:57:42,058 [db.exist.scheduler.quartz-worker-1] INFO  (BTree.java [printStatistics]:2609) - collections.dbx INDEX Buffers occupation : 11% (7 out of 64) Cache efficiency : 99% 
2022-01-13 13:57:42,059 [db.exist.scheduler.quartz-worker-1] INFO  (BFile.java [printStatistics]:408) - collections.dbx DATA Buffers occupation : 30% (19 out of 64) Cache efficiency : 98% 
2022-01-13 13:57:42,059 [db.exist.scheduler.quartz-worker-1] INFO  (BTree.java [printStatistics]:2609) - values.dbx INDEX Buffers occupation : 0% (0 out of 64) Cache efficiency : N/A 
2022-01-13 13:57:42,059 [db.exist.scheduler.quartz-worker-1] INFO  (BFile.java [printStatistics]:408) - values.dbx DATA Buffers occupation : 0% (0 out of 64) Cache efficiency : N/A 
2022-01-13 14:07:54,556 [db.exist.scheduler.quartz-worker-4] INFO  (NativeBroker.java [sync]:3557) - Memory: 321,536K total; 4,071,424K max; 202,050K free 
2022-01-13 14:07:54,556 [db.exist.scheduler.quartz-worker-4] INFO  (BTree.java [printStatistics]:2609) - dom.dbx INDEX Buffers occupation : 9% (6 out of 64) Cache efficiency : 100% 
2022-01-13 14:07:54,557 [db.exist.scheduler.quartz-worker-4] INFO  (DOMFile.java [printStatistics]:1399) - dom.dbx DATA Buffers occupation : 20% (50 out of 256) Cache efficiency : 99% 
2022-01-13 14:07:54,557 [db.exist.scheduler.quartz-worker-4] INFO  (BTree.java [printStatistics]:2609) - collections.dbx INDEX Buffers occupation : 11% (7 out of 64) Cache efficiency : 99% 
2022-01-13 14:07:54,558 [db.exist.scheduler.quartz-worker-4] INFO  (BFile.java [printStatistics]:408) - collections.dbx DATA Buffers occupation : 30% (19 out of 64) Cache efficiency : 98% 
2022-01-13 14:07:54,558 [db.exist.scheduler.quartz-worker-4] INFO  (BTree.java [printStatistics]:2609) - values.dbx INDEX Buffers occupation : 0% (0 out of 64) Cache efficiency : N/A 
2022-01-13 14:07:54,559 [db.exist.scheduler.quartz-worker-4] INFO  (BFile.java [printStatistics]:408) - values.dbx DATA Buffers occupation : 0% (0 out of 64) Cache efficiency : N/A 
2022-02-10 06:37:49,699 [localhost-startStop-1] INFO  (NativeBroker.java [sync]:3557) - Memory: 1,464,832K total; 3,619,328K max; 955,930K free 
2022-02-10 06:37:49,733 [localhost-startStop-1] INFO  (BTree.java [printStatistics]:2609) - dom.dbx INDEX Buffers occupation : 9% (6 out of 64) Cache efficiency : 100% 
2022-02-10 06:37:49,734 [localhost-startStop-1] INFO  (DOMFile.java [printStatistics]:1399) - dom.dbx DATA Buffers occupation : 5% (13 out of 256) Cache efficiency : 99% 
2022-02-10 06:37:49,734 [localhost-startStop-1] INFO  (BTree.java [printStatistics]:2609) - collections.dbx INDEX Buffers occupation : 8% (5 out of 64) Cache efficiency : 99% 
2022-02-10 06:37:49,734 [localhost-startStop-1] INFO  (BFile.java [printStatistics]:408) - collections.dbx DATA Buffers occupation : 6% (4 out of 64) Cache efficiency : 96% 
2022-02-10 06:37:49,734 [localhost-startStop-1] INFO  (BTree.java [printStatistics]:2609) - values.dbx INDEX Buffers occupation : 0% (0 out of 64) Cache efficiency : N/A 
2022-02-10 06:37:49,735 [localhost-startStop-1] INFO  (BFile.java [printStatistics]:408) - values.dbx DATA Buffers occupation : 0% (0 out of 64) Cache efficiency : N/A 
2022-02-10 06:48:39,631 [localhost-startStop-1] INFO  (NativeBroker.java [sync]:3557) - Memory: 1,353,216K total; 3,619,328K max; 672,727K free 
2022-02-10 06:48:39,631 [localhost-startStop-1] INFO  (BTree.java [printStatistics]:2609) - dom.dbx INDEX Buffers occupation : 9% (6 out of 64) Cache efficiency : 100% 
2022-02-10 06:48:39,631 [localhost-startStop-1] INFO  (DOMFile.java [printStatistics]:1399) - dom.dbx DATA Buffers occupation : 5% (13 out of 256) Cache efficiency : 99% 
2022-02-10 06:48:39,632 [localhost-startStop-1] INFO  (BTree.java [printStatistics]:2609) - collections.dbx INDEX Buffers occupation : 8% (5 out of 64) Cache efficiency : 99% 
2022-02-10 06:48:39,632 [localhost-startStop-1] INFO  (BFile.java [printStatistics]:408) - collections.dbx DATA Buffers occupation : 6% (4 out of 64) Cache efficiency : 96% 
2022-02-10 06:48:39,632 [localhost-startStop-1] INFO  (BTree.java [printStatistics]:2609) - values.dbx INDEX Buffers occupation : 0% (0 out of 64) Cache efficiency : N/A 
2022-02-10 06:48:39,632 [localhost-startStop-1] INFO  (BFile.java [printStatistics]:408) - values.dbx DATA Buffers occupation : 0% (0 out of 64) Cache efficiency : N/A 
2022-02-10 06:52:44,272 [db.exist.scheduler.quartz-worker-4] INFO  (NativeBroker.java [sync]:3557) - Memory: 1,495,040K total; 3,619,328K max; 691,538K free 
2022-02-10 06:52:44,273 [db.exist.scheduler.quartz-worker-4] INFO  (BTree.java [printStatistics]:2609) - dom.dbx INDEX Buffers occupation : 9% (6 out of 64) Cache efficiency : 100% 
2022-02-10 06:52:44,274 [db.exist.scheduler.quartz-worker-4] INFO  (DOMFile.java [printStatistics]:1399) - dom.dbx DATA Buffers occupation : 8% (20 out of 256) Cache efficiency : 99% 
2022-02-10 06:52:44,275 [db.exist.scheduler.quartz-worker-4] INFO  (BTree.java [printStatistics]:2609) - collections.dbx INDEX Buffers occupation : 9% (6 out of 64) Cache efficiency : 99% 
2022-02-10 06:52:44,276 [db.exist.scheduler.quartz-worker-4] INFO  (BFile.java [printStatistics]:408) - collections.dbx DATA Buffers occupation : 12% (8 out of 64) Cache efficiency : 97% 
2022-02-10 06:52:44,276 [db.exist.scheduler.quartz-worker-4] INFO  (BTree.java [printStatistics]:2609) - values.dbx INDEX Buffers occupation : 0% (0 out of 64) Cache efficiency : N/A 
2022-02-10 06:52:44,277 [db.exist.scheduler.quartz-worker-4] INFO  (BFile.java [printStatistics]:408) - values.dbx DATA Buffers occupation : 0% (0 out of 64) Cache efficiency : N/A 
2022-02-10 07:02:56,770 [db.exist.scheduler.quartz-worker-3] INFO  (NativeBroker.java [sync]:3557) - Memory: 1,495,040K total; 3,619,328K max; 691,538K free 
2022-02-10 07:02:56,770 [db.exist.scheduler.quartz-worker-3] INFO  (BTree.java [printStatistics]:2609) - dom.dbx INDEX Buffers occupation : 9% (6 out of 64) Cache efficiency : 100% 
2022-02-10 07:02:56,771 [db.exist.scheduler.quartz-worker-3] INFO  (DOMFile.java [printStatistics]:1399) - dom.dbx DATA Buffers occupation : 8% (20 out of 256) Cache efficiency : 99% 
2022-02-10 07:02:56,771 [db.exist.scheduler.quartz-worker-3] INFO  (BTree.java [printStatistics]:2609) - collections.dbx INDEX Buffers occupation : 9% (6 out of 64) Cache efficiency : 99% 
2022-02-10 07:02:56,772 [db.exist.scheduler.quartz-worker-3] INFO  (BFile.java [printStatistics]:408) - collections.dbx DATA Buffers occupation : 12% (8 out of 64) Cache efficiency : 97% 
2022-02-10 07:02:56,772 [db.exist.scheduler.quartz-worker-3] INFO  (BTree.java [printStatistics]:2609) - values.dbx INDEX Buffers occupation : 0% (0 out of 64) Cache efficiency : N/A 
2022-02-10 07:02:56,772 [db.exist.scheduler.quartz-worker-3] INFO  (BFile.java [printStatistics]:408) - values.dbx DATA Buffers occupation : 0% (0 out of 64) Cache efficiency : N/A 
2022-02-10 07:13:09,270 [db.exist.scheduler.quartz-worker-1] INFO  (NativeBroker.java [sync]:3557) - Memory: 1,495,040K total; 3,619,328K max; 531,014K free 
2022-02-10 07:13:09,271 [db.exist.scheduler.quartz-worker-1] INFO  (BTree.java [printStatistics]:2609) - dom.dbx INDEX Buffers occupation : 9% (6 out of 64) Cache efficiency : 100% 
2022-02-10 07:13:09,271 [db.exist.scheduler.quartz-worker-1] INFO  (DOMFile.java [printStatistics]:1399) - dom.dbx DATA Buffers occupation : 8% (20 out of 256) Cache efficiency : 99% 
2022-02-10 07:13:09,272 [db.exist.scheduler.quartz-worker-1] INFO  (BTree.java [printStatistics]:2609) - collections.dbx INDEX Buffers occupation : 9% (6 out of 64) Cache efficiency : 99% 
2022-02-10 07:13:09,272 [db.exist.scheduler.quartz-worker-1] INFO  (BFile.java [printStatistics]:408) - collections.dbx DATA Buffers occupation : 12% (8 out of 64) Cache efficiency : 97% 
2022-02-10 07:13:09,273 [db.exist.scheduler.quartz-worker-1] INFO  (BTree.java [printStatistics]:2609) - values.dbx INDEX Buffers occupation : 0% (0 out of 64) Cache efficiency : N/A 
2022-02-10 07:13:09,273 [db.exist.scheduler.quartz-worker-1] INFO  (BFile.java [printStatistics]:408) - values.dbx DATA Buffers occupation : 0% (0 out of 64) Cache efficiency : N/A 
2022-02-10 07:19:13,452 [localhost-startStop-1] INFO  (NativeBroker.java [sync]:3557) - Memory: 1,358,848K total; 3,619,328K max; 708,392K free 
2022-02-10 07:19:13,453 [localhost-startStop-1] INFO  (BTree.java [printStatistics]:2609) - dom.dbx INDEX Buffers occupation : 9% (6 out of 64) Cache efficiency : 100% 
2022-02-10 07:19:13,453 [localhost-startStop-1] INFO  (DOMFile.java [printStatistics]:1399) - dom.dbx DATA Buffers occupation : 5% (13 out of 256) Cache efficiency : 99% 
2022-02-10 07:19:13,454 [localhost-startStop-1] INFO  (BTree.java [printStatistics]:2609) - collections.dbx INDEX Buffers occupation : 8% (5 out of 64) Cache efficiency : 99% 
2022-02-10 07:19:13,454 [localhost-startStop-1] INFO  (BFile.java [printStatistics]:408) - collections.dbx DATA Buffers occupation : 6% (4 out of 64) Cache efficiency : 96% 
2022-02-10 07:19:13,454 [localhost-startStop-1] INFO  (BTree.java [printStatistics]:2609) - values.dbx INDEX Buffers occupation : 0% (0 out of 64) Cache efficiency : N/A 
2022-02-10 07:19:13,455 [localhost-startStop-1] INFO  (BFile.java [printStatistics]:408) - values.dbx DATA Buffers occupation : 0% (0 out of 64) Cache efficiency : N/A 
2022-02-10 07:24:44,845 [localhost-startStop-1] INFO  (NativeBroker.java [sync]:3557) - Memory: 1,359,872K total; 3,619,328K max; 709,740K free 
2022-02-10 07:24:44,845 [localhost-startStop-1] INFO  (BTree.java [printStatistics]:2609) - dom.dbx INDEX Buffers occupation : 9% (6 out of 64) Cache efficiency : 100% 
2022-02-10 07:24:44,846 [localhost-startStop-1] INFO  (DOMFile.java [printStatistics]:1399) - dom.dbx DATA Buffers occupation : 5% (13 out of 256) Cache efficiency : 99% 
2022-02-10 07:24:44,846 [localhost-startStop-1] INFO  (BTree.java [printStatistics]:2609) - collections.dbx INDEX Buffers occupation : 8% (5 out of 64) Cache efficiency : 99% 
2022-02-10 07:24:44,846 [localhost-startStop-1] INFO  (BFile.java [printStatistics]:408) - collections.dbx DATA Buffers occupation : 6% (4 out of 64) Cache efficiency : 96% 
2022-02-10 07:24:44,846 [localhost-startStop-1] INFO  (BTree.java [printStatistics]:2609) - values.dbx INDEX Buffers occupation : 0% (0 out of 64) Cache efficiency : N/A 
2022-02-10 07:24:44,847 [localhost-startStop-1] INFO  (BFile.java [printStatistics]:408) - values.dbx DATA Buffers occupation : 0% (0 out of 64) Cache efficiency : N/A 
2022-02-10 07:34:57,006 [db.exist.scheduler.quartz-worker-1] INFO  (NativeBroker.java [sync]:3557) - Memory: 1,500,672K total; 3,619,328K max; 951,563K free 
2022-02-10 07:34:57,007 [db.exist.scheduler.quartz-worker-1] INFO  (BTree.java [printStatistics]:2609) - dom.dbx INDEX Buffers occupation : 9% (6 out of 64) Cache efficiency : 100% 
2022-02-10 07:34:57,008 [db.exist.scheduler.quartz-worker-1] INFO  (DOMFile.java [printStatistics]:1399) - dom.dbx DATA Buffers occupation : 5% (13 out of 256) Cache efficiency : 99% 
2022-02-10 07:34:57,008 [db.exist.scheduler.quartz-worker-1] INFO  (BTree.java [printStatistics]:2609) - collections.dbx INDEX Buffers occupation : 8% (5 out of 64) Cache efficiency : 99% 
2022-02-10 07:34:57,008 [db.exist.scheduler.quartz-worker-1] INFO  (BFile.java [printStatistics]:408) - collections.dbx DATA Buffers occupation : 6% (4 out of 64) Cache efficiency : 96% 
2022-02-10 07:34:57,009 [db.exist.scheduler.quartz-worker-1] INFO  (BTree.java [printStatistics]:2609) - values.dbx INDEX Buffers occupation : 0% (0 out of 64) Cache efficiency : N/A 
2022-02-10 07:34:57,009 [db.exist.scheduler.quartz-worker-1] INFO  (BFile.java [printStatistics]:408) - values.dbx DATA Buffers occupation : 0% (0 out of 64) Cache efficiency : N/A 
2022-02-10 07:45:09,508 [db.exist.scheduler.quartz-worker-3] INFO  (NativeBroker.java [sync]:3557) - Memory: 1,500,672K total; 3,619,328K max; 932,628K free 
2022-02-10 07:45:09,509 [db.exist.scheduler.quartz-worker-3] INFO  (BTree.java [printStatistics]:2609) - dom.dbx INDEX Buffers occupation : 9% (6 out of 64) Cache efficiency : 100% 
2022-02-10 07:45:09,510 [db.exist.scheduler.quartz-worker-3] INFO  (DOMFile.java [printStatistics]:1399) - dom.dbx DATA Buffers occupation : 5% (13 out of 256) Cache efficiency : 99% 
2022-02-10 07:45:09,511 [db.exist.scheduler.quartz-worker-3] INFO  (BTree.java [printStatistics]:2609) - collections.dbx INDEX Buffers occupation : 8% (5 out of 64) Cache efficiency : 99% 
2022-02-10 07:45:09,511 [db.exist.scheduler.quartz-worker-3] INFO  (BFile.java [printStatistics]:408) - collections.dbx DATA Buffers occupation : 6% (4 out of 64) Cache efficiency : 96% 
2022-02-10 07:45:09,512 [db.exist.scheduler.quartz-worker-3] INFO  (BTree.java [printStatistics]:2609) - values.dbx INDEX Buffers occupation : 0% (0 out of 64) Cache efficiency : N/A 
2022-02-10 07:45:09,513 [db.exist.scheduler.quartz-worker-3] INFO  (BFile.java [printStatistics]:408) - values.dbx DATA Buffers occupation : 0% (0 out of 64) Cache efficiency : N/A 
2022-02-10 07:55:22,008 [db.exist.scheduler.quartz-worker-2] INFO  (NativeBroker.java [sync]:3557) - Memory: 1,500,672K total; 3,619,328K max; 926,950K free 
2022-02-10 07:55:22,009 [db.exist.scheduler.quartz-worker-2] INFO  (BTree.java [printStatistics]:2609) - dom.dbx INDEX Buffers occupation : 9% (6 out of 64) Cache efficiency : 100% 
2022-02-10 07:55:22,010 [db.exist.scheduler.quartz-worker-2] INFO  (DOMFile.java [printStatistics]:1399) - dom.dbx DATA Buffers occupation : 5% (13 out of 256) Cache efficiency : 99% 
2022-02-10 07:55:22,011 [db.exist.scheduler.quartz-worker-2] INFO  (BTree.java [printStatistics]:2609) - collections.dbx INDEX Buffers occupation : 8% (5 out of 64) Cache efficiency : 99% 
2022-02-10 07:55:22,011 [db.exist.scheduler.quartz-worker-2] INFO  (BFile.java [printStatistics]:408) - collections.dbx DATA Buffers occupation : 6% (4 out of 64) Cache efficiency : 96% 
2022-02-10 07:55:22,012 [db.exist.scheduler.quartz-worker-2] INFO  (BTree.java [printStatistics]:2609) - values.dbx INDEX Buffers occupation : 0% (0 out of 64) Cache efficiency : N/A 
2022-02-10 07:55:22,012 [db.exist.scheduler.quartz-worker-2] INFO  (BFile.java [printStatistics]:408) - values.dbx DATA Buffers occupation : 0% (0 out of 64) Cache efficiency : N/A 
2022-02-10 08:05:34,508 [db.exist.scheduler.quartz-worker-4] INFO  (NativeBroker.java [sync]:3557) - Memory: 1,500,672K total; 3,619,328K max; 908,023K free 
2022-02-10 08:05:34,509 [db.exist.scheduler.quartz-worker-4] INFO  (BTree.java [printStatistics]:2609) - dom.dbx INDEX Buffers occupation : 9% (6 out of 64) Cache efficiency : 100% 
2022-02-10 08:05:34,510 [db.exist.scheduler.quartz-worker-4] INFO  (DOMFile.java [printStatistics]:1399) - dom.dbx DATA Buffers occupation : 5% (13 out of 256) Cache efficiency : 99% 
2022-02-10 08:05:34,511 [db.exist.scheduler.quartz-worker-4] INFO  (BTree.java [printStatistics]:2609) - collections.dbx INDEX Buffers occupation : 8% (5 out of 64) Cache efficiency : 99% 
2022-02-10 08:05:34,512 [db.exist.scheduler.quartz-worker-4] INFO  (BFile.java [printStatistics]:408) - collections.dbx DATA Buffers occupation : 6% (4 out of 64) Cache efficiency : 96% 
2022-02-10 08:05:34,513 [db.exist.scheduler.quartz-worker-4] INFO  (BTree.java [printStatistics]:2609) - values.dbx INDEX Buffers occupation : 0% (0 out of 64) Cache efficiency : N/A 
2022-02-10 08:05:34,514 [db.exist.scheduler.quartz-worker-4] INFO  (BFile.java [printStatistics]:408) - values.dbx DATA Buffers occupation : 0% (0 out of 64) Cache efficiency : N/A 
2022-02-10 08:15:47,006 [db.exist.scheduler.quartz-worker-3] INFO  (NativeBroker.java [sync]:3557) - Memory: 1,500,672K total; 3,619,328K max; 902,345K free 
2022-02-10 08:15:47,006 [db.exist.scheduler.quartz-worker-3] INFO  (BTree.java [printStatistics]:2609) - dom.dbx INDEX Buffers occupation : 9% (6 out of 64) Cache efficiency : 100% 
2022-02-10 08:15:47,007 [db.exist.scheduler.quartz-worker-3] INFO  (DOMFile.java [printStatistics]:1399) - dom.dbx DATA Buffers occupation : 5% (13 out of 256) Cache efficiency : 99% 
2022-02-10 08:15:47,007 [db.exist.scheduler.quartz-worker-3] INFO  (BTree.java [printStatistics]:2609) - collections.dbx INDEX Buffers occupation : 8% (5 out of 64) Cache efficiency : 99% 
2022-02-10 08:15:47,007 [db.exist.scheduler.quartz-worker-3] INFO  (BFile.java [printStatistics]:408) - collections.dbx DATA Buffers occupation : 6% (4 out of 64) Cache efficiency : 96% 
2022-02-10 08:15:47,007 [db.exist.scheduler.quartz-worker-3] INFO  (BTree.java [printStatistics]:2609) - values.dbx INDEX Buffers occupation : 0% (0 out of 64) Cache efficiency : N/A 
2022-02-10 08:15:47,008 [db.exist.scheduler.quartz-worker-3] INFO  (BFile.java [printStatistics]:408) - values.dbx DATA Buffers occupation : 0% (0 out of 64) Cache efficiency : N/A 
2022-02-10 08:25:59,508 [db.exist.scheduler.quartz-worker-1] INFO  (NativeBroker.java [sync]:3557) - Memory: 1,500,672K total; 3,619,328K max; 889,088K free 
2022-02-10 08:25:59,509 [db.exist.scheduler.quartz-worker-1] INFO  (BTree.java [printStatistics]:2609) - dom.dbx INDEX Buffers occupation : 9% (6 out of 64) Cache efficiency : 100% 
2022-02-10 08:25:59,510 [db.exist.scheduler.quartz-worker-1] INFO  (DOMFile.java [printStatistics]:1399) - dom.dbx DATA Buffers occupation : 5% (13 out of 256) Cache efficiency : 99% 
2022-02-10 08:25:59,511 [db.exist.scheduler.quartz-worker-1] INFO  (BTree.java [printStatistics]:2609) - collections.dbx INDEX Buffers occupation : 8% (5 out of 64) Cache efficiency : 99% 
2022-02-10 08:25:59,511 [db.exist.scheduler.quartz-worker-1] INFO  (BFile.java [printStatistics]:408) - collections.dbx DATA Buffers occupation : 6% (4 out of 64) Cache efficiency : 96% 
2022-02-10 08:25:59,512 [db.exist.scheduler.quartz-worker-1] INFO  (BTree.java [printStatistics]:2609) - values.dbx INDEX Buffers occupation : 0% (0 out of 64) Cache efficiency : N/A 
2022-02-10 08:25:59,512 [db.exist.scheduler.quartz-worker-1] INFO  (BFile.java [printStatistics]:408) - values.dbx DATA Buffers occupation : 0% (0 out of 64) Cache efficiency : N/A 
2022-02-10 08:36:12,008 [db.exist.scheduler.quartz-worker-4] INFO  (NativeBroker.java [sync]:3557) - Memory: 1,500,672K total; 3,619,328K max; 847,448K free 
2022-02-10 08:36:12,009 [db.exist.scheduler.quartz-worker-4] INFO  (BTree.java [printStatistics]:2609) - dom.dbx INDEX Buffers occupation : 9% (6 out of 64) Cache efficiency : 100% 
2022-02-10 08:36:12,010 [db.exist.scheduler.quartz-worker-4] INFO  (DOMFile.java [printStatistics]:1399) - dom.dbx DATA Buffers occupation : 5% (13 out of 256) Cache efficiency : 99% 
2022-02-10 08:36:12,010 [db.exist.scheduler.quartz-worker-4] INFO  (BTree.java [printStatistics]:2609) - collections.dbx INDEX Buffers occupation : 8% (5 out of 64) Cache efficiency : 99% 
2022-02-10 08:36:12,011 [db.exist.scheduler.quartz-worker-4] INFO  (BFile.java [printStatistics]:408) - collections.dbx DATA Buffers occupation : 6% (4 out of 64) Cache efficiency : 96% 
2022-02-10 08:36:12,012 [db.exist.scheduler.quartz-worker-4] INFO  (BTree.java [printStatistics]:2609) - values.dbx INDEX Buffers occupation : 0% (0 out of 64) Cache efficiency : N/A 
2022-02-10 08:36:12,012 [db.exist.scheduler.quartz-worker-4] INFO  (BFile.java [printStatistics]:408) - values.dbx DATA Buffers occupation : 0% (0 out of 64) Cache efficiency : N/A 
2022-02-10 08:46:24,508 [db.exist.scheduler.quartz-worker-2] INFO  (NativeBroker.java [sync]:3557) - Memory: 1,500,672K total; 3,619,328K max; 841,770K free 
2022-02-10 08:46:24,509 [db.exist.scheduler.quartz-worker-2] INFO  (BTree.java [printStatistics]:2609) - dom.dbx INDEX Buffers occupation : 9% (6 out of 64) Cache efficiency : 100% 
2022-02-10 08:46:24,510 [db.exist.scheduler.quartz-worker-2] INFO  (DOMFile.java [printStatistics]:1399) - dom.dbx DATA Buffers occupation : 5% (13 out of 256) Cache efficiency : 99% 
2022-02-10 08:46:24,511 [db.exist.scheduler.quartz-worker-2] INFO  (BTree.java [printStatistics]:2609) - collections.dbx INDEX Buffers occupation : 8% (5 out of 64) Cache efficiency : 99% 
2022-02-10 08:46:24,511 [db.exist.scheduler.quartz-worker-2] INFO  (BFile.java [printStatistics]:408) - collections.dbx DATA Buffers occupation : 6% (4 out of 64) Cache efficiency : 96% 
2022-02-10 08:46:24,512 [db.exist.scheduler.quartz-worker-2] INFO  (BTree.java [printStatistics]:2609) - values.dbx INDEX Buffers occupation : 0% (0 out of 64) Cache efficiency : N/A 
2022-02-10 08:46:24,512 [db.exist.scheduler.quartz-worker-2] INFO  (BFile.java [printStatistics]:408) - values.dbx DATA Buffers occupation : 0% (0 out of 64) Cache efficiency : N/A 
2022-02-10 08:56:37,007 [db.exist.scheduler.quartz-worker-2] INFO  (NativeBroker.java [sync]:3557) - Memory: 1,500,672K total; 3,619,328K max; 822,843K free 
2022-02-10 08:56:37,008 [db.exist.scheduler.quartz-worker-2] INFO  (BTree.java [printStatistics]:2609) - dom.dbx INDEX Buffers occupation : 9% (6 out of 64) Cache efficiency : 100% 
2022-02-10 08:56:37,008 [db.exist.scheduler.quartz-worker-2] INFO  (DOMFile.java [printStatistics]:1399) - dom.dbx DATA Buffers occupation : 5% (13 out of 256) Cache efficiency : 99% 
2022-02-10 08:56:37,008 [db.exist.scheduler.quartz-worker-2] INFO  (BTree.java [printStatistics]:2609) - collections.dbx INDEX Buffers occupation : 8% (5 out of 64) Cache efficiency : 99% 
2022-02-10 08:56:37,009 [db.exist.scheduler.quartz-worker-2] INFO  (BFile.java [printStatistics]:408) - collections.dbx DATA Buffers occupation : 6% (4 out of 64) Cache efficiency : 96% 
2022-02-10 08:56:37,009 [db.exist.scheduler.quartz-worker-2] INFO  (BTree.java [printStatistics]:2609) - values.dbx INDEX Buffers occupation : 0% (0 out of 64) Cache efficiency : N/A 
2022-02-10 08:56:37,009 [db.exist.scheduler.quartz-worker-2] INFO  (BFile.java [printStatistics]:408) - values.dbx DATA Buffers occupation : 0% (0 out of 64) Cache efficiency : N/A 
2022-02-10 09:06:49,508 [db.exist.scheduler.quartz-worker-3] INFO  (NativeBroker.java [sync]:3557) - Memory: 1,500,672K total; 3,619,328K max; 805,808K free 
2022-02-10 09:06:49,508 [db.exist.scheduler.quartz-worker-3] INFO  (BTree.java [printStatistics]:2609) - dom.dbx INDEX Buffers occupation : 9% (6 out of 64) Cache efficiency : 100% 
2022-02-10 09:06:49,509 [db.exist.scheduler.quartz-worker-3] INFO  (DOMFile.java [printStatistics]:1399) - dom.dbx DATA Buffers occupation : 5% (13 out of 256) Cache efficiency : 99% 
2022-02-10 09:06:49,510 [db.exist.scheduler.quartz-worker-3] INFO  (BTree.java [printStatistics]:2609) - collections.dbx INDEX Buffers occupation : 8% (5 out of 64) Cache efficiency : 99% 
2022-02-10 09:06:49,511 [db.exist.scheduler.quartz-worker-3] INFO  (BFile.java [printStatistics]:408) - collections.dbx DATA Buffers occupation : 6% (4 out of 64) Cache efficiency : 96% 
2022-02-10 09:06:49,511 [db.exist.scheduler.quartz-worker-3] INFO  (BTree.java [printStatistics]:2609) - values.dbx INDEX Buffers occupation : 0% (0 out of 64) Cache efficiency : N/A 
2022-02-10 09:06:49,512 [db.exist.scheduler.quartz-worker-3] INFO  (BFile.java [printStatistics]:408) - values.dbx DATA Buffers occupation : 0% (0 out of 64) Cache efficiency : N/A 
2022-02-10 09:17:02,008 [db.exist.scheduler.quartz-worker-4] INFO  (NativeBroker.java [sync]:3557) - Memory: 1,500,672K total; 3,619,328K max; 798,237K free 
2022-02-10 09:17:02,010 [db.exist.scheduler.quartz-worker-4] INFO  (BTree.java [printStatistics]:2609) - dom.dbx INDEX Buffers occupation : 9% (6 out of 64) Cache efficiency : 100% 
2022-02-10 09:17:02,011 [db.exist.scheduler.quartz-worker-4] INFO  (DOMFile.java [printStatistics]:1399) - dom.dbx DATA Buffers occupation : 5% (13 out of 256) Cache efficiency : 99% 
2022-02-10 09:17:02,011 [db.exist.scheduler.quartz-worker-4] INFO  (BTree.java [printStatistics]:2609) - collections.dbx INDEX Buffers occupation : 8% (5 out of 64) Cache efficiency : 99% 
2022-02-10 09:17:02,012 [db.exist.scheduler.quartz-worker-4] INFO  (BFile.java [printStatistics]:408) - collections.dbx DATA Buffers occupation : 6% (4 out of 64) Cache efficiency : 96% 
2022-02-10 09:17:02,012 [db.exist.scheduler.quartz-worker-4] INFO  (BTree.java [printStatistics]:2609) - values.dbx INDEX Buffers occupation : 0% (0 out of 64) Cache efficiency : N/A 
2022-02-10 09:17:02,013 [db.exist.scheduler.quartz-worker-4] INFO  (BFile.java [printStatistics]:408) - values.dbx DATA Buffers occupation : 0% (0 out of 64) Cache efficiency : N/A 
2022-02-10 09:27:14,506 [db.exist.scheduler.quartz-worker-4] INFO  (NativeBroker.java [sync]:3557) - Memory: 1,500,672K total; 3,619,328K max; 784,988K free 
2022-02-10 09:27:14,507 [db.exist.scheduler.quartz-worker-4] INFO  (BTree.java [printStatistics]:2609) - dom.dbx INDEX Buffers occupation : 9% (6 out of 64) Cache efficiency : 100% 
2022-02-10 09:27:14,507 [db.exist.scheduler.quartz-worker-4] INFO  (DOMFile.java [printStatistics]:1399) - dom.dbx DATA Buffers occupation : 5% (13 out of 256) Cache efficiency : 99% 
2022-02-10 09:27:14,507 [db.exist.scheduler.quartz-worker-4] INFO  (BTree.java [printStatistics]:2609) - collections.dbx INDEX Buffers occupation : 8% (5 out of 64) Cache efficiency : 99% 
2022-02-10 09:27:14,507 [db.exist.scheduler.quartz-worker-4] INFO  (BFile.java [printStatistics]:408) - collections.dbx DATA Buffers occupation : 6% (4 out of 64) Cache efficiency : 96% 
2022-02-10 09:27:14,508 [db.exist.scheduler.quartz-worker-4] INFO  (BTree.java [printStatistics]:2609) - values.dbx INDEX Buffers occupation : 0% (0 out of 64) Cache efficiency : N/A 
2022-02-10 09:27:14,508 [db.exist.scheduler.quartz-worker-4] INFO  (BFile.java [printStatistics]:408) - values.dbx DATA Buffers occupation : 0% (0 out of 64) Cache efficiency : N/A 
2022-02-10 09:37:27,008 [db.exist.scheduler.quartz-worker-1] INFO  (NativeBroker.java [sync]:3557) - Memory: 1,500,672K total; 3,619,328K max; 750,920K free 
2022-02-10 09:37:27,009 [db.exist.scheduler.quartz-worker-1] INFO  (BTree.java [printStatistics]:2609) - dom.dbx INDEX Buffers occupation : 9% (6 out of 64) Cache efficiency : 100% 
2022-02-10 09:37:27,010 [db.exist.scheduler.quartz-worker-1] INFO  (DOMFile.java [printStatistics]:1399) - dom.dbx DATA Buffers occupation : 5% (13 out of 256) Cache efficiency : 99% 
2022-02-10 09:37:27,010 [db.exist.scheduler.quartz-worker-1] INFO  (BTree.java [printStatistics]:2609) - collections.dbx INDEX Buffers occupation : 8% (5 out of 64) Cache efficiency : 99% 
2022-02-10 09:37:27,011 [db.exist.scheduler.quartz-worker-1] INFO  (BFile.java [printStatistics]:408) - collections.dbx DATA Buffers occupation : 6% (4 out of 64) Cache efficiency : 96% 
2022-02-10 09:37:27,011 [db.exist.scheduler.quartz-worker-1] INFO  (BTree.java [printStatistics]:2609) - values.dbx INDEX Buffers occupation : 0% (0 out of 64) Cache efficiency : N/A 
2022-02-10 09:37:27,012 [db.exist.scheduler.quartz-worker-1] INFO  (BFile.java [printStatistics]:408) - values.dbx DATA Buffers occupation : 0% (0 out of 64) Cache efficiency : N/A 
2022-02-10 09:47:39,507 [db.exist.scheduler.quartz-worker-1] INFO  (NativeBroker.java [sync]:3557) - Memory: 1,500,672K total; 3,619,328K max; 699,817K free 
2022-02-10 09:47:39,507 [db.exist.scheduler.quartz-worker-1] INFO  (BTree.java [printStatistics]:2609) - dom.dbx INDEX Buffers occupation : 9% (6 out of 64) Cache efficiency : 100% 
2022-02-10 09:47:39,508 [db.exist.scheduler.quartz-worker-1] INFO  (DOMFile.java [printStatistics]:1399) - dom.dbx DATA Buffers occupation : 5% (13 out of 256) Cache efficiency : 99% 
2022-02-10 09:47:39,508 [db.exist.scheduler.quartz-worker-1] INFO  (BTree.java [printStatistics]:2609) - collections.dbx INDEX Buffers occupation : 8% (5 out of 64) Cache efficiency : 99% 
2022-02-10 09:47:39,509 [db.exist.scheduler.quartz-worker-1] INFO  (BFile.java [printStatistics]:408) - collections.dbx DATA Buffers occupation : 6% (4 out of 64) Cache efficiency : 96% 
2022-02-10 09:47:39,509 [db.exist.scheduler.quartz-worker-1] INFO  (BTree.java [printStatistics]:2609) - values.dbx INDEX Buffers occupation : 0% (0 out of 64) Cache efficiency : N/A 
2022-02-10 09:47:39,510 [db.exist.scheduler.quartz-worker-1] INFO  (BFile.java [printStatistics]:408) - values.dbx DATA Buffers occupation : 0% (0 out of 64) Cache efficiency : N/A 
2022-02-10 09:57:52,007 [db.exist.scheduler.quartz-worker-1] INFO  (NativeBroker.java [sync]:3557) - Memory: 1,500,672K total; 3,619,328K max; 699,817K free 
2022-02-10 09:57:52,007 [db.exist.scheduler.quartz-worker-1] INFO  (BTree.java [printStatistics]:2609) - dom.dbx INDEX Buffers occupation : 9% (6 out of 64) Cache efficiency : 100% 
2022-02-10 09:57:52,007 [db.exist.scheduler.quartz-worker-1] INFO  (DOMFile.java [printStatistics]:1399) - dom.dbx DATA Buffers occupation : 5% (13 out of 256) Cache efficiency : 99% 
2022-02-10 09:57:52,008 [db.exist.scheduler.quartz-worker-1] INFO  (BTree.java [printStatistics]:2609) - collections.dbx INDEX Buffers occupation : 8% (5 out of 64) Cache efficiency : 99% 
2022-02-10 09:57:52,008 [db.exist.scheduler.quartz-worker-1] INFO  (BFile.java [printStatistics]:408) - collections.dbx DATA Buffers occupation : 6% (4 out of 64) Cache efficiency : 96% 
2022-02-10 09:57:52,008 [db.exist.scheduler.quartz-worker-1] INFO  (BTree.java [printStatistics]:2609) - values.dbx INDEX Buffers occupation : 0% (0 out of 64) Cache efficiency : N/A 
2022-02-10 09:57:52,008 [db.exist.scheduler.quartz-worker-1] INFO  (BFile.java [printStatistics]:408) - values.dbx DATA Buffers occupation : 0% (0 out of 64) Cache efficiency : N/A 
2022-02-10 10:08:04,507 [db.exist.scheduler.quartz-worker-3] INFO  (NativeBroker.java [sync]:3557) - Memory: 1,500,672K total; 3,619,328K max; 675,211K free 
2022-02-10 10:08:04,508 [db.exist.scheduler.quartz-worker-3] INFO  (BTree.java [printStatistics]:2609) - dom.dbx INDEX Buffers occupation : 9% (6 out of 64) Cache efficiency : 100% 
2022-02-10 10:08:04,508 [db.exist.scheduler.quartz-worker-3] INFO  (DOMFile.java [printStatistics]:1399) - dom.dbx DATA Buffers occupation : 5% (13 out of 256) Cache efficiency : 99% 
2022-02-10 10:08:04,509 [db.exist.scheduler.quartz-worker-3] INFO  (BTree.java [printStatistics]:2609) - collections.dbx INDEX Buffers occupation : 8% (5 out of 64) Cache efficiency : 99% 
2022-02-10 10:08:04,509 [db.exist.scheduler.quartz-worker-3] INFO  (BFile.java [printStatistics]:408) - collections.dbx DATA Buffers occupation : 6% (4 out of 64) Cache efficiency : 96% 
2022-02-10 10:08:04,510 [db.exist.scheduler.quartz-worker-3] INFO  (BTree.java [printStatistics]:2609) - values.dbx INDEX Buffers occupation : 0% (0 out of 64) Cache efficiency : N/A 
2022-02-10 10:08:04,510 [db.exist.scheduler.quartz-worker-3] INFO  (BFile.java [printStatistics]:408) - values.dbx DATA Buffers occupation : 0% (0 out of 64) Cache efficiency : N/A 
2022-02-10 10:18:17,006 [db.exist.scheduler.quartz-worker-1] INFO  (NativeBroker.java [sync]:3557) - Memory: 1,500,672K total; 3,619,328K max; 667,640K free 
2022-02-10 10:18:17,007 [db.exist.scheduler.quartz-worker-1] INFO  (BTree.java [printStatistics]:2609) - dom.dbx INDEX Buffers occupation : 9% (6 out of 64) Cache efficiency : 100% 
2022-02-10 10:18:17,007 [db.exist.scheduler.quartz-worker-1] INFO  (DOMFile.java [printStatistics]:1399) - dom.dbx DATA Buffers occupation : 5% (13 out of 256) Cache efficiency : 99% 
2022-02-10 10:18:17,007 [db.exist.scheduler.quartz-worker-1] INFO  (BTree.java [printStatistics]:2609) - collections.dbx INDEX Buffers occupation : 8% (5 out of 64) Cache efficiency : 99% 
2022-02-10 10:18:17,007 [db.exist.scheduler.quartz-worker-1] INFO  (BFile.java [printStatistics]:408) - collections.dbx DATA Buffers occupation : 6% (4 out of 64) Cache efficiency : 96% 
2022-02-10 10:18:17,007 [db.exist.scheduler.quartz-worker-1] INFO  (BTree.java [printStatistics]:2609) - values.dbx INDEX Buffers occupation : 0% (0 out of 64) Cache efficiency : N/A 
2022-02-10 10:18:17,007 [db.exist.scheduler.quartz-worker-1] INFO  (BFile.java [printStatistics]:408) - values.dbx DATA Buffers occupation : 0% (0 out of 64) Cache efficiency : N/A 
2022-02-10 10:28:29,507 [db.exist.scheduler.quartz-worker-4] INFO  (NativeBroker.java [sync]:3557) - Memory: 1,500,672K total; 3,619,328K max; 661,962K free 
2022-02-10 10:28:29,507 [db.exist.scheduler.quartz-worker-4] INFO  (BTree.java [printStatistics]:2609) - dom.dbx INDEX Buffers occupation : 9% (6 out of 64) Cache efficiency : 100% 
2022-02-10 10:28:29,508 [db.exist.scheduler.quartz-worker-4] INFO  (DOMFile.java [printStatistics]:1399) - dom.dbx DATA Buffers occupation : 5% (13 out of 256) Cache efficiency : 99% 
2022-02-10 10:28:29,508 [db.exist.scheduler.quartz-worker-4] INFO  (BTree.java [printStatistics]:2609) - collections.dbx INDEX Buffers occupation : 8% (5 out of 64) Cache efficiency : 99% 
2022-02-10 10:28:29,509 [db.exist.scheduler.quartz-worker-4] INFO  (BFile.java [printStatistics]:408) - collections.dbx DATA Buffers occupation : 6% (4 out of 64) Cache efficiency : 96% 
2022-02-10 10:28:29,509 [db.exist.scheduler.quartz-worker-4] INFO  (BTree.java [printStatistics]:2609) - values.dbx INDEX Buffers occupation : 0% (0 out of 64) Cache efficiency : N/A 
2022-02-10 10:28:29,509 [db.exist.scheduler.quartz-worker-4] INFO  (BFile.java [printStatistics]:408) - values.dbx DATA Buffers occupation : 0% (0 out of 64) Cache efficiency : N/A 
2022-02-10 10:38:42,006 [db.exist.scheduler.quartz-worker-3] INFO  (NativeBroker.java [sync]:3557) - Memory: 1,500,672K total; 3,619,328K max; 612,941K free 
2022-02-10 10:38:42,007 [db.exist.scheduler.quartz-worker-3] INFO  (BTree.java [printStatistics]:2609) - dom.dbx INDEX Buffers occupation : 9% (6 out of 64) Cache efficiency : 100% 
2022-02-10 10:38:42,007 [db.exist.scheduler.quartz-worker-3] INFO  (DOMFile.java [printStatistics]:1399) - dom.dbx DATA Buffers occupation : 5% (13 out of 256) Cache efficiency : 99% 
2022-02-10 10:38:42,007 [db.exist.scheduler.quartz-worker-3] INFO  (BTree.java [printStatistics]:2609) - collections.dbx INDEX Buffers occupation : 8% (5 out of 64) Cache efficiency : 99% 
2022-02-10 10:38:42,007 [db.exist.scheduler.quartz-worker-3] INFO  (BFile.java [printStatistics]:408) - collections.dbx DATA Buffers occupation : 6% (4 out of 64) Cache efficiency : 96% 
2022-02-10 10:38:42,007 [db.exist.scheduler.quartz-worker-3] INFO  (BTree.java [printStatistics]:2609) - values.dbx INDEX Buffers occupation : 0% (0 out of 64) Cache efficiency : N/A 
2022-02-10 10:38:42,008 [db.exist.scheduler.quartz-worker-3] INFO  (BFile.java [printStatistics]:408) - values.dbx DATA Buffers occupation : 0% (0 out of 64) Cache efficiency : N/A 
2022-02-10 10:48:54,506 [db.exist.scheduler.quartz-worker-3] INFO  (NativeBroker.java [sync]:3557) - Memory: 1,500,672K total; 3,619,328K max; 607,263K free 
2022-02-10 10:48:54,507 [db.exist.scheduler.quartz-worker-3] INFO  (BTree.java [printStatistics]:2609) - dom.dbx INDEX Buffers occupation : 9% (6 out of 64) Cache efficiency : 100% 
2022-02-10 10:48:54,507 [db.exist.scheduler.quartz-worker-3] INFO  (DOMFile.java [printStatistics]:1399) - dom.dbx DATA Buffers occupation : 5% (13 out of 256) Cache efficiency : 99% 
2022-02-10 10:48:54,507 [db.exist.scheduler.quartz-worker-3] INFO  (BTree.java [printStatistics]:2609) - collections.dbx INDEX Buffers occupation : 8% (5 out of 64) Cache efficiency : 99% 
2022-02-10 10:48:54,507 [db.exist.scheduler.quartz-worker-3] INFO  (BFile.java [printStatistics]:408) - collections.dbx DATA Buffers occupation : 6% (4 out of 64) Cache efficiency : 96% 
2022-02-10 10:48:54,508 [db.exist.scheduler.quartz-worker-3] INFO  (BTree.java [printStatistics]:2609) - values.dbx INDEX Buffers occupation : 0% (0 out of 64) Cache efficiency : N/A 
2022-02-10 10:48:54,508 [db.exist.scheduler.quartz-worker-3] INFO  (BFile.java [printStatistics]:408) - values.dbx DATA Buffers occupation : 0% (0 out of 64) Cache efficiency : N/A 
2022-02-10 10:59:07,007 [db.exist.scheduler.quartz-worker-1] INFO  (NativeBroker.java [sync]:3557) - Memory: 1,500,672K total; 3,619,328K max; 599,692K free 
2022-02-10 10:59:07,007 [db.exist.scheduler.quartz-worker-1] INFO  (BTree.java [printStatistics]:2609) - dom.dbx INDEX Buffers occupation : 9% (6 out of 64) Cache efficiency : 100% 
2022-02-10 10:59:07,008 [db.exist.scheduler.quartz-worker-1] INFO  (DOMFile.java [printStatistics]:1399) - dom.dbx DATA Buffers occupation : 5% (13 out of 256) Cache efficiency : 99% 
2022-02-10 10:59:07,008 [db.exist.scheduler.quartz-worker-1] INFO  (BTree.java [printStatistics]:2609) - collections.dbx INDEX Buffers occupation : 8% (5 out of 64) Cache efficiency : 99% 
2022-02-10 10:59:07,008 [db.exist.scheduler.quartz-worker-1] INFO  (BFile.java [printStatistics]:408) - collections.dbx DATA Buffers occupation : 6% (4 out of 64) Cache efficiency : 96% 
2022-02-10 10:59:07,008 [db.exist.scheduler.quartz-worker-1] INFO  (BTree.java [printStatistics]:2609) - values.dbx INDEX Buffers occupation : 0% (0 out of 64) Cache efficiency : N/A 
2022-02-10 10:59:07,008 [db.exist.scheduler.quartz-worker-1] INFO  (BFile.java [printStatistics]:408) - values.dbx DATA Buffers occupation : 0% (0 out of 64) Cache efficiency : N/A 
2022-02-10 11:09:19,506 [db.exist.scheduler.quartz-worker-4] INFO  (NativeBroker.java [sync]:3557) - Memory: 1,500,672K total; 3,619,328K max; 594,014K free 
2022-02-10 11:09:19,506 [db.exist.scheduler.quartz-worker-4] INFO  (BTree.java [printStatistics]:2609) - dom.dbx INDEX Buffers occupation : 9% (6 out of 64) Cache efficiency : 100% 
2022-02-10 11:09:19,506 [db.exist.scheduler.quartz-worker-4] INFO  (DOMFile.java [printStatistics]:1399) - dom.dbx DATA Buffers occupation : 5% (13 out of 256) Cache efficiency : 99% 
2022-02-10 11:09:19,506 [db.exist.scheduler.quartz-worker-4] INFO  (BTree.java [printStatistics]:2609) - collections.dbx INDEX Buffers occupation : 8% (5 out of 64) Cache efficiency : 99% 
2022-02-10 11:09:19,506 [db.exist.scheduler.quartz-worker-4] INFO  (BFile.java [printStatistics]:408) - collections.dbx DATA Buffers occupation : 6% (4 out of 64) Cache efficiency : 96% 
2022-02-10 11:09:19,507 [db.exist.scheduler.quartz-worker-4] INFO  (BTree.java [printStatistics]:2609) - values.dbx INDEX Buffers occupation : 0% (0 out of 64) Cache efficiency : N/A 
2022-02-10 11:09:19,507 [db.exist.scheduler.quartz-worker-4] INFO  (BFile.java [printStatistics]:408) - values.dbx DATA Buffers occupation : 0% (0 out of 64) Cache efficiency : N/A 
2022-02-10 11:19:32,007 [db.exist.scheduler.quartz-worker-4] INFO  (NativeBroker.java [sync]:3557) - Memory: 1,500,672K total; 3,619,328K max; 575,079K free 
2022-02-10 11:19:32,007 [db.exist.scheduler.quartz-worker-4] INFO  (BTree.java [printStatistics]:2609) - dom.dbx INDEX Buffers occupation : 9% (6 out of 64) Cache efficiency : 100% 
2022-02-10 11:19:32,007 [db.exist.scheduler.quartz-worker-4] INFO  (DOMFile.java [printStatistics]:1399) - dom.dbx DATA Buffers occupation : 5% (13 out of 256) Cache efficiency : 99% 
2022-02-10 11:19:32,007 [db.exist.scheduler.quartz-worker-4] INFO  (BTree.java [printStatistics]:2609) - collections.dbx INDEX Buffers occupation : 8% (5 out of 64) Cache efficiency : 99% 
2022-02-10 11:19:32,008 [db.exist.scheduler.quartz-worker-4] INFO  (BFile.java [printStatistics]:408) - collections.dbx DATA Buffers occupation : 6% (4 out of 64) Cache efficiency : 96% 
2022-02-10 11:19:32,008 [db.exist.scheduler.quartz-worker-4] INFO  (BTree.java [printStatistics]:2609) - values.dbx INDEX Buffers occupation : 0% (0 out of 64) Cache efficiency : N/A 
2022-02-10 11:19:32,008 [db.exist.scheduler.quartz-worker-4] INFO  (BFile.java [printStatistics]:408) - values.dbx DATA Buffers occupation : 0% (0 out of 64) Cache efficiency : N/A 
2022-02-10 11:29:44,506 [db.exist.scheduler.quartz-worker-3] INFO  (NativeBroker.java [sync]:3557) - Memory: 1,500,672K total; 3,619,328K max; 561,830K free 
2022-02-10 11:29:44,507 [db.exist.scheduler.quartz-worker-3] INFO  (BTree.java [printStatistics]:2609) - dom.dbx INDEX Buffers occupation : 9% (6 out of 64) Cache efficiency : 100% 
2022-02-10 11:29:44,507 [db.exist.scheduler.quartz-worker-3] INFO  (DOMFile.java [printStatistics]:1399) - dom.dbx DATA Buffers occupation : 5% (13 out of 256) Cache efficiency : 99% 
2022-02-10 11:29:44,507 [db.exist.scheduler.quartz-worker-3] INFO  (BTree.java [printStatistics]:2609) - collections.dbx INDEX Buffers occupation : 8% (5 out of 64) Cache efficiency : 99% 
2022-02-10 11:29:44,508 [db.exist.scheduler.quartz-worker-3] INFO  (BFile.java [printStatistics]:408) - collections.dbx DATA Buffers occupation : 6% (4 out of 64) Cache efficiency : 96% 
2022-02-10 11:29:44,508 [db.exist.scheduler.quartz-worker-3] INFO  (BTree.java [printStatistics]:2609) - values.dbx INDEX Buffers occupation : 0% (0 out of 64) Cache efficiency : N/A 
2022-02-10 11:29:44,508 [db.exist.scheduler.quartz-worker-3] INFO  (BFile.java [printStatistics]:408) - values.dbx DATA Buffers occupation : 0% (0 out of 64) Cache efficiency : N/A 
2022-02-10 11:39:57,006 [db.exist.scheduler.quartz-worker-4] INFO  (NativeBroker.java [sync]:3557) - Memory: 1,500,672K total; 3,619,328K max; 561,830K free 
2022-02-10 11:39:57,006 [db.exist.scheduler.quartz-worker-4] INFO  (BTree.java [printStatistics]:2609) - dom.dbx INDEX Buffers occupation : 9% (6 out of 64) Cache efficiency : 100% 
2022-02-10 11:39:57,007 [db.exist.scheduler.quartz-worker-4] INFO  (DOMFile.java [printStatistics]:1399) - dom.dbx DATA Buffers occupation : 5% (13 out of 256) Cache efficiency : 99% 
2022-02-10 11:39:57,007 [db.exist.scheduler.quartz-worker-4] INFO  (BTree.java [printStatistics]:2609) - collections.dbx INDEX Buffers occupation : 8% (5 out of 64) Cache efficiency : 99% 
2022-02-10 11:39:57,007 [db.exist.scheduler.quartz-worker-4] INFO  (BFile.java [printStatistics]:408) - collections.dbx DATA Buffers occupation : 6% (4 out of 64) Cache efficiency : 96% 
2022-02-10 11:39:57,007 [db.exist.scheduler.quartz-worker-4] INFO  (BTree.java [printStatistics]:2609) - values.dbx INDEX Buffers occupation : 0% (0 out of 64) Cache efficiency : N/A 
2022-02-10 11:39:57,008 [db.exist.scheduler.quartz-worker-4] INFO  (BFile.java [printStatistics]:408) - values.dbx DATA Buffers occupation : 0% (0 out of 64) Cache efficiency : N/A 
2022-02-10 11:50:09,506 [db.exist.scheduler.quartz-worker-4] INFO  (NativeBroker.java [sync]:3557) - Memory: 1,500,672K total; 3,619,328K max; 514,512K free 
2022-02-10 11:50:09,507 [db.exist.scheduler.quartz-worker-4] INFO  (BTree.java [printStatistics]:2609) - dom.dbx INDEX Buffers occupation : 9% (6 out of 64) Cache efficiency : 100% 
2022-02-10 11:50:09,507 [db.exist.scheduler.quartz-worker-4] INFO  (DOMFile.java [printStatistics]:1399) - dom.dbx DATA Buffers occupation : 5% (13 out of 256) Cache efficiency : 99% 
2022-02-10 11:50:09,507 [db.exist.scheduler.quartz-worker-4] INFO  (BTree.java [printStatistics]:2609) - collections.dbx INDEX Buffers occupation : 8% (5 out of 64) Cache efficiency : 99% 
2022-02-10 11:50:09,507 [db.exist.scheduler.quartz-worker-4] INFO  (BFile.java [printStatistics]:408) - collections.dbx DATA Buffers occupation : 6% (4 out of 64) Cache efficiency : 96% 
2022-02-10 11:50:09,507 [db.exist.scheduler.quartz-worker-4] INFO  (BTree.java [printStatistics]:2609) - values.dbx INDEX Buffers occupation : 0% (0 out of 64) Cache efficiency : N/A 
2022-02-10 11:50:09,508 [db.exist.scheduler.quartz-worker-4] INFO  (BFile.java [printStatistics]:408) - values.dbx DATA Buffers occupation : 0% (0 out of 64) Cache efficiency : N/A 
2022-02-10 12:00:22,008 [db.exist.scheduler.quartz-worker-3] INFO  (NativeBroker.java [sync]:3557) - Memory: 1,500,672K total; 3,619,328K max; 514,512K free 
2022-02-10 12:00:22,008 [db.exist.scheduler.quartz-worker-3] INFO  (BTree.java [printStatistics]:2609) - dom.dbx INDEX Buffers occupation : 9% (6 out of 64) Cache efficiency : 100% 
2022-02-10 12:00:22,008 [db.exist.scheduler.quartz-worker-3] INFO  (DOMFile.java [printStatistics]:1399) - dom.dbx DATA Buffers occupation : 5% (13 out of 256) Cache efficiency : 99% 
2022-02-10 12:00:22,009 [db.exist.scheduler.quartz-worker-3] INFO  (BTree.java [printStatistics]:2609) - collections.dbx INDEX Buffers occupation : 8% (5 out of 64) Cache efficiency : 99% 
2022-02-10 12:00:22,009 [db.exist.scheduler.quartz-worker-3] INFO  (BFile.java [printStatistics]:408) - collections.dbx DATA Buffers occupation : 6% (4 out of 64) Cache efficiency : 96% 
2022-02-10 12:00:22,009 [db.exist.scheduler.quartz-worker-3] INFO  (BTree.java [printStatistics]:2609) - values.dbx INDEX Buffers occupation : 0% (0 out of 64) Cache efficiency : N/A 
2022-02-10 12:00:22,010 [db.exist.scheduler.quartz-worker-3] INFO  (BFile.java [printStatistics]:408) - values.dbx DATA Buffers occupation : 0% (0 out of 64) Cache efficiency : N/A 
2022-02-10 12:10:34,506 [db.exist.scheduler.quartz-worker-2] INFO  (NativeBroker.java [sync]:3557) - Memory: 1,500,672K total; 3,619,328K max; 501,263K free 
2022-02-10 12:10:34,507 [db.exist.scheduler.quartz-worker-2] INFO  (BTree.java [printStatistics]:2609) - dom.dbx INDEX Buffers occupation : 9% (6 out of 64) Cache efficiency : 100% 
2022-02-10 12:10:34,507 [db.exist.scheduler.quartz-worker-2] INFO  (DOMFile.java [printStatistics]:1399) - dom.dbx DATA Buffers occupation : 5% (13 out of 256) Cache efficiency : 99% 
2022-02-10 12:10:34,508 [db.exist.scheduler.quartz-worker-2] INFO  (BTree.java [printStatistics]:2609) - collections.dbx INDEX Buffers occupation : 8% (5 out of 64) Cache efficiency : 99% 
2022-02-10 12:10:34,508 [db.exist.scheduler.quartz-worker-2] INFO  (BFile.java [printStatistics]:408) - collections.dbx DATA Buffers occupation : 6% (4 out of 64) Cache efficiency : 96% 
2022-02-10 12:10:34,508 [db.exist.scheduler.quartz-worker-2] INFO  (BTree.java [printStatistics]:2609) - values.dbx INDEX Buffers occupation : 0% (0 out of 64) Cache efficiency : N/A 
2022-02-10 12:10:34,508 [db.exist.scheduler.quartz-worker-2] INFO  (BFile.java [printStatistics]:408) - values.dbx DATA Buffers occupation : 0% (0 out of 64) Cache efficiency : N/A 
2022-02-10 12:20:47,006 [db.exist.scheduler.quartz-worker-2] INFO  (NativeBroker.java [sync]:3557) - Memory: 1,500,672K total; 3,619,328K max; 482,335K free 
2022-02-10 12:20:47,007 [db.exist.scheduler.quartz-worker-2] INFO  (BTree.java [printStatistics]:2609) - dom.dbx INDEX Buffers occupation : 9% (6 out of 64) Cache efficiency : 100% 
2022-02-10 12:20:47,007 [db.exist.scheduler.quartz-worker-2] INFO  (DOMFile.java [printStatistics]:1399) - dom.dbx DATA Buffers occupation : 5% (13 out of 256) Cache efficiency : 99% 
2022-02-10 12:20:47,007 [db.exist.scheduler.quartz-worker-2] INFO  (BTree.java [printStatistics]:2609) - collections.dbx INDEX Buffers occupation : 8% (5 out of 64) Cache efficiency : 99% 
2022-02-10 12:20:47,007 [db.exist.scheduler.quartz-worker-2] INFO  (BFile.java [printStatistics]:408) - collections.dbx DATA Buffers occupation : 6% (4 out of 64) Cache efficiency : 96% 
2022-02-10 12:20:47,008 [db.exist.scheduler.quartz-worker-2] INFO  (BTree.java [printStatistics]:2609) - values.dbx INDEX Buffers occupation : 0% (0 out of 64) Cache efficiency : N/A 
2022-02-10 12:20:47,008 [db.exist.scheduler.quartz-worker-2] INFO  (BFile.java [printStatistics]:408) - values.dbx DATA Buffers occupation : 0% (0 out of 64) Cache efficiency : N/A 
2022-02-10 12:30:59,506 [db.exist.scheduler.quartz-worker-4] INFO  (NativeBroker.java [sync]:3557) - Memory: 1,500,672K total; 3,619,328K max; 476,657K free 
2022-02-10 12:30:59,507 [db.exist.scheduler.quartz-worker-4] INFO  (BTree.java [printStatistics]:2609) - dom.dbx INDEX Buffers occupation : 9% (6 out of 64) Cache efficiency : 100% 
2022-02-10 12:30:59,507 [db.exist.scheduler.quartz-worker-4] INFO  (DOMFile.java [printStatistics]:1399) - dom.dbx DATA Buffers occupation : 5% (13 out of 256) Cache efficiency : 99% 
2022-02-10 12:30:59,507 [db.exist.scheduler.quartz-worker-4] INFO  (BTree.java [printStatistics]:2609) - collections.dbx INDEX Buffers occupation : 8% (5 out of 64) Cache efficiency : 99% 
2022-02-10 12:30:59,508 [db.exist.scheduler.quartz-worker-4] INFO  (BFile.java [printStatistics]:408) - collections.dbx DATA Buffers occupation : 6% (4 out of 64) Cache efficiency : 96% 
2022-02-10 12:30:59,508 [db.exist.scheduler.quartz-worker-4] INFO  (BTree.java [printStatistics]:2609) - values.dbx INDEX Buffers occupation : 0% (0 out of 64) Cache efficiency : N/A 
2022-02-10 12:30:59,508 [db.exist.scheduler.quartz-worker-4] INFO  (BFile.java [printStatistics]:408) - values.dbx DATA Buffers occupation : 0% (0 out of 64) Cache efficiency : N/A 
2022-02-10 12:41:12,006 [db.exist.scheduler.quartz-worker-4] INFO  (NativeBroker.java [sync]:3557) - Memory: 1,500,672K total; 3,619,328K max; 469,086K free 
2022-02-10 12:41:12,007 [db.exist.scheduler.quartz-worker-4] INFO  (BTree.java [printStatistics]:2609) - dom.dbx INDEX Buffers occupation : 9% (6 out of 64) Cache efficiency : 100% 
2022-02-10 12:41:12,007 [db.exist.scheduler.quartz-worker-4] INFO  (DOMFile.java [printStatistics]:1399) - dom.dbx DATA Buffers occupation : 5% (13 out of 256) Cache efficiency : 99% 
2022-02-10 12:41:12,007 [db.exist.scheduler.quartz-worker-4] INFO  (BTree.java [printStatistics]:2609) - collections.dbx INDEX Buffers occupation : 8% (5 out of 64) Cache efficiency : 99% 
2022-02-10 12:41:12,007 [db.exist.scheduler.quartz-worker-4] INFO  (BFile.java [printStatistics]:408) - collections.dbx DATA Buffers occupation : 6% (4 out of 64) Cache efficiency : 96% 
2022-02-10 12:41:12,007 [db.exist.scheduler.quartz-worker-4] INFO  (BTree.java [printStatistics]:2609) - values.dbx INDEX Buffers occupation : 0% (0 out of 64) Cache efficiency : N/A 
2022-02-10 12:41:12,008 [db.exist.scheduler.quartz-worker-4] INFO  (BFile.java [printStatistics]:408) - values.dbx DATA Buffers occupation : 0% (0 out of 64) Cache efficiency : N/A 
2022-02-10 12:51:24,507 [db.exist.scheduler.quartz-worker-3] INFO  (NativeBroker.java [sync]:3557) - Memory: 1,500,672K total; 3,619,328K max; 429,339K free 
2022-02-10 12:51:24,507 [db.exist.scheduler.quartz-worker-3] INFO  (BTree.java [printStatistics]:2609) - dom.dbx INDEX Buffers occupation : 9% (6 out of 64) Cache efficiency : 100% 
2022-02-10 12:51:24,507 [db.exist.scheduler.quartz-worker-3] INFO  (DOMFile.java [printStatistics]:1399) - dom.dbx DATA Buffers occupation : 5% (13 out of 256) Cache efficiency : 99% 
2022-02-10 12:51:24,507 [db.exist.scheduler.quartz-worker-3] INFO  (BTree.java [printStatistics]:2609) - collections.dbx INDEX Buffers occupation : 8% (5 out of 64) Cache efficiency : 99% 
2022-02-10 12:51:24,508 [db.exist.scheduler.quartz-worker-3] INFO  (BFile.java [printStatistics]:408) - collections.dbx DATA Buffers occupation : 6% (4 out of 64) Cache efficiency : 96% 
2022-02-10 12:51:24,508 [db.exist.scheduler.quartz-worker-3] INFO  (BTree.java [printStatistics]:2609) - values.dbx INDEX Buffers occupation : 0% (0 out of 64) Cache efficiency : N/A 
2022-02-10 12:51:24,508 [db.exist.scheduler.quartz-worker-3] INFO  (BFile.java [printStatistics]:408) - values.dbx DATA Buffers occupation : 0% (0 out of 64) Cache efficiency : N/A 
