2022-01-13 12:53:41,413 [http-nio-8081-exec-2] ERROR (XQueryURLRewrite.java [service]:368) - Error while processing /exist/apps/eXide/resources/css/font-awesome/fonts/fontawesome-webfont.woff: An error occurred: java.io.IOException: Broken pipe 
javax.servlet.ServletException: An error occurred: java.io.IOException: Broken pipe
	at org.exist.http.servlets.EXistServlet.doGet(EXistServlet.java:282) ~[exist-optional.jar:4.8.0]
	at javax.servlet.http.HttpServlet.service(HttpServlet.java:655) ~[servlet-api.jar:?]
	at javax.servlet.http.HttpServlet.service(HttpServlet.java:764) ~[servlet-api.jar:?]
	at org.apache.catalina.core.ApplicationFilterChain.internalDoFilter(ApplicationFilterChain.java:231) ~[catalina.jar:8.5.73]
	at org.apache.catalina.core.ApplicationFilterChain.doFilter(ApplicationFilterChain.java:166) ~[catalina.jar:8.5.73]
	at org.apache.catalina.core.ApplicationDispatcher.invoke(ApplicationDispatcher.java:712) ~[catalina.jar:8.5.73]
	at org.apache.catalina.core.ApplicationDispatcher.processRequest(ApplicationDispatcher.java:462) ~[catalina.jar:8.5.73]
	at org.apache.catalina.core.ApplicationDispatcher.doForward(ApplicationDispatcher.java:356) ~[catalina.jar:8.5.73]
	at org.apache.catalina.core.ApplicationDispatcher.forward(ApplicationDispatcher.java:316) ~[catalina.jar:8.5.73]
	at org.exist.http.urlrewrite.Forward.doRewrite(Forward.java:51) ~[exist-optional.jar:4.8.0]
	at org.exist.http.urlrewrite.XQueryURLRewrite.doRewrite(XQueryURLRewrite.java:524) ~[exist-optional.jar:4.8.0]
	at org.exist.http.urlrewrite.XQueryURLRewrite.service(XQueryURLRewrite.java:343) [exist-optional.jar:4.8.0]
	at javax.servlet.http.HttpServlet.service(HttpServlet.java:764) [servlet-api.jar:?]
	at org.apache.catalina.core.ApplicationFilterChain.internalDoFilter(ApplicationFilterChain.java:231) [catalina.jar:8.5.73]
	at org.apache.catalina.core.ApplicationFilterChain.doFilter(ApplicationFilterChain.java:166) [catalina.jar:8.5.73]
	at org.apache.tomcat.websocket.server.WsFilter.doFilter(WsFilter.java:52) [tomcat-websocket.jar:8.5.73]
	at org.apache.catalina.core.ApplicationFilterChain.internalDoFilter(ApplicationFilterChain.java:193) [catalina.jar:8.5.73]
	at org.apache.catalina.core.ApplicationFilterChain.doFilter(ApplicationFilterChain.java:166) [catalina.jar:8.5.73]
	at de.betterform.agent.web.filter.XFormsFilter.doFilter(XFormsFilter.java:171) [betterform-exist-5.1-SNAPSHOT-20160615.jar:?]
	at org.apache.catalina.core.ApplicationFilterChain.internalDoFilter(ApplicationFilterChain.java:193) [catalina.jar:8.5.73]
	at org.apache.catalina.core.ApplicationFilterChain.doFilter(ApplicationFilterChain.java:166) [catalina.jar:8.5.73]
	at org.apache.logging.log4j.web.Log4jServletFilter.doFilter(Log4jServletFilter.java:71) [log4j-web-2.15.0.jar:2.15.0]
	at org.apache.catalina.core.ApplicationFilterChain.internalDoFilter(ApplicationFilterChain.java:193) [catalina.jar:8.5.73]
	at org.apache.catalina.core.ApplicationFilterChain.doFilter(ApplicationFilterChain.java:166) [catalina.jar:8.5.73]
	at org.apache.catalina.core.StandardWrapperValve.invoke(StandardWrapperValve.java:196) [catalina.jar:8.5.73]
	at org.apache.catalina.core.StandardContextValve.invoke(StandardContextValve.java:97) [catalina.jar:8.5.73]
	at org.apache.catalina.authenticator.AuthenticatorBase.invoke(AuthenticatorBase.java:542) [catalina.jar:8.5.73]
	at org.apache.catalina.core.StandardHostValve.invoke(StandardHostValve.java:135) [catalina.jar:8.5.73]
	at org.apache.catalina.valves.ErrorReportValve.invoke(ErrorReportValve.java:81) [catalina.jar:8.5.73]
	at org.apache.catalina.valves.AbstractAccessLogValve.invoke(AbstractAccessLogValve.java:698) [catalina.jar:8.5.73]
	at org.apache.catalina.core.StandardEngineValve.invoke(StandardEngineValve.java:78) [catalina.jar:8.5.73]
	at org.apache.catalina.connector.CoyoteAdapter.service(CoyoteAdapter.java:364) [catalina.jar:8.5.73]
	at org.apache.coyote.http11.Http11Processor.service(Http11Processor.java:624) [tomcat-coyote.jar:8.5.73]
	at org.apache.coyote.AbstractProcessorLight.process(AbstractProcessorLight.java:65) [tomcat-coyote.jar:8.5.73]
	at org.apache.coyote.AbstractProtocol$ConnectionHandler.process(AbstractProtocol.java:831) [tomcat-coyote.jar:8.5.73]
	at org.apache.tomcat.util.net.NioEndpoint$SocketProcessor.doRun(NioEndpoint.java:1673) [tomcat-coyote.jar:8.5.73]
	at org.apache.tomcat.util.net.SocketProcessorBase.run(SocketProcessorBase.java:49) [tomcat-coyote.jar:8.5.73]
	at org.apache.tomcat.util.threads.ThreadPoolExecutor.runWorker(ThreadPoolExecutor.java:1191) [tomcat-util.jar:8.5.73]
	at org.apache.tomcat.util.threads.ThreadPoolExecutor$Worker.run(ThreadPoolExecutor.java:659) [tomcat-util.jar:8.5.73]
	at org.apache.tomcat.util.threads.TaskThread$WrappingRunnable.run(TaskThread.java:61) [tomcat-util.jar:8.5.73]
	at java.lang.Thread.run(Thread.java:831) [?:?]
Caused by: org.apache.catalina.connector.ClientAbortException: java.io.IOException: Broken pipe
	at org.apache.catalina.connector.OutputBuffer.realWriteBytes(OutputBuffer.java:371) ~[catalina.jar:8.5.73]
	at org.apache.catalina.connector.OutputBuffer.appendByteArray(OutputBuffer.java:815) ~[catalina.jar:8.5.73]
	at org.apache.catalina.connector.OutputBuffer.append(OutputBuffer.java:744) ~[catalina.jar:8.5.73]
	at org.apache.catalina.connector.OutputBuffer.writeBytes(OutputBuffer.java:406) ~[catalina.jar:8.5.73]
	at org.apache.catalina.connector.OutputBuffer.write(OutputBuffer.java:384) ~[catalina.jar:8.5.73]
	at org.apache.catalina.connector.CoyoteOutputStream.write(CoyoteOutputStream.java:96) ~[catalina.jar:8.5.73]
	at org.exist.util.io.InputStreamUtil.copy(InputStreamUtil.java:59) ~[exist.jar:4.8.0]
	at org.exist.util.io.InputStreamUtil.copy(InputStreamUtil.java:43) ~[exist.jar:4.8.0]
	at org.exist.storage.NativeBroker.readBinaryResource(NativeBroker.java:2086) ~[exist.jar:4.8.0]
	at org.exist.storage.NativeBroker.readBinaryResource(NativeBroker.java:2070) ~[exist.jar:4.8.0]
	at org.exist.http.RESTServer.writeResourceAs(RESTServer.java:1698) ~[exist-optional.jar:4.8.0]
	at org.exist.http.RESTServer.doGet(RESTServer.java:413) ~[exist-optional.jar:4.8.0]
	at org.exist.http.servlets.EXistServlet.doGet(EXistServlet.java:249) ~[exist-optional.jar:4.8.0]
	... 40 more
Caused by: java.io.IOException: Broken pipe
	at sun.nio.ch.FileDispatcherImpl.write0(Native Method) ~[?:?]
	at sun.nio.ch.SocketDispatcher.write(SocketDispatcher.java:62) ~[?:?]
	at sun.nio.ch.IOUtil.writeFromNativeBuffer(IOUtil.java:113) ~[?:?]
	at sun.nio.ch.IOUtil.write(IOUtil.java:79) ~[?:?]
	at sun.nio.ch.IOUtil.write(IOUtil.java:50) ~[?:?]
	at sun.nio.ch.SocketChannelImpl.write(SocketChannelImpl.java:532) ~[?:?]
	at org.apache.tomcat.util.net.NioChannel.write(NioChannel.java:142) ~[tomcat-coyote.jar:8.5.73]
	at org.apache.tomcat.util.net.NioBlockingSelector.write(NioBlockingSelector.java:118) ~[tomcat-coyote.jar:8.5.73]
	at org.apache.tomcat.util.net.NioSelectorPool.write(NioSelectorPool.java:167) ~[tomcat-coyote.jar:8.5.73]
	at org.apache.tomcat.util.net.NioEndpoint$NioSocketWrapper.doWrite(NioEndpoint.java:1360) ~[tomcat-coyote.jar:8.5.73]
	at org.apache.tomcat.util.net.SocketWrapperBase.doWrite(SocketWrapperBase.java:718) ~[tomcat-coyote.jar:8.5.73]
	at org.apache.tomcat.util.net.SocketWrapperBase.writeBlocking(SocketWrapperBase.java:538) ~[tomcat-coyote.jar:8.5.73]
	at org.apache.tomcat.util.net.SocketWrapperBase.write(SocketWrapperBase.java:482) ~[tomcat-coyote.jar:8.5.73]
	at org.apache.coyote.http11.Http11OutputBuffer$SocketOutputBuffer.doWrite(Http11OutputBuffer.java:632) ~[tomcat-coyote.jar:8.5.73]
	at org.apache.coyote.http11.filters.IdentityOutputFilter.doWrite(IdentityOutputFilter.java:116) ~[tomcat-coyote.jar:8.5.73]
	at org.apache.coyote.http11.Http11OutputBuffer.doWrite(Http11OutputBuffer.java:229) ~[tomcat-coyote.jar:8.5.73]
	at org.apache.coyote.Response.doWrite(Response.java:614) ~[tomcat-coyote.jar:8.5.73]
	at org.apache.catalina.connector.OutputBuffer.realWriteBytes(OutputBuffer.java:358) ~[catalina.jar:8.5.73]
	at org.apache.catalina.connector.OutputBuffer.appendByteArray(OutputBuffer.java:815) ~[catalina.jar:8.5.73]
	at org.apache.catalina.connector.OutputBuffer.append(OutputBuffer.java:744) ~[catalina.jar:8.5.73]
	at org.apache.catalina.connector.OutputBuffer.writeBytes(OutputBuffer.java:406) ~[catalina.jar:8.5.73]
	at org.apache.catalina.connector.OutputBuffer.write(OutputBuffer.java:384) ~[catalina.jar:8.5.73]
	at org.apache.catalina.connector.CoyoteOutputStream.write(CoyoteOutputStream.java:96) ~[catalina.jar:8.5.73]
	at org.exist.util.io.InputStreamUtil.copy(InputStreamUtil.java:59) ~[exist.jar:4.8.0]
	at org.exist.util.io.InputStreamUtil.copy(InputStreamUtil.java:43) ~[exist.jar:4.8.0]
	at org.exist.storage.NativeBroker.readBinaryResource(NativeBroker.java:2086) ~[exist.jar:4.8.0]
	at org.exist.storage.NativeBroker.readBinaryResource(NativeBroker.java:2070) ~[exist.jar:4.8.0]
	at org.exist.http.RESTServer.writeResourceAs(RESTServer.java:1698) ~[exist-optional.jar:4.8.0]
	at org.exist.http.RESTServer.doGet(RESTServer.java:413) ~[exist-optional.jar:4.8.0]
	at org.exist.http.servlets.EXistServlet.doGet(EXistServlet.java:249) ~[exist-optional.jar:4.8.0]
	... 40 more
2022-02-10 07:13:54,651 [http-nio-8081-exec-5] ERROR (XQueryURLRewrite.java [service]:368) - Error while processing /exist/apps/bfResources/scripts/dijit/themes/nihilo/nihilo.css: java.io.IOException: Broken pipe 
org.apache.catalina.connector.ClientAbortException: java.io.IOException: Broken pipe
	at org.apache.catalina.connector.OutputBuffer.realWriteBytes(OutputBuffer.java:371) ~[catalina.jar:8.5.73]
	at org.apache.catalina.connector.OutputBuffer.flushByteBuffer(OutputBuffer.java:845) ~[catalina.jar:8.5.73]
	at org.apache.catalina.connector.OutputBuffer.doFlush(OutputBuffer.java:317) ~[catalina.jar:8.5.73]
	at org.apache.catalina.connector.OutputBuffer.flush(OutputBuffer.java:291) ~[catalina.jar:8.5.73]
	at org.apache.catalina.connector.CoyoteOutputStream.flush(CoyoteOutputStream.java:118) ~[catalina.jar:8.5.73]
	at de.betterform.agent.web.resources.ResourceServlet.doGet(ResourceServlet.java:189) ~[betterform-exist-5.1-SNAPSHOT-20160615.jar:?]
	at javax.servlet.http.HttpServlet.service(HttpServlet.java:669) ~[servlet-api.jar:?]
	at javax.servlet.http.HttpServlet.service(HttpServlet.java:764) ~[servlet-api.jar:?]
	at org.apache.catalina.core.ApplicationFilterChain.internalDoFilter(ApplicationFilterChain.java:231) ~[catalina.jar:8.5.73]
	at org.apache.catalina.core.ApplicationFilterChain.doFilter(ApplicationFilterChain.java:166) ~[catalina.jar:8.5.73]
	at org.apache.catalina.core.ApplicationDispatcher.invoke(ApplicationDispatcher.java:712) ~[catalina.jar:8.5.73]
	at org.apache.catalina.core.ApplicationDispatcher.processRequest(ApplicationDispatcher.java:462) ~[catalina.jar:8.5.73]
	at org.apache.catalina.core.ApplicationDispatcher.doForward(ApplicationDispatcher.java:356) ~[catalina.jar:8.5.73]
	at org.apache.catalina.core.ApplicationDispatcher.forward(ApplicationDispatcher.java:316) ~[catalina.jar:8.5.73]
	at org.exist.http.urlrewrite.Forward.doRewrite(Forward.java:51) ~[exist-optional.jar:4.8.0]
	at org.exist.http.urlrewrite.XQueryURLRewrite.service(XQueryURLRewrite.java:206) [exist-optional.jar:4.8.0]
	at javax.servlet.http.HttpServlet.service(HttpServlet.java:764) [servlet-api.jar:?]
	at org.apache.catalina.core.ApplicationFilterChain.internalDoFilter(ApplicationFilterChain.java:231) [catalina.jar:8.5.73]
	at org.apache.catalina.core.ApplicationFilterChain.doFilter(ApplicationFilterChain.java:166) [catalina.jar:8.5.73]
	at org.apache.tomcat.websocket.server.WsFilter.doFilter(WsFilter.java:52) [tomcat-websocket.jar:8.5.73]
	at org.apache.catalina.core.ApplicationFilterChain.internalDoFilter(ApplicationFilterChain.java:193) [catalina.jar:8.5.73]
	at org.apache.catalina.core.ApplicationFilterChain.doFilter(ApplicationFilterChain.java:166) [catalina.jar:8.5.73]
	at de.betterform.agent.web.filter.XFormsFilter.doFilter(XFormsFilter.java:171) [betterform-exist-5.1-SNAPSHOT-20160615.jar:?]
	at org.apache.catalina.core.ApplicationFilterChain.internalDoFilter(ApplicationFilterChain.java:193) [catalina.jar:8.5.73]
	at org.apache.catalina.core.ApplicationFilterChain.doFilter(ApplicationFilterChain.java:166) [catalina.jar:8.5.73]
	at org.apache.logging.log4j.web.Log4jServletFilter.doFilter(Log4jServletFilter.java:71) [log4j-web-2.15.0.jar:2.15.0]
	at org.apache.catalina.core.ApplicationFilterChain.internalDoFilter(ApplicationFilterChain.java:193) [catalina.jar:8.5.73]
	at org.apache.catalina.core.ApplicationFilterChain.doFilter(ApplicationFilterChain.java:166) [catalina.jar:8.5.73]
	at org.apache.catalina.core.StandardWrapperValve.invoke(StandardWrapperValve.java:196) [catalina.jar:8.5.73]
	at org.apache.catalina.core.StandardContextValve.invoke(StandardContextValve.java:97) [catalina.jar:8.5.73]
	at org.apache.catalina.authenticator.AuthenticatorBase.invoke(AuthenticatorBase.java:542) [catalina.jar:8.5.73]
	at org.apache.catalina.core.StandardHostValve.invoke(StandardHostValve.java:135) [catalina.jar:8.5.73]
	at org.apache.catalina.valves.ErrorReportValve.invoke(ErrorReportValve.java:81) [catalina.jar:8.5.73]
	at org.apache.catalina.valves.AbstractAccessLogValve.invoke(AbstractAccessLogValve.java:698) [catalina.jar:8.5.73]
	at org.apache.catalina.core.StandardEngineValve.invoke(StandardEngineValve.java:78) [catalina.jar:8.5.73]
	at org.apache.catalina.connector.CoyoteAdapter.service(CoyoteAdapter.java:364) [catalina.jar:8.5.73]
	at org.apache.coyote.http11.Http11Processor.service(Http11Processor.java:624) [tomcat-coyote.jar:8.5.73]
	at org.apache.coyote.AbstractProcessorLight.process(AbstractProcessorLight.java:65) [tomcat-coyote.jar:8.5.73]
	at org.apache.coyote.AbstractProtocol$ConnectionHandler.process(AbstractProtocol.java:831) [tomcat-coyote.jar:8.5.73]
	at org.apache.tomcat.util.net.NioEndpoint$SocketProcessor.doRun(NioEndpoint.java:1673) [tomcat-coyote.jar:8.5.73]
	at org.apache.tomcat.util.net.SocketProcessorBase.run(SocketProcessorBase.java:49) [tomcat-coyote.jar:8.5.73]
	at org.apache.tomcat.util.threads.ThreadPoolExecutor.runWorker(ThreadPoolExecutor.java:1191) [tomcat-util.jar:8.5.73]
	at org.apache.tomcat.util.threads.ThreadPoolExecutor$Worker.run(ThreadPoolExecutor.java:659) [tomcat-util.jar:8.5.73]
	at org.apache.tomcat.util.threads.TaskThread$WrappingRunnable.run(TaskThread.java:61) [tomcat-util.jar:8.5.73]
	at java.lang.Thread.run(Thread.java:748) [?:1.8.0_312]
Caused by: java.io.IOException: Broken pipe
	at sun.nio.ch.FileDispatcherImpl.write0(Native Method) ~[?:1.8.0_312]
	at sun.nio.ch.SocketDispatcher.write(SocketDispatcher.java:47) ~[?:1.8.0_312]
	at sun.nio.ch.IOUtil.writeFromNativeBuffer(IOUtil.java:93) ~[?:1.8.0_312]
	at sun.nio.ch.IOUtil.write(IOUtil.java:65) ~[?:1.8.0_312]
	at sun.nio.ch.SocketChannelImpl.write(SocketChannelImpl.java:470) ~[?:1.8.0_312]
	at org.apache.tomcat.util.net.NioChannel.write(NioChannel.java:142) ~[tomcat-coyote.jar:8.5.73]
	at org.apache.tomcat.util.net.NioBlockingSelector.write(NioBlockingSelector.java:118) ~[tomcat-coyote.jar:8.5.73]
	at org.apache.tomcat.util.net.NioSelectorPool.write(NioSelectorPool.java:167) ~[tomcat-coyote.jar:8.5.73]
	at org.apache.tomcat.util.net.NioEndpoint$NioSocketWrapper.doWrite(NioEndpoint.java:1360) ~[tomcat-coyote.jar:8.5.73]
	at org.apache.tomcat.util.net.SocketWrapperBase.doWrite(SocketWrapperBase.java:718) ~[tomcat-coyote.jar:8.5.73]
	at org.apache.tomcat.util.net.SocketWrapperBase.writeBlocking(SocketWrapperBase.java:538) ~[tomcat-coyote.jar:8.5.73]
	at org.apache.tomcat.util.net.SocketWrapperBase.write(SocketWrapperBase.java:482) ~[tomcat-coyote.jar:8.5.73]
	at org.apache.coyote.http11.Http11OutputBuffer$SocketOutputBuffer.doWrite(Http11OutputBuffer.java:632) ~[tomcat-coyote.jar:8.5.73]
	at org.apache.coyote.http11.filters.ChunkedOutputFilter.doWrite(ChunkedOutputFilter.java:119) ~[tomcat-coyote.jar:8.5.73]
	at org.apache.coyote.http11.Http11OutputBuffer.doWrite(Http11OutputBuffer.java:229) ~[tomcat-coyote.jar:8.5.73]
	at org.apache.coyote.Response.doWrite(Response.java:614) ~[tomcat-coyote.jar:8.5.73]
	at org.apache.catalina.connector.OutputBuffer.realWriteBytes(OutputBuffer.java:358) ~[catalina.jar:8.5.73]
	... 44 more
2022-02-10 07:13:54,654 [http-nio-8081-exec-3] ERROR (XQueryURLRewrite.java [service]:368) - Error while processing /exist/apps/bfResources/scripts/dojo/dojo.js: java.io.IOException: Broken pipe 
org.apache.catalina.connector.ClientAbortException: java.io.IOException: Broken pipe
	at org.apache.catalina.connector.OutputBuffer.realWriteBytes(OutputBuffer.java:371) ~[catalina.jar:8.5.73]
	at org.apache.catalina.connector.OutputBuffer.flushByteBuffer(OutputBuffer.java:845) ~[catalina.jar:8.5.73]
	at org.apache.catalina.connector.OutputBuffer.doFlush(OutputBuffer.java:317) ~[catalina.jar:8.5.73]
	at org.apache.catalina.connector.OutputBuffer.flush(OutputBuffer.java:291) ~[catalina.jar:8.5.73]
	at org.apache.catalina.connector.CoyoteOutputStream.flush(CoyoteOutputStream.java:118) ~[catalina.jar:8.5.73]
	at de.betterform.agent.web.resources.ResourceServlet.doGet(ResourceServlet.java:189) ~[betterform-exist-5.1-SNAPSHOT-20160615.jar:?]
	at javax.servlet.http.HttpServlet.service(HttpServlet.java:669) ~[servlet-api.jar:?]
	at javax.servlet.http.HttpServlet.service(HttpServlet.java:764) ~[servlet-api.jar:?]
	at org.apache.catalina.core.ApplicationFilterChain.internalDoFilter(ApplicationFilterChain.java:231) ~[catalina.jar:8.5.73]
	at org.apache.catalina.core.ApplicationFilterChain.doFilter(ApplicationFilterChain.java:166) ~[catalina.jar:8.5.73]
	at org.apache.catalina.core.ApplicationDispatcher.invoke(ApplicationDispatcher.java:712) ~[catalina.jar:8.5.73]
	at org.apache.catalina.core.ApplicationDispatcher.processRequest(ApplicationDispatcher.java:462) ~[catalina.jar:8.5.73]
	at org.apache.catalina.core.ApplicationDispatcher.doForward(ApplicationDispatcher.java:356) ~[catalina.jar:8.5.73]
	at org.apache.catalina.core.ApplicationDispatcher.forward(ApplicationDispatcher.java:316) ~[catalina.jar:8.5.73]
	at org.exist.http.urlrewrite.Forward.doRewrite(Forward.java:51) ~[exist-optional.jar:4.8.0]
	at org.exist.http.urlrewrite.XQueryURLRewrite.service(XQueryURLRewrite.java:206) [exist-optional.jar:4.8.0]
	at javax.servlet.http.HttpServlet.service(HttpServlet.java:764) [servlet-api.jar:?]
	at org.apache.catalina.core.ApplicationFilterChain.internalDoFilter(ApplicationFilterChain.java:231) [catalina.jar:8.5.73]
	at org.apache.catalina.core.ApplicationFilterChain.doFilter(ApplicationFilterChain.java:166) [catalina.jar:8.5.73]
	at org.apache.tomcat.websocket.server.WsFilter.doFilter(WsFilter.java:52) [tomcat-websocket.jar:8.5.73]
	at org.apache.catalina.core.ApplicationFilterChain.internalDoFilter(ApplicationFilterChain.java:193) [catalina.jar:8.5.73]
	at org.apache.catalina.core.ApplicationFilterChain.doFilter(ApplicationFilterChain.java:166) [catalina.jar:8.5.73]
	at de.betterform.agent.web.filter.XFormsFilter.doFilter(XFormsFilter.java:171) [betterform-exist-5.1-SNAPSHOT-20160615.jar:?]
	at org.apache.catalina.core.ApplicationFilterChain.internalDoFilter(ApplicationFilterChain.java:193) [catalina.jar:8.5.73]
	at org.apache.catalina.core.ApplicationFilterChain.doFilter(ApplicationFilterChain.java:166) [catalina.jar:8.5.73]
	at org.apache.logging.log4j.web.Log4jServletFilter.doFilter(Log4jServletFilter.java:71) [log4j-web-2.15.0.jar:2.15.0]
	at org.apache.catalina.core.ApplicationFilterChain.internalDoFilter(ApplicationFilterChain.java:193) [catalina.jar:8.5.73]
	at org.apache.catalina.core.ApplicationFilterChain.doFilter(ApplicationFilterChain.java:166) [catalina.jar:8.5.73]
	at org.apache.catalina.core.StandardWrapperValve.invoke(StandardWrapperValve.java:196) [catalina.jar:8.5.73]
	at org.apache.catalina.core.StandardContextValve.invoke(StandardContextValve.java:97) [catalina.jar:8.5.73]
	at org.apache.catalina.authenticator.AuthenticatorBase.invoke(AuthenticatorBase.java:542) [catalina.jar:8.5.73]
	at org.apache.catalina.core.StandardHostValve.invoke(StandardHostValve.java:135) [catalina.jar:8.5.73]
	at org.apache.catalina.valves.ErrorReportValve.invoke(ErrorReportValve.java:81) [catalina.jar:8.5.73]
	at org.apache.catalina.valves.AbstractAccessLogValve.invoke(AbstractAccessLogValve.java:698) [catalina.jar:8.5.73]
	at org.apache.catalina.core.StandardEngineValve.invoke(StandardEngineValve.java:78) [catalina.jar:8.5.73]
	at org.apache.catalina.connector.CoyoteAdapter.service(CoyoteAdapter.java:364) [catalina.jar:8.5.73]
	at org.apache.coyote.http11.Http11Processor.service(Http11Processor.java:624) [tomcat-coyote.jar:8.5.73]
	at org.apache.coyote.AbstractProcessorLight.process(AbstractProcessorLight.java:65) [tomcat-coyote.jar:8.5.73]
	at org.apache.coyote.AbstractProtocol$ConnectionHandler.process(AbstractProtocol.java:831) [tomcat-coyote.jar:8.5.73]
	at org.apache.tomcat.util.net.NioEndpoint$SocketProcessor.doRun(NioEndpoint.java:1673) [tomcat-coyote.jar:8.5.73]
	at org.apache.tomcat.util.net.SocketProcessorBase.run(SocketProcessorBase.java:49) [tomcat-coyote.jar:8.5.73]
	at org.apache.tomcat.util.threads.ThreadPoolExecutor.runWorker(ThreadPoolExecutor.java:1191) [tomcat-util.jar:8.5.73]
	at org.apache.tomcat.util.threads.ThreadPoolExecutor$Worker.run(ThreadPoolExecutor.java:659) [tomcat-util.jar:8.5.73]
	at org.apache.tomcat.util.threads.TaskThread$WrappingRunnable.run(TaskThread.java:61) [tomcat-util.jar:8.5.73]
	at java.lang.Thread.run(Thread.java:748) [?:1.8.0_312]
Caused by: java.io.IOException: Broken pipe
	at sun.nio.ch.FileDispatcherImpl.write0(Native Method) ~[?:1.8.0_312]
	at sun.nio.ch.SocketDispatcher.write(SocketDispatcher.java:47) ~[?:1.8.0_312]
	at sun.nio.ch.IOUtil.writeFromNativeBuffer(IOUtil.java:93) ~[?:1.8.0_312]
	at sun.nio.ch.IOUtil.write(IOUtil.java:65) ~[?:1.8.0_312]
	at sun.nio.ch.SocketChannelImpl.write(SocketChannelImpl.java:470) ~[?:1.8.0_312]
	at org.apache.tomcat.util.net.NioChannel.write(NioChannel.java:142) ~[tomcat-coyote.jar:8.5.73]
	at org.apache.tomcat.util.net.NioBlockingSelector.write(NioBlockingSelector.java:118) ~[tomcat-coyote.jar:8.5.73]
	at org.apache.tomcat.util.net.NioSelectorPool.write(NioSelectorPool.java:167) ~[tomcat-coyote.jar:8.5.73]
	at org.apache.tomcat.util.net.NioEndpoint$NioSocketWrapper.doWrite(NioEndpoint.java:1360) ~[tomcat-coyote.jar:8.5.73]
	at org.apache.tomcat.util.net.SocketWrapperBase.doWrite(SocketWrapperBase.java:718) ~[tomcat-coyote.jar:8.5.73]
	at org.apache.tomcat.util.net.SocketWrapperBase.writeBlocking(SocketWrapperBase.java:538) ~[tomcat-coyote.jar:8.5.73]
	at org.apache.tomcat.util.net.SocketWrapperBase.write(SocketWrapperBase.java:482) ~[tomcat-coyote.jar:8.5.73]
	at org.apache.coyote.http11.Http11OutputBuffer$SocketOutputBuffer.doWrite(Http11OutputBuffer.java:632) ~[tomcat-coyote.jar:8.5.73]
	at org.apache.coyote.http11.filters.ChunkedOutputFilter.doWrite(ChunkedOutputFilter.java:119) ~[tomcat-coyote.jar:8.5.73]
	at org.apache.coyote.http11.Http11OutputBuffer.doWrite(Http11OutputBuffer.java:229) ~[tomcat-coyote.jar:8.5.73]
	at org.apache.coyote.Response.doWrite(Response.java:614) ~[tomcat-coyote.jar:8.5.73]
	at org.apache.catalina.connector.OutputBuffer.realWriteBytes(OutputBuffer.java:358) ~[catalina.jar:8.5.73]
	... 44 more
2022-02-10 07:13:54,694 [http-nio-8081-exec-7] ERROR (XQueryURLRewrite.java [service]:368) - Error while processing /exist/apps/dashboard/resources/scripts/jquery.fileupload.js: An error occurred: java.io.IOException: Broken pipe 
javax.servlet.ServletException: An error occurred: java.io.IOException: Broken pipe
	at org.exist.http.servlets.EXistServlet.doGet(EXistServlet.java:282) ~[exist-optional.jar:4.8.0]
	at javax.servlet.http.HttpServlet.service(HttpServlet.java:655) ~[servlet-api.jar:?]
	at javax.servlet.http.HttpServlet.service(HttpServlet.java:764) ~[servlet-api.jar:?]
	at org.apache.catalina.core.ApplicationFilterChain.internalDoFilter(ApplicationFilterChain.java:231) ~[catalina.jar:8.5.73]
	at org.apache.catalina.core.ApplicationFilterChain.doFilter(ApplicationFilterChain.java:166) ~[catalina.jar:8.5.73]
	at org.apache.catalina.core.ApplicationDispatcher.invoke(ApplicationDispatcher.java:712) ~[catalina.jar:8.5.73]
	at org.apache.catalina.core.ApplicationDispatcher.processRequest(ApplicationDispatcher.java:462) ~[catalina.jar:8.5.73]
	at org.apache.catalina.core.ApplicationDispatcher.doForward(ApplicationDispatcher.java:356) ~[catalina.jar:8.5.73]
	at org.apache.catalina.core.ApplicationDispatcher.forward(ApplicationDispatcher.java:316) ~[catalina.jar:8.5.73]
	at org.exist.http.urlrewrite.Forward.doRewrite(Forward.java:51) ~[exist-optional.jar:4.8.0]
	at org.exist.http.urlrewrite.XQueryURLRewrite.doRewrite(XQueryURLRewrite.java:524) ~[exist-optional.jar:4.8.0]
	at org.exist.http.urlrewrite.XQueryURLRewrite.service(XQueryURLRewrite.java:343) [exist-optional.jar:4.8.0]
	at javax.servlet.http.HttpServlet.service(HttpServlet.java:764) [servlet-api.jar:?]
	at org.apache.catalina.core.ApplicationFilterChain.internalDoFilter(ApplicationFilterChain.java:231) [catalina.jar:8.5.73]
	at org.apache.catalina.core.ApplicationFilterChain.doFilter(ApplicationFilterChain.java:166) [catalina.jar:8.5.73]
	at org.apache.tomcat.websocket.server.WsFilter.doFilter(WsFilter.java:52) [tomcat-websocket.jar:8.5.73]
	at org.apache.catalina.core.ApplicationFilterChain.internalDoFilter(ApplicationFilterChain.java:193) [catalina.jar:8.5.73]
	at org.apache.catalina.core.ApplicationFilterChain.doFilter(ApplicationFilterChain.java:166) [catalina.jar:8.5.73]
	at de.betterform.agent.web.filter.XFormsFilter.doFilter(XFormsFilter.java:171) [betterform-exist-5.1-SNAPSHOT-20160615.jar:?]
	at org.apache.catalina.core.ApplicationFilterChain.internalDoFilter(ApplicationFilterChain.java:193) [catalina.jar:8.5.73]
	at org.apache.catalina.core.ApplicationFilterChain.doFilter(ApplicationFilterChain.java:166) [catalina.jar:8.5.73]
	at org.apache.logging.log4j.web.Log4jServletFilter.doFilter(Log4jServletFilter.java:71) [log4j-web-2.15.0.jar:2.15.0]
	at org.apache.catalina.core.ApplicationFilterChain.internalDoFilter(ApplicationFilterChain.java:193) [catalina.jar:8.5.73]
	at org.apache.catalina.core.ApplicationFilterChain.doFilter(ApplicationFilterChain.java:166) [catalina.jar:8.5.73]
	at org.apache.catalina.core.StandardWrapperValve.invoke(StandardWrapperValve.java:196) [catalina.jar:8.5.73]
	at org.apache.catalina.core.StandardContextValve.invoke(StandardContextValve.java:97) [catalina.jar:8.5.73]
	at org.apache.catalina.authenticator.AuthenticatorBase.invoke(AuthenticatorBase.java:542) [catalina.jar:8.5.73]
	at org.apache.catalina.core.StandardHostValve.invoke(StandardHostValve.java:135) [catalina.jar:8.5.73]
	at org.apache.catalina.valves.ErrorReportValve.invoke(ErrorReportValve.java:81) [catalina.jar:8.5.73]
	at org.apache.catalina.valves.AbstractAccessLogValve.invoke(AbstractAccessLogValve.java:698) [catalina.jar:8.5.73]
	at org.apache.catalina.core.StandardEngineValve.invoke(StandardEngineValve.java:78) [catalina.jar:8.5.73]
	at org.apache.catalina.connector.CoyoteAdapter.service(CoyoteAdapter.java:364) [catalina.jar:8.5.73]
	at org.apache.coyote.http11.Http11Processor.service(Http11Processor.java:624) [tomcat-coyote.jar:8.5.73]
	at org.apache.coyote.AbstractProcessorLight.process(AbstractProcessorLight.java:65) [tomcat-coyote.jar:8.5.73]
	at org.apache.coyote.AbstractProtocol$ConnectionHandler.process(AbstractProtocol.java:831) [tomcat-coyote.jar:8.5.73]
	at org.apache.tomcat.util.net.NioEndpoint$SocketProcessor.doRun(NioEndpoint.java:1673) [tomcat-coyote.jar:8.5.73]
	at org.apache.tomcat.util.net.SocketProcessorBase.run(SocketProcessorBase.java:49) [tomcat-coyote.jar:8.5.73]
	at org.apache.tomcat.util.threads.ThreadPoolExecutor.runWorker(ThreadPoolExecutor.java:1191) [tomcat-util.jar:8.5.73]
	at org.apache.tomcat.util.threads.ThreadPoolExecutor$Worker.run(ThreadPoolExecutor.java:659) [tomcat-util.jar:8.5.73]
	at org.apache.tomcat.util.threads.TaskThread$WrappingRunnable.run(TaskThread.java:61) [tomcat-util.jar:8.5.73]
	at java.lang.Thread.run(Thread.java:748) [?:1.8.0_312]
Caused by: org.apache.catalina.connector.ClientAbortException: java.io.IOException: Broken pipe
	at org.apache.catalina.connector.OutputBuffer.realWriteBytes(OutputBuffer.java:371) ~[catalina.jar:8.5.73]
	at org.apache.catalina.connector.OutputBuffer.appendByteArray(OutputBuffer.java:815) ~[catalina.jar:8.5.73]
	at org.apache.catalina.connector.OutputBuffer.append(OutputBuffer.java:744) ~[catalina.jar:8.5.73]
	at org.apache.catalina.connector.OutputBuffer.writeBytes(OutputBuffer.java:406) ~[catalina.jar:8.5.73]
	at org.apache.catalina.connector.OutputBuffer.write(OutputBuffer.java:384) ~[catalina.jar:8.5.73]
	at org.apache.catalina.connector.CoyoteOutputStream.write(CoyoteOutputStream.java:96) ~[catalina.jar:8.5.73]
	at org.exist.util.io.InputStreamUtil.copy(InputStreamUtil.java:59) ~[exist.jar:4.8.0]
	at org.exist.util.io.InputStreamUtil.copy(InputStreamUtil.java:43) ~[exist.jar:4.8.0]
	at org.exist.storage.NativeBroker.readBinaryResource(NativeBroker.java:2086) ~[exist.jar:4.8.0]
	at org.exist.storage.NativeBroker.readBinaryResource(NativeBroker.java:2070) ~[exist.jar:4.8.0]
	at org.exist.http.RESTServer.writeResourceAs(RESTServer.java:1698) ~[exist-optional.jar:4.8.0]
	at org.exist.http.RESTServer.doGet(RESTServer.java:413) ~[exist-optional.jar:4.8.0]
	at org.exist.http.servlets.EXistServlet.doGet(EXistServlet.java:249) ~[exist-optional.jar:4.8.0]
	... 40 more
Caused by: java.io.IOException: Broken pipe
	at sun.nio.ch.FileDispatcherImpl.write0(Native Method) ~[?:1.8.0_312]
	at sun.nio.ch.SocketDispatcher.write(SocketDispatcher.java:47) ~[?:1.8.0_312]
	at sun.nio.ch.IOUtil.writeFromNativeBuffer(IOUtil.java:93) ~[?:1.8.0_312]
	at sun.nio.ch.IOUtil.write(IOUtil.java:65) ~[?:1.8.0_312]
	at sun.nio.ch.SocketChannelImpl.write(SocketChannelImpl.java:470) ~[?:1.8.0_312]
	at org.apache.tomcat.util.net.NioChannel.write(NioChannel.java:142) ~[tomcat-coyote.jar:8.5.73]
	at org.apache.tomcat.util.net.NioBlockingSelector.write(NioBlockingSelector.java:118) ~[tomcat-coyote.jar:8.5.73]
	at org.apache.tomcat.util.net.NioSelectorPool.write(NioSelectorPool.java:167) ~[tomcat-coyote.jar:8.5.73]
	at org.apache.tomcat.util.net.NioEndpoint$NioSocketWrapper.doWrite(NioEndpoint.java:1360) ~[tomcat-coyote.jar:8.5.73]
	at org.apache.tomcat.util.net.SocketWrapperBase.doWrite(SocketWrapperBase.java:718) ~[tomcat-coyote.jar:8.5.73]
	at org.apache.tomcat.util.net.SocketWrapperBase.writeBlocking(SocketWrapperBase.java:538) ~[tomcat-coyote.jar:8.5.73]
	at org.apache.tomcat.util.net.SocketWrapperBase.write(SocketWrapperBase.java:482) ~[tomcat-coyote.jar:8.5.73]
	at org.apache.coyote.http11.Http11OutputBuffer$SocketOutputBuffer.doWrite(Http11OutputBuffer.java:632) ~[tomcat-coyote.jar:8.5.73]
	at org.apache.coyote.http11.filters.IdentityOutputFilter.doWrite(IdentityOutputFilter.java:116) ~[tomcat-coyote.jar:8.5.73]
	at org.apache.coyote.http11.Http11OutputBuffer.doWrite(Http11OutputBuffer.java:229) ~[tomcat-coyote.jar:8.5.73]
	at org.apache.coyote.Response.doWrite(Response.java:614) ~[tomcat-coyote.jar:8.5.73]
	at org.apache.catalina.connector.OutputBuffer.realWriteBytes(OutputBuffer.java:358) ~[catalina.jar:8.5.73]
	at org.apache.catalina.connector.OutputBuffer.appendByteArray(OutputBuffer.java:815) ~[catalina.jar:8.5.73]
	at org.apache.catalina.connector.OutputBuffer.append(OutputBuffer.java:744) ~[catalina.jar:8.5.73]
	at org.apache.catalina.connector.OutputBuffer.writeBytes(OutputBuffer.java:406) ~[catalina.jar:8.5.73]
	at org.apache.catalina.connector.OutputBuffer.write(OutputBuffer.java:384) ~[catalina.jar:8.5.73]
	at org.apache.catalina.connector.CoyoteOutputStream.write(CoyoteOutputStream.java:96) ~[catalina.jar:8.5.73]
	at org.exist.util.io.InputStreamUtil.copy(InputStreamUtil.java:59) ~[exist.jar:4.8.0]
	at org.exist.util.io.InputStreamUtil.copy(InputStreamUtil.java:43) ~[exist.jar:4.8.0]
	at org.exist.storage.NativeBroker.readBinaryResource(NativeBroker.java:2086) ~[exist.jar:4.8.0]
	at org.exist.storage.NativeBroker.readBinaryResource(NativeBroker.java:2070) ~[exist.jar:4.8.0]
	at org.exist.http.RESTServer.writeResourceAs(RESTServer.java:1698) ~[exist-optional.jar:4.8.0]
	at org.exist.http.RESTServer.doGet(RESTServer.java:413) ~[exist-optional.jar:4.8.0]
	at org.exist.http.servlets.EXistServlet.doGet(EXistServlet.java:249) ~[exist-optional.jar:4.8.0]
	... 40 more
2022-02-10 07:13:54,695 [http-nio-8081-exec-9] ERROR (XQueryURLRewrite.java [service]:368) - Error while processing /exist/apps/dashboard/resources/scripts/dashboard-1.7.js: An error occurred: java.io.IOException: Broken pipe 
javax.servlet.ServletException: An error occurred: java.io.IOException: Broken pipe
	at org.exist.http.servlets.EXistServlet.doGet(EXistServlet.java:282) ~[exist-optional.jar:4.8.0]
	at javax.servlet.http.HttpServlet.service(HttpServlet.java:655) ~[servlet-api.jar:?]
	at javax.servlet.http.HttpServlet.service(HttpServlet.java:764) ~[servlet-api.jar:?]
	at org.apache.catalina.core.ApplicationFilterChain.internalDoFilter(ApplicationFilterChain.java:231) ~[catalina.jar:8.5.73]
	at org.apache.catalina.core.ApplicationFilterChain.doFilter(ApplicationFilterChain.java:166) ~[catalina.jar:8.5.73]
	at org.apache.catalina.core.ApplicationDispatcher.invoke(ApplicationDispatcher.java:712) ~[catalina.jar:8.5.73]
	at org.apache.catalina.core.ApplicationDispatcher.processRequest(ApplicationDispatcher.java:462) ~[catalina.jar:8.5.73]
	at org.apache.catalina.core.ApplicationDispatcher.doForward(ApplicationDispatcher.java:356) ~[catalina.jar:8.5.73]
	at org.apache.catalina.core.ApplicationDispatcher.forward(ApplicationDispatcher.java:316) ~[catalina.jar:8.5.73]
	at org.exist.http.urlrewrite.Forward.doRewrite(Forward.java:51) ~[exist-optional.jar:4.8.0]
	at org.exist.http.urlrewrite.XQueryURLRewrite.doRewrite(XQueryURLRewrite.java:524) ~[exist-optional.jar:4.8.0]
	at org.exist.http.urlrewrite.XQueryURLRewrite.service(XQueryURLRewrite.java:343) [exist-optional.jar:4.8.0]
	at javax.servlet.http.HttpServlet.service(HttpServlet.java:764) [servlet-api.jar:?]
	at org.apache.catalina.core.ApplicationFilterChain.internalDoFilter(ApplicationFilterChain.java:231) [catalina.jar:8.5.73]
	at org.apache.catalina.core.ApplicationFilterChain.doFilter(ApplicationFilterChain.java:166) [catalina.jar:8.5.73]
	at org.apache.tomcat.websocket.server.WsFilter.doFilter(WsFilter.java:52) [tomcat-websocket.jar:8.5.73]
	at org.apache.catalina.core.ApplicationFilterChain.internalDoFilter(ApplicationFilterChain.java:193) [catalina.jar:8.5.73]
	at org.apache.catalina.core.ApplicationFilterChain.doFilter(ApplicationFilterChain.java:166) [catalina.jar:8.5.73]
	at de.betterform.agent.web.filter.XFormsFilter.doFilter(XFormsFilter.java:171) [betterform-exist-5.1-SNAPSHOT-20160615.jar:?]
	at org.apache.catalina.core.ApplicationFilterChain.internalDoFilter(ApplicationFilterChain.java:193) [catalina.jar:8.5.73]
	at org.apache.catalina.core.ApplicationFilterChain.doFilter(ApplicationFilterChain.java:166) [catalina.jar:8.5.73]
	at org.apache.logging.log4j.web.Log4jServletFilter.doFilter(Log4jServletFilter.java:71) [log4j-web-2.15.0.jar:2.15.0]
	at org.apache.catalina.core.ApplicationFilterChain.internalDoFilter(ApplicationFilterChain.java:193) [catalina.jar:8.5.73]
	at org.apache.catalina.core.ApplicationFilterChain.doFilter(ApplicationFilterChain.java:166) [catalina.jar:8.5.73]
	at org.apache.catalina.core.StandardWrapperValve.invoke(StandardWrapperValve.java:196) [catalina.jar:8.5.73]
	at org.apache.catalina.core.StandardContextValve.invoke(StandardContextValve.java:97) [catalina.jar:8.5.73]
	at org.apache.catalina.authenticator.AuthenticatorBase.invoke(AuthenticatorBase.java:542) [catalina.jar:8.5.73]
	at org.apache.catalina.core.StandardHostValve.invoke(StandardHostValve.java:135) [catalina.jar:8.5.73]
	at org.apache.catalina.valves.ErrorReportValve.invoke(ErrorReportValve.java:81) [catalina.jar:8.5.73]
	at org.apache.catalina.valves.AbstractAccessLogValve.invoke(AbstractAccessLogValve.java:698) [catalina.jar:8.5.73]
	at org.apache.catalina.core.StandardEngineValve.invoke(StandardEngineValve.java:78) [catalina.jar:8.5.73]
	at org.apache.catalina.connector.CoyoteAdapter.service(CoyoteAdapter.java:364) [catalina.jar:8.5.73]
	at org.apache.coyote.http11.Http11Processor.service(Http11Processor.java:624) [tomcat-coyote.jar:8.5.73]
	at org.apache.coyote.AbstractProcessorLight.process(AbstractProcessorLight.java:65) [tomcat-coyote.jar:8.5.73]
	at org.apache.coyote.AbstractProtocol$ConnectionHandler.process(AbstractProtocol.java:831) [tomcat-coyote.jar:8.5.73]
	at org.apache.tomcat.util.net.NioEndpoint$SocketProcessor.doRun(NioEndpoint.java:1673) [tomcat-coyote.jar:8.5.73]
	at org.apache.tomcat.util.net.SocketProcessorBase.run(SocketProcessorBase.java:49) [tomcat-coyote.jar:8.5.73]
	at org.apache.tomcat.util.threads.ThreadPoolExecutor.runWorker(ThreadPoolExecutor.java:1191) [tomcat-util.jar:8.5.73]
	at org.apache.tomcat.util.threads.ThreadPoolExecutor$Worker.run(ThreadPoolExecutor.java:659) [tomcat-util.jar:8.5.73]
	at org.apache.tomcat.util.threads.TaskThread$WrappingRunnable.run(TaskThread.java:61) [tomcat-util.jar:8.5.73]
	at java.lang.Thread.run(Thread.java:748) [?:1.8.0_312]
Caused by: org.apache.catalina.connector.ClientAbortException: java.io.IOException: Broken pipe
	at org.apache.catalina.connector.OutputBuffer.realWriteBytes(OutputBuffer.java:371) ~[catalina.jar:8.5.73]
	at org.apache.catalina.connector.OutputBuffer.appendByteArray(OutputBuffer.java:815) ~[catalina.jar:8.5.73]
	at org.apache.catalina.connector.OutputBuffer.append(OutputBuffer.java:744) ~[catalina.jar:8.5.73]
	at org.apache.catalina.connector.OutputBuffer.writeBytes(OutputBuffer.java:406) ~[catalina.jar:8.5.73]
	at org.apache.catalina.connector.OutputBuffer.write(OutputBuffer.java:384) ~[catalina.jar:8.5.73]
	at org.apache.catalina.connector.CoyoteOutputStream.write(CoyoteOutputStream.java:96) ~[catalina.jar:8.5.73]
	at org.exist.util.io.InputStreamUtil.copy(InputStreamUtil.java:59) ~[exist.jar:4.8.0]
	at org.exist.util.io.InputStreamUtil.copy(InputStreamUtil.java:43) ~[exist.jar:4.8.0]
	at org.exist.storage.NativeBroker.readBinaryResource(NativeBroker.java:2086) ~[exist.jar:4.8.0]
	at org.exist.storage.NativeBroker.readBinaryResource(NativeBroker.java:2070) ~[exist.jar:4.8.0]
	at org.exist.http.RESTServer.writeResourceAs(RESTServer.java:1698) ~[exist-optional.jar:4.8.0]
	at org.exist.http.RESTServer.doGet(RESTServer.java:413) ~[exist-optional.jar:4.8.0]
	at org.exist.http.servlets.EXistServlet.doGet(EXistServlet.java:249) ~[exist-optional.jar:4.8.0]
	... 40 more
Caused by: java.io.IOException: Broken pipe
	at sun.nio.ch.FileDispatcherImpl.write0(Native Method) ~[?:1.8.0_312]
	at sun.nio.ch.SocketDispatcher.write(SocketDispatcher.java:47) ~[?:1.8.0_312]
	at sun.nio.ch.IOUtil.writeFromNativeBuffer(IOUtil.java:93) ~[?:1.8.0_312]
	at sun.nio.ch.IOUtil.write(IOUtil.java:65) ~[?:1.8.0_312]
	at sun.nio.ch.SocketChannelImpl.write(SocketChannelImpl.java:470) ~[?:1.8.0_312]
	at org.apache.tomcat.util.net.NioChannel.write(NioChannel.java:142) ~[tomcat-coyote.jar:8.5.73]
	at org.apache.tomcat.util.net.NioBlockingSelector.write(NioBlockingSelector.java:118) ~[tomcat-coyote.jar:8.5.73]
	at org.apache.tomcat.util.net.NioSelectorPool.write(NioSelectorPool.java:167) ~[tomcat-coyote.jar:8.5.73]
	at org.apache.tomcat.util.net.NioEndpoint$NioSocketWrapper.doWrite(NioEndpoint.java:1360) ~[tomcat-coyote.jar:8.5.73]
	at org.apache.tomcat.util.net.SocketWrapperBase.doWrite(SocketWrapperBase.java:718) ~[tomcat-coyote.jar:8.5.73]
	at org.apache.tomcat.util.net.SocketWrapperBase.writeBlocking(SocketWrapperBase.java:538) ~[tomcat-coyote.jar:8.5.73]
	at org.apache.tomcat.util.net.SocketWrapperBase.write(SocketWrapperBase.java:482) ~[tomcat-coyote.jar:8.5.73]
	at org.apache.coyote.http11.Http11OutputBuffer$SocketOutputBuffer.doWrite(Http11OutputBuffer.java:632) ~[tomcat-coyote.jar:8.5.73]
	at org.apache.coyote.http11.filters.IdentityOutputFilter.doWrite(IdentityOutputFilter.java:116) ~[tomcat-coyote.jar:8.5.73]
	at org.apache.coyote.http11.Http11OutputBuffer.doWrite(Http11OutputBuffer.java:229) ~[tomcat-coyote.jar:8.5.73]
	at org.apache.coyote.Response.doWrite(Response.java:614) ~[tomcat-coyote.jar:8.5.73]
	at org.apache.catalina.connector.OutputBuffer.realWriteBytes(OutputBuffer.java:358) ~[catalina.jar:8.5.73]
	at org.apache.catalina.connector.OutputBuffer.appendByteArray(OutputBuffer.java:815) ~[catalina.jar:8.5.73]
	at org.apache.catalina.connector.OutputBuffer.append(OutputBuffer.java:744) ~[catalina.jar:8.5.73]
	at org.apache.catalina.connector.OutputBuffer.writeBytes(OutputBuffer.java:406) ~[catalina.jar:8.5.73]
	at org.apache.catalina.connector.OutputBuffer.write(OutputBuffer.java:384) ~[catalina.jar:8.5.73]
	at org.apache.catalina.connector.CoyoteOutputStream.write(CoyoteOutputStream.java:96) ~[catalina.jar:8.5.73]
	at org.exist.util.io.InputStreamUtil.copy(InputStreamUtil.java:59) ~[exist.jar:4.8.0]
	at org.exist.util.io.InputStreamUtil.copy(InputStreamUtil.java:43) ~[exist.jar:4.8.0]
	at org.exist.storage.NativeBroker.readBinaryResource(NativeBroker.java:2086) ~[exist.jar:4.8.0]
	at org.exist.storage.NativeBroker.readBinaryResource(NativeBroker.java:2070) ~[exist.jar:4.8.0]
	at org.exist.http.RESTServer.writeResourceAs(RESTServer.java:1698) ~[exist-optional.jar:4.8.0]
	at org.exist.http.RESTServer.doGet(RESTServer.java:413) ~[exist-optional.jar:4.8.0]
	at org.exist.http.servlets.EXistServlet.doGet(EXistServlet.java:249) ~[exist-optional.jar:4.8.0]
	... 40 more
2022-02-10 07:13:54,695 [http-nio-8081-exec-1] ERROR (XQueryURLRewrite.java [service]:368) - Error while processing /exist/apps/dashboard/_shared/resources/scripts/jquery/jquery-1.7.1.min.js: An error occurred: java.io.IOException: Broken pipe 
javax.servlet.ServletException: An error occurred: java.io.IOException: Broken pipe
	at org.exist.http.servlets.EXistServlet.doGet(EXistServlet.java:282) ~[exist-optional.jar:4.8.0]
	at javax.servlet.http.HttpServlet.service(HttpServlet.java:655) ~[servlet-api.jar:?]
	at javax.servlet.http.HttpServlet.service(HttpServlet.java:764) ~[servlet-api.jar:?]
	at org.apache.catalina.core.ApplicationFilterChain.internalDoFilter(ApplicationFilterChain.java:231) ~[catalina.jar:8.5.73]
	at org.apache.catalina.core.ApplicationFilterChain.doFilter(ApplicationFilterChain.java:166) ~[catalina.jar:8.5.73]
	at org.apache.catalina.core.ApplicationDispatcher.invoke(ApplicationDispatcher.java:712) ~[catalina.jar:8.5.73]
	at org.apache.catalina.core.ApplicationDispatcher.processRequest(ApplicationDispatcher.java:462) ~[catalina.jar:8.5.73]
	at org.apache.catalina.core.ApplicationDispatcher.doForward(ApplicationDispatcher.java:356) ~[catalina.jar:8.5.73]
	at org.apache.catalina.core.ApplicationDispatcher.forward(ApplicationDispatcher.java:316) ~[catalina.jar:8.5.73]
	at org.exist.http.urlrewrite.Forward.doRewrite(Forward.java:51) ~[exist-optional.jar:4.8.0]
	at org.exist.http.urlrewrite.XQueryURLRewrite.doRewrite(XQueryURLRewrite.java:524) ~[exist-optional.jar:4.8.0]
	at org.exist.http.urlrewrite.XQueryURLRewrite.service(XQueryURLRewrite.java:343) [exist-optional.jar:4.8.0]
	at javax.servlet.http.HttpServlet.service(HttpServlet.java:764) [servlet-api.jar:?]
	at org.apache.catalina.core.ApplicationFilterChain.internalDoFilter(ApplicationFilterChain.java:231) [catalina.jar:8.5.73]
	at org.apache.catalina.core.ApplicationFilterChain.doFilter(ApplicationFilterChain.java:166) [catalina.jar:8.5.73]
	at org.apache.tomcat.websocket.server.WsFilter.doFilter(WsFilter.java:52) [tomcat-websocket.jar:8.5.73]
	at org.apache.catalina.core.ApplicationFilterChain.internalDoFilter(ApplicationFilterChain.java:193) [catalina.jar:8.5.73]
	at org.apache.catalina.core.ApplicationFilterChain.doFilter(ApplicationFilterChain.java:166) [catalina.jar:8.5.73]
	at de.betterform.agent.web.filter.XFormsFilter.doFilter(XFormsFilter.java:171) [betterform-exist-5.1-SNAPSHOT-20160615.jar:?]
	at org.apache.catalina.core.ApplicationFilterChain.internalDoFilter(ApplicationFilterChain.java:193) [catalina.jar:8.5.73]
	at org.apache.catalina.core.ApplicationFilterChain.doFilter(ApplicationFilterChain.java:166) [catalina.jar:8.5.73]
	at org.apache.logging.log4j.web.Log4jServletFilter.doFilter(Log4jServletFilter.java:71) [log4j-web-2.15.0.jar:2.15.0]
	at org.apache.catalina.core.ApplicationFilterChain.internalDoFilter(ApplicationFilterChain.java:193) [catalina.jar:8.5.73]
	at org.apache.catalina.core.ApplicationFilterChain.doFilter(ApplicationFilterChain.java:166) [catalina.jar:8.5.73]
	at org.apache.catalina.core.StandardWrapperValve.invoke(StandardWrapperValve.java:196) [catalina.jar:8.5.73]
	at org.apache.catalina.core.StandardContextValve.invoke(StandardContextValve.java:97) [catalina.jar:8.5.73]
	at org.apache.catalina.authenticator.AuthenticatorBase.invoke(AuthenticatorBase.java:542) [catalina.jar:8.5.73]
	at org.apache.catalina.core.StandardHostValve.invoke(StandardHostValve.java:135) [catalina.jar:8.5.73]
	at org.apache.catalina.valves.ErrorReportValve.invoke(ErrorReportValve.java:81) [catalina.jar:8.5.73]
	at org.apache.catalina.valves.AbstractAccessLogValve.invoke(AbstractAccessLogValve.java:698) [catalina.jar:8.5.73]
	at org.apache.catalina.core.StandardEngineValve.invoke(StandardEngineValve.java:78) [catalina.jar:8.5.73]
	at org.apache.catalina.connector.CoyoteAdapter.service(CoyoteAdapter.java:364) [catalina.jar:8.5.73]
	at org.apache.coyote.http11.Http11Processor.service(Http11Processor.java:624) [tomcat-coyote.jar:8.5.73]
	at org.apache.coyote.AbstractProcessorLight.process(AbstractProcessorLight.java:65) [tomcat-coyote.jar:8.5.73]
	at org.apache.coyote.AbstractProtocol$ConnectionHandler.process(AbstractProtocol.java:831) [tomcat-coyote.jar:8.5.73]
	at org.apache.tomcat.util.net.NioEndpoint$SocketProcessor.doRun(NioEndpoint.java:1673) [tomcat-coyote.jar:8.5.73]
	at org.apache.tomcat.util.net.SocketProcessorBase.run(SocketProcessorBase.java:49) [tomcat-coyote.jar:8.5.73]
	at org.apache.tomcat.util.threads.ThreadPoolExecutor.runWorker(ThreadPoolExecutor.java:1191) [tomcat-util.jar:8.5.73]
	at org.apache.tomcat.util.threads.ThreadPoolExecutor$Worker.run(ThreadPoolExecutor.java:659) [tomcat-util.jar:8.5.73]
	at org.apache.tomcat.util.threads.TaskThread$WrappingRunnable.run(TaskThread.java:61) [tomcat-util.jar:8.5.73]
	at java.lang.Thread.run(Thread.java:748) [?:1.8.0_312]
Caused by: org.apache.catalina.connector.ClientAbortException: java.io.IOException: Broken pipe
	at org.apache.catalina.connector.OutputBuffer.realWriteBytes(OutputBuffer.java:371) ~[catalina.jar:8.5.73]
	at org.apache.catalina.connector.OutputBuffer.appendByteArray(OutputBuffer.java:815) ~[catalina.jar:8.5.73]
	at org.apache.catalina.connector.OutputBuffer.append(OutputBuffer.java:744) ~[catalina.jar:8.5.73]
	at org.apache.catalina.connector.OutputBuffer.writeBytes(OutputBuffer.java:406) ~[catalina.jar:8.5.73]
	at org.apache.catalina.connector.OutputBuffer.write(OutputBuffer.java:384) ~[catalina.jar:8.5.73]
	at org.apache.catalina.connector.CoyoteOutputStream.write(CoyoteOutputStream.java:96) ~[catalina.jar:8.5.73]
	at org.exist.util.io.InputStreamUtil.copy(InputStreamUtil.java:59) ~[exist.jar:4.8.0]
	at org.exist.util.io.InputStreamUtil.copy(InputStreamUtil.java:43) ~[exist.jar:4.8.0]
	at org.exist.storage.NativeBroker.readBinaryResource(NativeBroker.java:2086) ~[exist.jar:4.8.0]
	at org.exist.storage.NativeBroker.readBinaryResource(NativeBroker.java:2070) ~[exist.jar:4.8.0]
	at org.exist.http.RESTServer.writeResourceAs(RESTServer.java:1698) ~[exist-optional.jar:4.8.0]
	at org.exist.http.RESTServer.doGet(RESTServer.java:413) ~[exist-optional.jar:4.8.0]
	at org.exist.http.servlets.EXistServlet.doGet(EXistServlet.java:249) ~[exist-optional.jar:4.8.0]
	... 40 more
Caused by: java.io.IOException: Broken pipe
	at sun.nio.ch.FileDispatcherImpl.write0(Native Method) ~[?:1.8.0_312]
	at sun.nio.ch.SocketDispatcher.write(SocketDispatcher.java:47) ~[?:1.8.0_312]
	at sun.nio.ch.IOUtil.writeFromNativeBuffer(IOUtil.java:93) ~[?:1.8.0_312]
	at sun.nio.ch.IOUtil.write(IOUtil.java:65) ~[?:1.8.0_312]
	at sun.nio.ch.SocketChannelImpl.write(SocketChannelImpl.java:470) ~[?:1.8.0_312]
	at org.apache.tomcat.util.net.NioChannel.write(NioChannel.java:142) ~[tomcat-coyote.jar:8.5.73]
	at org.apache.tomcat.util.net.NioBlockingSelector.write(NioBlockingSelector.java:118) ~[tomcat-coyote.jar:8.5.73]
	at org.apache.tomcat.util.net.NioSelectorPool.write(NioSelectorPool.java:167) ~[tomcat-coyote.jar:8.5.73]
	at org.apache.tomcat.util.net.NioEndpoint$NioSocketWrapper.doWrite(NioEndpoint.java:1360) ~[tomcat-coyote.jar:8.5.73]
	at org.apache.tomcat.util.net.SocketWrapperBase.doWrite(SocketWrapperBase.java:718) ~[tomcat-coyote.jar:8.5.73]
	at org.apache.tomcat.util.net.SocketWrapperBase.writeBlocking(SocketWrapperBase.java:538) ~[tomcat-coyote.jar:8.5.73]
	at org.apache.tomcat.util.net.SocketWrapperBase.write(SocketWrapperBase.java:482) ~[tomcat-coyote.jar:8.5.73]
	at org.apache.coyote.http11.Http11OutputBuffer$SocketOutputBuffer.doWrite(Http11OutputBuffer.java:632) ~[tomcat-coyote.jar:8.5.73]
	at org.apache.coyote.http11.filters.IdentityOutputFilter.doWrite(IdentityOutputFilter.java:116) ~[tomcat-coyote.jar:8.5.73]
	at org.apache.coyote.http11.Http11OutputBuffer.doWrite(Http11OutputBuffer.java:229) ~[tomcat-coyote.jar:8.5.73]
	at org.apache.coyote.Response.doWrite(Response.java:614) ~[tomcat-coyote.jar:8.5.73]
	at org.apache.catalina.connector.OutputBuffer.realWriteBytes(OutputBuffer.java:358) ~[catalina.jar:8.5.73]
	at org.apache.catalina.connector.OutputBuffer.appendByteArray(OutputBuffer.java:815) ~[catalina.jar:8.5.73]
	at org.apache.catalina.connector.OutputBuffer.append(OutputBuffer.java:744) ~[catalina.jar:8.5.73]
	at org.apache.catalina.connector.OutputBuffer.writeBytes(OutputBuffer.java:406) ~[catalina.jar:8.5.73]
	at org.apache.catalina.connector.OutputBuffer.write(OutputBuffer.java:384) ~[catalina.jar:8.5.73]
	at org.apache.catalina.connector.CoyoteOutputStream.write(CoyoteOutputStream.java:96) ~[catalina.jar:8.5.73]
	at org.exist.util.io.InputStreamUtil.copy(InputStreamUtil.java:59) ~[exist.jar:4.8.0]
	at org.exist.util.io.InputStreamUtil.copy(InputStreamUtil.java:43) ~[exist.jar:4.8.0]
	at org.exist.storage.NativeBroker.readBinaryResource(NativeBroker.java:2086) ~[exist.jar:4.8.0]
	at org.exist.storage.NativeBroker.readBinaryResource(NativeBroker.java:2070) ~[exist.jar:4.8.0]
	at org.exist.http.RESTServer.writeResourceAs(RESTServer.java:1698) ~[exist-optional.jar:4.8.0]
	at org.exist.http.RESTServer.doGet(RESTServer.java:413) ~[exist-optional.jar:4.8.0]
	at org.exist.http.servlets.EXistServlet.doGet(EXistServlet.java:249) ~[exist-optional.jar:4.8.0]
	... 40 more
2022-02-10 07:13:54,698 [http-nio-8081-exec-6] ERROR (XQueryURLRewrite.java [service]:368) - Error while processing /exist/apps/dashboard/resources/scripts/jquery.ui.widget.js: An error occurred: java.io.IOException: Broken pipe 
javax.servlet.ServletException: An error occurred: java.io.IOException: Broken pipe
	at org.exist.http.servlets.EXistServlet.doGet(EXistServlet.java:282) ~[exist-optional.jar:4.8.0]
	at javax.servlet.http.HttpServlet.service(HttpServlet.java:655) ~[servlet-api.jar:?]
	at javax.servlet.http.HttpServlet.service(HttpServlet.java:764) ~[servlet-api.jar:?]
	at org.apache.catalina.core.ApplicationFilterChain.internalDoFilter(ApplicationFilterChain.java:231) ~[catalina.jar:8.5.73]
	at org.apache.catalina.core.ApplicationFilterChain.doFilter(ApplicationFilterChain.java:166) ~[catalina.jar:8.5.73]
	at org.apache.catalina.core.ApplicationDispatcher.invoke(ApplicationDispatcher.java:712) ~[catalina.jar:8.5.73]
	at org.apache.catalina.core.ApplicationDispatcher.processRequest(ApplicationDispatcher.java:462) ~[catalina.jar:8.5.73]
	at org.apache.catalina.core.ApplicationDispatcher.doForward(ApplicationDispatcher.java:356) ~[catalina.jar:8.5.73]
	at org.apache.catalina.core.ApplicationDispatcher.forward(ApplicationDispatcher.java:316) ~[catalina.jar:8.5.73]
	at org.exist.http.urlrewrite.Forward.doRewrite(Forward.java:51) ~[exist-optional.jar:4.8.0]
	at org.exist.http.urlrewrite.XQueryURLRewrite.doRewrite(XQueryURLRewrite.java:524) ~[exist-optional.jar:4.8.0]
	at org.exist.http.urlrewrite.XQueryURLRewrite.service(XQueryURLRewrite.java:343) [exist-optional.jar:4.8.0]
	at javax.servlet.http.HttpServlet.service(HttpServlet.java:764) [servlet-api.jar:?]
	at org.apache.catalina.core.ApplicationFilterChain.internalDoFilter(ApplicationFilterChain.java:231) [catalina.jar:8.5.73]
	at org.apache.catalina.core.ApplicationFilterChain.doFilter(ApplicationFilterChain.java:166) [catalina.jar:8.5.73]
	at org.apache.tomcat.websocket.server.WsFilter.doFilter(WsFilter.java:52) [tomcat-websocket.jar:8.5.73]
	at org.apache.catalina.core.ApplicationFilterChain.internalDoFilter(ApplicationFilterChain.java:193) [catalina.jar:8.5.73]
	at org.apache.catalina.core.ApplicationFilterChain.doFilter(ApplicationFilterChain.java:166) [catalina.jar:8.5.73]
	at de.betterform.agent.web.filter.XFormsFilter.doFilter(XFormsFilter.java:171) [betterform-exist-5.1-SNAPSHOT-20160615.jar:?]
	at org.apache.catalina.core.ApplicationFilterChain.internalDoFilter(ApplicationFilterChain.java:193) [catalina.jar:8.5.73]
	at org.apache.catalina.core.ApplicationFilterChain.doFilter(ApplicationFilterChain.java:166) [catalina.jar:8.5.73]
	at org.apache.logging.log4j.web.Log4jServletFilter.doFilter(Log4jServletFilter.java:71) [log4j-web-2.15.0.jar:2.15.0]
	at org.apache.catalina.core.ApplicationFilterChain.internalDoFilter(ApplicationFilterChain.java:193) [catalina.jar:8.5.73]
	at org.apache.catalina.core.ApplicationFilterChain.doFilter(ApplicationFilterChain.java:166) [catalina.jar:8.5.73]
	at org.apache.catalina.core.StandardWrapperValve.invoke(StandardWrapperValve.java:196) [catalina.jar:8.5.73]
	at org.apache.catalina.core.StandardContextValve.invoke(StandardContextValve.java:97) [catalina.jar:8.5.73]
	at org.apache.catalina.authenticator.AuthenticatorBase.invoke(AuthenticatorBase.java:542) [catalina.jar:8.5.73]
	at org.apache.catalina.core.StandardHostValve.invoke(StandardHostValve.java:135) [catalina.jar:8.5.73]
	at org.apache.catalina.valves.ErrorReportValve.invoke(ErrorReportValve.java:81) [catalina.jar:8.5.73]
	at org.apache.catalina.valves.AbstractAccessLogValve.invoke(AbstractAccessLogValve.java:698) [catalina.jar:8.5.73]
	at org.apache.catalina.core.StandardEngineValve.invoke(StandardEngineValve.java:78) [catalina.jar:8.5.73]
	at org.apache.catalina.connector.CoyoteAdapter.service(CoyoteAdapter.java:364) [catalina.jar:8.5.73]
	at org.apache.coyote.http11.Http11Processor.service(Http11Processor.java:624) [tomcat-coyote.jar:8.5.73]
	at org.apache.coyote.AbstractProcessorLight.process(AbstractProcessorLight.java:65) [tomcat-coyote.jar:8.5.73]
	at org.apache.coyote.AbstractProtocol$ConnectionHandler.process(AbstractProtocol.java:831) [tomcat-coyote.jar:8.5.73]
	at org.apache.tomcat.util.net.NioEndpoint$SocketProcessor.doRun(NioEndpoint.java:1673) [tomcat-coyote.jar:8.5.73]
	at org.apache.tomcat.util.net.SocketProcessorBase.run(SocketProcessorBase.java:49) [tomcat-coyote.jar:8.5.73]
	at org.apache.tomcat.util.threads.ThreadPoolExecutor.runWorker(ThreadPoolExecutor.java:1191) [tomcat-util.jar:8.5.73]
	at org.apache.tomcat.util.threads.ThreadPoolExecutor$Worker.run(ThreadPoolExecutor.java:659) [tomcat-util.jar:8.5.73]
	at org.apache.tomcat.util.threads.TaskThread$WrappingRunnable.run(TaskThread.java:61) [tomcat-util.jar:8.5.73]
	at java.lang.Thread.run(Thread.java:748) [?:1.8.0_312]
Caused by: org.apache.catalina.connector.ClientAbortException: java.io.IOException: Broken pipe
	at org.apache.catalina.connector.OutputBuffer.doFlush(OutputBuffer.java:328) ~[catalina.jar:8.5.73]
	at org.apache.catalina.connector.OutputBuffer.flush(OutputBuffer.java:291) ~[catalina.jar:8.5.73]
	at org.apache.catalina.connector.CoyoteOutputStream.flush(CoyoteOutputStream.java:118) ~[catalina.jar:8.5.73]
	at org.exist.http.RESTServer.writeResourceAs(RESTServer.java:1699) ~[exist-optional.jar:4.8.0]
	at org.exist.http.RESTServer.doGet(RESTServer.java:413) ~[exist-optional.jar:4.8.0]
	at org.exist.http.servlets.EXistServlet.doGet(EXistServlet.java:249) ~[exist-optional.jar:4.8.0]
	... 40 more
Caused by: java.io.IOException: Broken pipe
	at sun.nio.ch.FileDispatcherImpl.write0(Native Method) ~[?:1.8.0_312]
	at sun.nio.ch.SocketDispatcher.write(SocketDispatcher.java:47) ~[?:1.8.0_312]
	at sun.nio.ch.IOUtil.writeFromNativeBuffer(IOUtil.java:93) ~[?:1.8.0_312]
	at sun.nio.ch.IOUtil.write(IOUtil.java:65) ~[?:1.8.0_312]
	at sun.nio.ch.SocketChannelImpl.write(SocketChannelImpl.java:470) ~[?:1.8.0_312]
	at org.apache.tomcat.util.net.NioChannel.write(NioChannel.java:142) ~[tomcat-coyote.jar:8.5.73]
	at org.apache.tomcat.util.net.NioBlockingSelector.write(NioBlockingSelector.java:118) ~[tomcat-coyote.jar:8.5.73]
	at org.apache.tomcat.util.net.NioSelectorPool.write(NioSelectorPool.java:167) ~[tomcat-coyote.jar:8.5.73]
	at org.apache.tomcat.util.net.NioEndpoint$NioSocketWrapper.doWrite(NioEndpoint.java:1360) ~[tomcat-coyote.jar:8.5.73]
	at org.apache.tomcat.util.net.SocketWrapperBase.doWrite(SocketWrapperBase.java:718) ~[tomcat-coyote.jar:8.5.73]
	at org.apache.tomcat.util.net.SocketWrapperBase.flushBlocking(SocketWrapperBase.java:671) ~[tomcat-coyote.jar:8.5.73]
	at org.apache.tomcat.util.net.SocketWrapperBase.flush(SocketWrapperBase.java:661) ~[tomcat-coyote.jar:8.5.73]
	at org.apache.coyote.http11.Http11OutputBuffer$SocketOutputBuffer.flush(Http11OutputBuffer.java:655) ~[tomcat-coyote.jar:8.5.73]
	at org.apache.coyote.http11.filters.IdentityOutputFilter.flush(IdentityOutputFilter.java:160) ~[tomcat-coyote.jar:8.5.73]
	at org.apache.coyote.http11.Http11OutputBuffer.flush(Http11OutputBuffer.java:256) ~[tomcat-coyote.jar:8.5.73]
	at org.apache.coyote.http11.Http11Processor.flush(Http11Processor.java:1442) ~[tomcat-coyote.jar:8.5.73]
	at org.apache.coyote.AbstractProcessor.action(AbstractProcessor.java:407) ~[tomcat-coyote.jar:8.5.73]
	at org.apache.coyote.Response.action(Response.java:206) ~[tomcat-coyote.jar:8.5.73]
	at org.apache.catalina.connector.OutputBuffer.doFlush(OutputBuffer.java:324) ~[catalina.jar:8.5.73]
	at org.apache.catalina.connector.OutputBuffer.flush(OutputBuffer.java:291) ~[catalina.jar:8.5.73]
	at org.apache.catalina.connector.CoyoteOutputStream.flush(CoyoteOutputStream.java:118) ~[catalina.jar:8.5.73]
	at org.exist.http.RESTServer.writeResourceAs(RESTServer.java:1699) ~[exist-optional.jar:4.8.0]
	at org.exist.http.RESTServer.doGet(RESTServer.java:413) ~[exist-optional.jar:4.8.0]
	at org.exist.http.servlets.EXistServlet.doGet(EXistServlet.java:249) ~[exist-optional.jar:4.8.0]
	... 40 more
2022-02-10 07:13:55,252 [http-nio-8081-exec-5] ERROR (XQueryURLRewrite.java [service]:368) - Error while processing /exist/apps/dashboard/plugins/browsing/images/icon.png: An error occurred: java.io.IOException: Broken pipe 
javax.servlet.ServletException: An error occurred: java.io.IOException: Broken pipe
	at org.exist.http.servlets.EXistServlet.doGet(EXistServlet.java:282) ~[exist-optional.jar:4.8.0]
	at javax.servlet.http.HttpServlet.service(HttpServlet.java:655) ~[servlet-api.jar:?]
	at javax.servlet.http.HttpServlet.service(HttpServlet.java:764) ~[servlet-api.jar:?]
	at org.apache.catalina.core.ApplicationFilterChain.internalDoFilter(ApplicationFilterChain.java:231) ~[catalina.jar:8.5.73]
	at org.apache.catalina.core.ApplicationFilterChain.doFilter(ApplicationFilterChain.java:166) ~[catalina.jar:8.5.73]
	at org.apache.catalina.core.ApplicationDispatcher.invoke(ApplicationDispatcher.java:712) ~[catalina.jar:8.5.73]
	at org.apache.catalina.core.ApplicationDispatcher.processRequest(ApplicationDispatcher.java:462) ~[catalina.jar:8.5.73]
	at org.apache.catalina.core.ApplicationDispatcher.doForward(ApplicationDispatcher.java:356) ~[catalina.jar:8.5.73]
	at org.apache.catalina.core.ApplicationDispatcher.forward(ApplicationDispatcher.java:316) ~[catalina.jar:8.5.73]
	at org.exist.http.urlrewrite.Forward.doRewrite(Forward.java:51) ~[exist-optional.jar:4.8.0]
	at org.exist.http.urlrewrite.XQueryURLRewrite.doRewrite(XQueryURLRewrite.java:524) ~[exist-optional.jar:4.8.0]
	at org.exist.http.urlrewrite.XQueryURLRewrite.service(XQueryURLRewrite.java:343) [exist-optional.jar:4.8.0]
	at javax.servlet.http.HttpServlet.service(HttpServlet.java:764) [servlet-api.jar:?]
	at org.apache.catalina.core.ApplicationFilterChain.internalDoFilter(ApplicationFilterChain.java:231) [catalina.jar:8.5.73]
	at org.apache.catalina.core.ApplicationFilterChain.doFilter(ApplicationFilterChain.java:166) [catalina.jar:8.5.73]
	at org.apache.tomcat.websocket.server.WsFilter.doFilter(WsFilter.java:52) [tomcat-websocket.jar:8.5.73]
	at org.apache.catalina.core.ApplicationFilterChain.internalDoFilter(ApplicationFilterChain.java:193) [catalina.jar:8.5.73]
	at org.apache.catalina.core.ApplicationFilterChain.doFilter(ApplicationFilterChain.java:166) [catalina.jar:8.5.73]
	at de.betterform.agent.web.filter.XFormsFilter.doFilter(XFormsFilter.java:171) [betterform-exist-5.1-SNAPSHOT-20160615.jar:?]
	at org.apache.catalina.core.ApplicationFilterChain.internalDoFilter(ApplicationFilterChain.java:193) [catalina.jar:8.5.73]
	at org.apache.catalina.core.ApplicationFilterChain.doFilter(ApplicationFilterChain.java:166) [catalina.jar:8.5.73]
	at org.apache.logging.log4j.web.Log4jServletFilter.doFilter(Log4jServletFilter.java:71) [log4j-web-2.15.0.jar:2.15.0]
	at org.apache.catalina.core.ApplicationFilterChain.internalDoFilter(ApplicationFilterChain.java:193) [catalina.jar:8.5.73]
	at org.apache.catalina.core.ApplicationFilterChain.doFilter(ApplicationFilterChain.java:166) [catalina.jar:8.5.73]
	at org.apache.catalina.core.StandardWrapperValve.invoke(StandardWrapperValve.java:196) [catalina.jar:8.5.73]
	at org.apache.catalina.core.StandardContextValve.invoke(StandardContextValve.java:97) [catalina.jar:8.5.73]
	at org.apache.catalina.authenticator.AuthenticatorBase.invoke(AuthenticatorBase.java:542) [catalina.jar:8.5.73]
	at org.apache.catalina.core.StandardHostValve.invoke(StandardHostValve.java:135) [catalina.jar:8.5.73]
	at org.apache.catalina.valves.ErrorReportValve.invoke(ErrorReportValve.java:81) [catalina.jar:8.5.73]
	at org.apache.catalina.valves.AbstractAccessLogValve.invoke(AbstractAccessLogValve.java:698) [catalina.jar:8.5.73]
	at org.apache.catalina.core.StandardEngineValve.invoke(StandardEngineValve.java:78) [catalina.jar:8.5.73]
	at org.apache.catalina.connector.CoyoteAdapter.service(CoyoteAdapter.java:364) [catalina.jar:8.5.73]
	at org.apache.coyote.http11.Http11Processor.service(Http11Processor.java:624) [tomcat-coyote.jar:8.5.73]
	at org.apache.coyote.AbstractProcessorLight.process(AbstractProcessorLight.java:65) [tomcat-coyote.jar:8.5.73]
	at org.apache.coyote.AbstractProtocol$ConnectionHandler.process(AbstractProtocol.java:831) [tomcat-coyote.jar:8.5.73]
	at org.apache.tomcat.util.net.NioEndpoint$SocketProcessor.doRun(NioEndpoint.java:1673) [tomcat-coyote.jar:8.5.73]
	at org.apache.tomcat.util.net.SocketProcessorBase.run(SocketProcessorBase.java:49) [tomcat-coyote.jar:8.5.73]
	at org.apache.tomcat.util.threads.ThreadPoolExecutor.runWorker(ThreadPoolExecutor.java:1191) [tomcat-util.jar:8.5.73]
	at org.apache.tomcat.util.threads.ThreadPoolExecutor$Worker.run(ThreadPoolExecutor.java:659) [tomcat-util.jar:8.5.73]
	at org.apache.tomcat.util.threads.TaskThread$WrappingRunnable.run(TaskThread.java:61) [tomcat-util.jar:8.5.73]
	at java.lang.Thread.run(Thread.java:748) [?:1.8.0_312]
Caused by: org.apache.catalina.connector.ClientAbortException: java.io.IOException: Broken pipe
	at org.apache.catalina.connector.OutputBuffer.doFlush(OutputBuffer.java:328) ~[catalina.jar:8.5.73]
	at org.apache.catalina.connector.OutputBuffer.flush(OutputBuffer.java:291) ~[catalina.jar:8.5.73]
	at org.apache.catalina.connector.CoyoteOutputStream.flush(CoyoteOutputStream.java:118) ~[catalina.jar:8.5.73]
	at org.exist.http.RESTServer.writeResourceAs(RESTServer.java:1699) ~[exist-optional.jar:4.8.0]
	at org.exist.http.RESTServer.doGet(RESTServer.java:413) ~[exist-optional.jar:4.8.0]
	at org.exist.http.servlets.EXistServlet.doGet(EXistServlet.java:249) ~[exist-optional.jar:4.8.0]
	... 40 more
Caused by: java.io.IOException: Broken pipe
	at sun.nio.ch.FileDispatcherImpl.write0(Native Method) ~[?:1.8.0_312]
	at sun.nio.ch.SocketDispatcher.write(SocketDispatcher.java:47) ~[?:1.8.0_312]
	at sun.nio.ch.IOUtil.writeFromNativeBuffer(IOUtil.java:93) ~[?:1.8.0_312]
	at sun.nio.ch.IOUtil.write(IOUtil.java:65) ~[?:1.8.0_312]
	at sun.nio.ch.SocketChannelImpl.write(SocketChannelImpl.java:470) ~[?:1.8.0_312]
	at org.apache.tomcat.util.net.NioChannel.write(NioChannel.java:142) ~[tomcat-coyote.jar:8.5.73]
	at org.apache.tomcat.util.net.NioBlockingSelector.write(NioBlockingSelector.java:118) ~[tomcat-coyote.jar:8.5.73]
	at org.apache.tomcat.util.net.NioSelectorPool.write(NioSelectorPool.java:167) ~[tomcat-coyote.jar:8.5.73]
	at org.apache.tomcat.util.net.NioEndpoint$NioSocketWrapper.doWrite(NioEndpoint.java:1360) ~[tomcat-coyote.jar:8.5.73]
	at org.apache.tomcat.util.net.SocketWrapperBase.doWrite(SocketWrapperBase.java:718) ~[tomcat-coyote.jar:8.5.73]
	at org.apache.tomcat.util.net.SocketWrapperBase.flushBlocking(SocketWrapperBase.java:671) ~[tomcat-coyote.jar:8.5.73]
	at org.apache.tomcat.util.net.SocketWrapperBase.flush(SocketWrapperBase.java:661) ~[tomcat-coyote.jar:8.5.73]
	at org.apache.coyote.http11.Http11OutputBuffer$SocketOutputBuffer.flush(Http11OutputBuffer.java:655) ~[tomcat-coyote.jar:8.5.73]
	at org.apache.coyote.http11.filters.IdentityOutputFilter.flush(IdentityOutputFilter.java:160) ~[tomcat-coyote.jar:8.5.73]
	at org.apache.coyote.http11.Http11OutputBuffer.flush(Http11OutputBuffer.java:256) ~[tomcat-coyote.jar:8.5.73]
	at org.apache.coyote.http11.Http11Processor.flush(Http11Processor.java:1442) ~[tomcat-coyote.jar:8.5.73]
	at org.apache.coyote.AbstractProcessor.action(AbstractProcessor.java:407) ~[tomcat-coyote.jar:8.5.73]
	at org.apache.coyote.Response.action(Response.java:206) ~[tomcat-coyote.jar:8.5.73]
	at org.apache.catalina.connector.OutputBuffer.doFlush(OutputBuffer.java:324) ~[catalina.jar:8.5.73]
	at org.apache.catalina.connector.OutputBuffer.flush(OutputBuffer.java:291) ~[catalina.jar:8.5.73]
	at org.apache.catalina.connector.CoyoteOutputStream.flush(CoyoteOutputStream.java:118) ~[catalina.jar:8.5.73]
	at org.exist.http.RESTServer.writeResourceAs(RESTServer.java:1699) ~[exist-optional.jar:4.8.0]
	at org.exist.http.RESTServer.doGet(RESTServer.java:413) ~[exist-optional.jar:4.8.0]
	at org.exist.http.servlets.EXistServlet.doGet(EXistServlet.java:249) ~[exist-optional.jar:4.8.0]
	... 40 more
