10-Feb-2022 07:19:03.332 INFO [main] org.apache.catalina.startup.VersionLoggerListener.log Server version name:   Apache Tomcat/8.5.73
10-Feb-2022 07:19:03.333 INFO [main] org.apache.catalina.startup.VersionLoggerListener.log Server built:          Nov 11 2021 13:14:36 UTC
10-Feb-2022 07:19:03.333 INFO [main] org.apache.catalina.startup.VersionLoggerListener.log Server version number: 8.5.73.0
10-Feb-2022 07:19:03.334 INFO [main] org.apache.catalina.startup.VersionLoggerListener.log OS Name:               Linux
10-Feb-2022 07:19:03.334 INFO [main] org.apache.catalina.startup.VersionLoggerListener.log OS Version:            5.4.0-99-generic
10-Feb-2022 07:19:03.334 INFO [main] org.apache.catalina.startup.VersionLoggerListener.log Architecture:          amd64
10-Feb-2022 07:19:03.334 INFO [main] org.apache.catalina.startup.VersionLoggerListener.log Java Home:             /usr/lib/jvm/java-8-openjdk-amd64/jre
10-Feb-2022 07:19:03.334 INFO [main] org.apache.catalina.startup.VersionLoggerListener.log JVM Version:           1.8.0_312-8u312-b07-0ubuntu1~20.04-b07
10-Feb-2022 07:19:03.334 INFO [main] org.apache.catalina.startup.VersionLoggerListener.log JVM Vendor:            Private Build
10-Feb-2022 07:19:03.334 INFO [main] org.apache.catalina.startup.VersionLoggerListener.log CATALINA_BASE:         /media/user/games/Projects/XML2/XML/apache-tomcat-8.5.73
10-Feb-2022 07:19:03.334 INFO [main] org.apache.catalina.startup.VersionLoggerListener.log CATALINA_HOME:         /media/user/games/Projects/XML2/XML/apache-tomcat-8.5.73
10-Feb-2022 07:19:03.334 INFO [main] org.apache.catalina.startup.VersionLoggerListener.log Command line argument: -Djava.util.logging.config.file=/media/user/games/Projects/XML2/XML/apache-tomcat-8.5.73/conf/logging.properties
10-Feb-2022 07:19:03.335 INFO [main] org.apache.catalina.startup.VersionLoggerListener.log Command line argument: -Djava.util.logging.manager=org.apache.juli.ClassLoaderLogManager
10-Feb-2022 07:19:03.335 INFO [main] org.apache.catalina.startup.VersionLoggerListener.log Command line argument: -Djdk.tls.ephemeralDHKeySize=2048
10-Feb-2022 07:19:03.335 INFO [main] org.apache.catalina.startup.VersionLoggerListener.log Command line argument: -Djava.protocol.handler.pkgs=org.apache.catalina.webresources
10-Feb-2022 07:19:03.335 INFO [main] org.apache.catalina.startup.VersionLoggerListener.log Command line argument: -Dorg.apache.catalina.security.SecurityListener.UMASK=0027
10-Feb-2022 07:19:03.335 INFO [main] org.apache.catalina.startup.VersionLoggerListener.log Command line argument: -Dignore.endorsed.dirs=
10-Feb-2022 07:19:03.335 INFO [main] org.apache.catalina.startup.VersionLoggerListener.log Command line argument: -Dcatalina.base=/media/user/games/Projects/XML2/XML/apache-tomcat-8.5.73
10-Feb-2022 07:19:03.335 INFO [main] org.apache.catalina.startup.VersionLoggerListener.log Command line argument: -Dcatalina.home=/media/user/games/Projects/XML2/XML/apache-tomcat-8.5.73
10-Feb-2022 07:19:03.335 INFO [main] org.apache.catalina.startup.VersionLoggerListener.log Command line argument: -Djava.io.tmpdir=/media/user/games/Projects/XML2/XML/apache-tomcat-8.5.73/temp
10-Feb-2022 07:19:03.335 INFO [main] org.apache.catalina.core.AprLifecycleListener.lifecycleEvent The Apache Tomcat Native library which allows using OpenSSL was not found on the java.library.path: [/usr/java/packages/lib/amd64:/usr/lib/x86_64-linux-gnu/jni:/lib/x86_64-linux-gnu:/usr/lib/x86_64-linux-gnu:/usr/lib/jni:/lib:/usr/lib]
10-Feb-2022 07:19:03.399 INFO [main] org.apache.coyote.AbstractProtocol.init Initializing ProtocolHandler ["http-nio-8081"]
10-Feb-2022 07:19:03.434 INFO [main] org.apache.tomcat.util.net.NioSelectorPool.getSharedSelector Using a shared selector for servlet write/read
10-Feb-2022 07:19:03.444 INFO [main] org.apache.catalina.startup.Catalina.load Initialization processed in 449 ms
10-Feb-2022 07:19:03.467 INFO [main] org.apache.catalina.core.StandardService.startInternal Starting service [Catalina]
10-Feb-2022 07:19:03.467 INFO [main] org.apache.catalina.core.StandardEngine.startInternal Starting Servlet engine: [Apache Tomcat/8.5.73]
10-Feb-2022 07:19:03.483 INFO [localhost-startStop-1] org.apache.catalina.startup.HostConfig.deployWAR Deploying web application archive [/media/user/games/Projects/XML2/XML/apache-tomcat-8.5.73/webapps/exist.war]
10-Feb-2022 07:19:10.227 INFO [localhost-startStop-1] org.apache.jasper.servlet.TldScanner.scanJars At least one JAR was scanned for TLDs yet contained no TLDs. Enable debug logging for this logger for a complete list of JARs that were scanned but no TLDs were found in them. Skipping unneeded JARs during scanning can improve startup time and JSP compilation time.
10-Feb-2022 07:19:12.776 INFO [localhost-startStop-1] org.expath.pkg.repo.tools.Logger.info Create a new repository with storage: File system storage in /media/user/games/Projects/XML2/XML/apache-tomcat-8.5.73/webapps/exist/WEB-INF/data/expathrepo
10-Feb-2022 07:19:12.786 INFO [localhost-startStop-1] org.expath.pkg.repo.tools.Logger.info None of content dirs exist: '/media/user/games/Projects/XML2/XML/apache-tomcat-8.5.73/webapps/exist/WEB-INF/data/expathrepo/dashboard-1.1.1/content' and '/media/user/games/Projects/XML2/XML/apache-tomcat-8.5.73/webapps/exist/WEB-INF/data/expathrepo/dashboard-1.1.1/dashboard'
10-Feb-2022 07:19:12.793 INFO [localhost-startStop-1] org.expath.pkg.repo.tools.Logger.info None of content dirs exist: '/media/user/games/Projects/XML2/XML/apache-tomcat-8.5.73/webapps/exist/WEB-INF/data/expathrepo/usermanager-0.16.5/content' and '/media/user/games/Projects/XML2/XML/apache-tomcat-8.5.73/webapps/exist/WEB-INF/data/expathrepo/usermanager-0.16.5/usermanager'
10-Feb-2022 07:19:12.794 INFO [localhost-startStop-1] org.expath.pkg.repo.tools.Logger.info Warning: package uses old-style content dir: '/media/user/games/Projects/XML2/XML/apache-tomcat-8.5.73/webapps/exist/WEB-INF/data/expathrepo/functx-1.0.1/functx'
10-Feb-2022 07:19:12.796 INFO [localhost-startStop-1] org.expath.pkg.repo.tools.Logger.info None of content dirs exist: '/media/user/games/Projects/XML2/XML/apache-tomcat-8.5.73/webapps/exist/WEB-INF/data/expathrepo/eXide-2.4.13/content' and '/media/user/games/Projects/XML2/XML/apache-tomcat-8.5.73/webapps/exist/WEB-INF/data/expathrepo/eXide-2.4.13/eXide'
10-Feb-2022 07:19:13.767 INFO [localhost-startStop-1] org.apache.catalina.startup.HostConfig.deployWAR Deployment of web application archive [/media/user/games/Projects/XML2/XML/apache-tomcat-8.5.73/webapps/exist.war] has finished in [10,284] ms
10-Feb-2022 07:19:13.768 INFO [localhost-startStop-1] org.apache.catalina.startup.HostConfig.deployWAR Deploying web application archive [/media/user/games/Projects/XML2/XML/apache-tomcat-8.5.73/webapps/fuseki.war]
10-Feb-2022 07:19:14.862 INFO [localhost-startStop-1] org.apache.jasper.servlet.TldScanner.scanJars At least one JAR was scanned for TLDs yet contained no TLDs. Enable debug logging for this logger for a complete list of JARs that were scanned but no TLDs were found in them. Skipping unneeded JARs during scanning can improve startup time and JSP compilation time.
[2022-02-10 07:19:15] Config     INFO  FUSEKI_HOME=unset
[2022-02-10 07:19:15] Config     INFO  FUSEKI_BASE=/etc/fuseki
[2022-02-10 07:19:15] Server     ERROR Exception in server initialization
org.apache.jena.fuseki.FusekiConfigException: Failed to create directory: /etc/fuseki
	at org.apache.jena.fuseki.webapp.FusekiWebapp.ensureDir(FusekiWebapp.java:372) ~[jena-fuseki-webapp-3.17.0.jar:3.17.0]
	at org.apache.jena.fuseki.webapp.FusekiWebapp.formatBaseArea(FusekiWebapp.java:145) [jena-fuseki-webapp-3.17.0.jar:3.17.0]
	at org.apache.jena.fuseki.webapp.ShiroEnvironmentLoader.contextInitialized(ShiroEnvironmentLoader.java:50) [jena-fuseki-webapp-3.17.0.jar:3.17.0]
	at org.apache.catalina.core.StandardContext.listenerStart(StandardContext.java:4763) [catalina.jar:8.5.73]
	at org.apache.catalina.core.StandardContext.startInternal(StandardContext.java:5232) [catalina.jar:8.5.73]
	at org.apache.catalina.util.LifecycleBase.start(LifecycleBase.java:183) [catalina.jar:8.5.73]
	at org.apache.catalina.core.ContainerBase.addChildInternal(ContainerBase.java:753) [catalina.jar:8.5.73]
	at org.apache.catalina.core.ContainerBase.addChild(ContainerBase.java:727) [catalina.jar:8.5.73]
	at org.apache.catalina.core.StandardHost.addChild(StandardHost.java:695) [catalina.jar:8.5.73]
	at org.apache.catalina.startup.HostConfig.deployWAR(HostConfig.java:1016) [catalina.jar:8.5.73]
	at org.apache.catalina.startup.HostConfig$DeployWar.run(HostConfig.java:1903) [catalina.jar:8.5.73]
	at java.util.concurrent.Executors$RunnableAdapter.call(Executors.java:511) [?:1.8.0_312]
	at java.util.concurrent.FutureTask.run(FutureTask.java:266) [?:1.8.0_312]
	at java.util.concurrent.ThreadPoolExecutor.runWorker(ThreadPoolExecutor.java:1149) [?:1.8.0_312]
	at java.util.concurrent.ThreadPoolExecutor$Worker.run(ThreadPoolExecutor.java:624) [?:1.8.0_312]
	at java.lang.Thread.run(Thread.java:748) [?:1.8.0_312]
[2022-02-10 07:19:15] Config     INFO  Context path = /fuseki
[2022-02-10 07:19:15] Server     ERROR Failed to initialize : Server not running
10-Feb-2022 07:19:15.812 SEVERE [localhost-startStop-1] org.apache.catalina.core.StandardContext.startInternal One or more listeners failed to start. Full details will be found in the appropriate container log file
10-Feb-2022 07:19:15.812 SEVERE [localhost-startStop-1] org.apache.catalina.core.StandardContext.startInternal Context [/fuseki] startup failed due to previous errors
10-Feb-2022 07:19:15.840 INFO [localhost-startStop-1] org.apache.catalina.startup.HostConfig.deployWAR Deployment of web application archive [/media/user/games/Projects/XML2/XML/apache-tomcat-8.5.73/webapps/fuseki.war] has finished in [2,072] ms
10-Feb-2022 07:19:15.840 INFO [localhost-startStop-1] org.apache.catalina.startup.HostConfig.deployDirectory Deploying web application directory [/media/user/games/Projects/XML2/XML/apache-tomcat-8.5.73/webapps/manager]
10-Feb-2022 07:19:15.859 INFO [localhost-startStop-1] org.apache.catalina.startup.HostConfig.deployDirectory Deployment of web application directory [/media/user/games/Projects/XML2/XML/apache-tomcat-8.5.73/webapps/manager] has finished in [19] ms
10-Feb-2022 07:19:15.859 INFO [localhost-startStop-1] org.apache.catalina.startup.HostConfig.deployDirectory Deploying web application directory [/media/user/games/Projects/XML2/XML/apache-tomcat-8.5.73/webapps/docs]
10-Feb-2022 07:19:15.867 INFO [localhost-startStop-1] org.apache.catalina.startup.HostConfig.deployDirectory Deployment of web application directory [/media/user/games/Projects/XML2/XML/apache-tomcat-8.5.73/webapps/docs] has finished in [8] ms
10-Feb-2022 07:19:15.868 INFO [localhost-startStop-1] org.apache.catalina.startup.HostConfig.deployDirectory Deploying web application directory [/media/user/games/Projects/XML2/XML/apache-tomcat-8.5.73/webapps/examples]
10-Feb-2022 07:19:15.966 INFO [localhost-startStop-1] org.apache.catalina.startup.HostConfig.deployDirectory Deployment of web application directory [/media/user/games/Projects/XML2/XML/apache-tomcat-8.5.73/webapps/examples] has finished in [98] ms
10-Feb-2022 07:19:15.966 INFO [localhost-startStop-1] org.apache.catalina.startup.HostConfig.deployDirectory Deploying web application directory [/media/user/games/Projects/XML2/XML/apache-tomcat-8.5.73/webapps/host-manager]
10-Feb-2022 07:19:15.976 INFO [localhost-startStop-1] org.apache.catalina.startup.HostConfig.deployDirectory Deployment of web application directory [/media/user/games/Projects/XML2/XML/apache-tomcat-8.5.73/webapps/host-manager] has finished in [10] ms
10-Feb-2022 07:19:15.977 INFO [localhost-startStop-1] org.apache.catalina.startup.HostConfig.deployDirectory Deploying web application directory [/media/user/games/Projects/XML2/XML/apache-tomcat-8.5.73/webapps/ROOT]
10-Feb-2022 07:19:15.986 INFO [localhost-startStop-1] org.apache.catalina.startup.HostConfig.deployDirectory Deployment of web application directory [/media/user/games/Projects/XML2/XML/apache-tomcat-8.5.73/webapps/ROOT] has finished in [8] ms
10-Feb-2022 07:19:15.990 INFO [main] org.apache.coyote.AbstractProtocol.start Starting ProtocolHandler ["http-nio-8081"]
10-Feb-2022 07:19:15.996 INFO [main] org.apache.catalina.startup.Catalina.start Server startup in 12551 ms
10-Feb-2022 07:24:34.748 INFO [main] org.apache.catalina.startup.VersionLoggerListener.log Server version name:   Apache Tomcat/8.5.73
10-Feb-2022 07:24:34.749 INFO [main] org.apache.catalina.startup.VersionLoggerListener.log Server built:          Nov 11 2021 13:14:36 UTC
10-Feb-2022 07:24:34.749 INFO [main] org.apache.catalina.startup.VersionLoggerListener.log Server version number: 8.5.73.0
10-Feb-2022 07:24:34.749 INFO [main] org.apache.catalina.startup.VersionLoggerListener.log OS Name:               Linux
10-Feb-2022 07:24:34.749 INFO [main] org.apache.catalina.startup.VersionLoggerListener.log OS Version:            5.4.0-99-generic
10-Feb-2022 07:24:34.749 INFO [main] org.apache.catalina.startup.VersionLoggerListener.log Architecture:          amd64
10-Feb-2022 07:24:34.749 INFO [main] org.apache.catalina.startup.VersionLoggerListener.log Java Home:             /usr/lib/jvm/java-8-openjdk-amd64/jre
10-Feb-2022 07:24:34.749 INFO [main] org.apache.catalina.startup.VersionLoggerListener.log JVM Version:           1.8.0_312-8u312-b07-0ubuntu1~20.04-b07
10-Feb-2022 07:24:34.749 INFO [main] org.apache.catalina.startup.VersionLoggerListener.log JVM Vendor:            Private Build
10-Feb-2022 07:24:34.750 INFO [main] org.apache.catalina.startup.VersionLoggerListener.log CATALINA_BASE:         /media/user/games/Projects/XML2/XML/apache-tomcat-8.5.73
10-Feb-2022 07:24:34.750 INFO [main] org.apache.catalina.startup.VersionLoggerListener.log CATALINA_HOME:         /media/user/games/Projects/XML2/XML/apache-tomcat-8.5.73
10-Feb-2022 07:24:34.750 INFO [main] org.apache.catalina.startup.VersionLoggerListener.log Command line argument: -Djava.util.logging.config.file=/media/user/games/Projects/XML2/XML/apache-tomcat-8.5.73/conf/logging.properties
10-Feb-2022 07:24:34.750 INFO [main] org.apache.catalina.startup.VersionLoggerListener.log Command line argument: -Djava.util.logging.manager=org.apache.juli.ClassLoaderLogManager
10-Feb-2022 07:24:34.750 INFO [main] org.apache.catalina.startup.VersionLoggerListener.log Command line argument: -Djdk.tls.ephemeralDHKeySize=2048
10-Feb-2022 07:24:34.750 INFO [main] org.apache.catalina.startup.VersionLoggerListener.log Command line argument: -Djava.protocol.handler.pkgs=org.apache.catalina.webresources
10-Feb-2022 07:24:34.750 INFO [main] org.apache.catalina.startup.VersionLoggerListener.log Command line argument: -Dorg.apache.catalina.security.SecurityListener.UMASK=0027
10-Feb-2022 07:24:34.750 INFO [main] org.apache.catalina.startup.VersionLoggerListener.log Command line argument: -Dignore.endorsed.dirs=
10-Feb-2022 07:24:34.750 INFO [main] org.apache.catalina.startup.VersionLoggerListener.log Command line argument: -Dcatalina.base=/media/user/games/Projects/XML2/XML/apache-tomcat-8.5.73
10-Feb-2022 07:24:34.750 INFO [main] org.apache.catalina.startup.VersionLoggerListener.log Command line argument: -Dcatalina.home=/media/user/games/Projects/XML2/XML/apache-tomcat-8.5.73
10-Feb-2022 07:24:34.750 INFO [main] org.apache.catalina.startup.VersionLoggerListener.log Command line argument: -Djava.io.tmpdir=/media/user/games/Projects/XML2/XML/apache-tomcat-8.5.73/temp
10-Feb-2022 07:24:34.750 INFO [main] org.apache.catalina.core.AprLifecycleListener.lifecycleEvent The Apache Tomcat Native library which allows using OpenSSL was not found on the java.library.path: [/usr/java/packages/lib/amd64:/usr/lib/x86_64-linux-gnu/jni:/lib/x86_64-linux-gnu:/usr/lib/x86_64-linux-gnu:/usr/lib/jni:/lib:/usr/lib]
10-Feb-2022 07:24:34.809 INFO [main] org.apache.coyote.AbstractProtocol.init Initializing ProtocolHandler ["http-nio-8081"]
10-Feb-2022 07:24:34.850 INFO [main] org.apache.tomcat.util.net.NioSelectorPool.getSharedSelector Using a shared selector for servlet write/read
10-Feb-2022 07:24:34.861 INFO [main] org.apache.catalina.startup.Catalina.load Initialization processed in 453 ms
10-Feb-2022 07:24:34.885 INFO [main] org.apache.catalina.core.StandardService.startInternal Starting service [Catalina]
10-Feb-2022 07:24:34.885 INFO [main] org.apache.catalina.core.StandardEngine.startInternal Starting Servlet engine: [Apache Tomcat/8.5.73]
10-Feb-2022 07:24:34.902 INFO [localhost-startStop-1] org.apache.catalina.startup.HostConfig.deployWAR Deploying web application archive [/media/user/games/Projects/XML2/XML/apache-tomcat-8.5.73/webapps/exist.war]
10-Feb-2022 07:24:41.622 INFO [localhost-startStop-1] org.apache.jasper.servlet.TldScanner.scanJars At least one JAR was scanned for TLDs yet contained no TLDs. Enable debug logging for this logger for a complete list of JARs that were scanned but no TLDs were found in them. Skipping unneeded JARs during scanning can improve startup time and JSP compilation time.
10-Feb-2022 07:24:44.143 INFO [localhost-startStop-1] org.expath.pkg.repo.tools.Logger.info Create a new repository with storage: File system storage in /media/user/games/Projects/XML2/XML/apache-tomcat-8.5.73/webapps/exist/WEB-INF/data/expathrepo
10-Feb-2022 07:24:44.152 INFO [localhost-startStop-1] org.expath.pkg.repo.tools.Logger.info None of content dirs exist: '/media/user/games/Projects/XML2/XML/apache-tomcat-8.5.73/webapps/exist/WEB-INF/data/expathrepo/dashboard-1.1.1/content' and '/media/user/games/Projects/XML2/XML/apache-tomcat-8.5.73/webapps/exist/WEB-INF/data/expathrepo/dashboard-1.1.1/dashboard'
10-Feb-2022 07:24:44.159 INFO [localhost-startStop-1] org.expath.pkg.repo.tools.Logger.info None of content dirs exist: '/media/user/games/Projects/XML2/XML/apache-tomcat-8.5.73/webapps/exist/WEB-INF/data/expathrepo/usermanager-0.16.5/content' and '/media/user/games/Projects/XML2/XML/apache-tomcat-8.5.73/webapps/exist/WEB-INF/data/expathrepo/usermanager-0.16.5/usermanager'
10-Feb-2022 07:24:44.160 INFO [localhost-startStop-1] org.expath.pkg.repo.tools.Logger.info Warning: package uses old-style content dir: '/media/user/games/Projects/XML2/XML/apache-tomcat-8.5.73/webapps/exist/WEB-INF/data/expathrepo/functx-1.0.1/functx'
10-Feb-2022 07:24:44.162 INFO [localhost-startStop-1] org.expath.pkg.repo.tools.Logger.info None of content dirs exist: '/media/user/games/Projects/XML2/XML/apache-tomcat-8.5.73/webapps/exist/WEB-INF/data/expathrepo/eXide-2.4.13/content' and '/media/user/games/Projects/XML2/XML/apache-tomcat-8.5.73/webapps/exist/WEB-INF/data/expathrepo/eXide-2.4.13/eXide'
10-Feb-2022 07:24:45.165 INFO [localhost-startStop-1] org.apache.catalina.startup.HostConfig.deployWAR Deployment of web application archive [/media/user/games/Projects/XML2/XML/apache-tomcat-8.5.73/webapps/exist.war] has finished in [10,263] ms
10-Feb-2022 07:24:45.166 INFO [localhost-startStop-1] org.apache.catalina.startup.HostConfig.deployWAR Deploying web application archive [/media/user/games/Projects/XML2/XML/apache-tomcat-8.5.73/webapps/fuseki.war]
10-Feb-2022 07:24:46.288 INFO [localhost-startStop-1] org.apache.jasper.servlet.TldScanner.scanJars At least one JAR was scanned for TLDs yet contained no TLDs. Enable debug logging for this logger for a complete list of JARs that were scanned but no TLDs were found in them. Skipping unneeded JARs during scanning can improve startup time and JSP compilation time.
[2022-02-10 07:24:47] Config     INFO  FUSEKI_HOME=unset
[2022-02-10 07:24:47] Config     INFO  FUSEKI_BASE=/etc/fuseki
[2022-02-10 07:24:47] Config     INFO  Shiro file: file:///etc/fuseki/shiro.ini
[2022-02-10 07:24:47] Config     INFO  Context path = /fuseki
[2022-02-10 07:24:47] Config     INFO  Configuration file: /etc/fuseki/config.ttl
[2022-02-10 07:24:47] Server     INFO  Configuration file: /etc/fuseki/config.ttl
[2022-02-10 07:24:47] Server     INFO  System
[2022-02-10 07:24:47] Server     INFO    Memory: 3.5 GiB
[2022-02-10 07:24:47] Server     INFO    Java:   1.8.0_312
[2022-02-10 07:24:47] Server     INFO    OS:     Linux 5.4.0-99-generic amd64
[2022-02-10 07:24:47] Server     INFO    PID:    46080
10-Feb-2022 07:24:47.957 INFO [localhost-startStop-1] org.apache.catalina.startup.HostConfig.deployWAR Deployment of web application archive [/media/user/games/Projects/XML2/XML/apache-tomcat-8.5.73/webapps/fuseki.war] has finished in [2,791] ms
10-Feb-2022 07:24:47.958 INFO [localhost-startStop-1] org.apache.catalina.startup.HostConfig.deployDirectory Deploying web application directory [/media/user/games/Projects/XML2/XML/apache-tomcat-8.5.73/webapps/manager]
10-Feb-2022 07:24:47.984 INFO [localhost-startStop-1] org.apache.catalina.startup.HostConfig.deployDirectory Deployment of web application directory [/media/user/games/Projects/XML2/XML/apache-tomcat-8.5.73/webapps/manager] has finished in [26] ms
10-Feb-2022 07:24:47.984 INFO [localhost-startStop-1] org.apache.catalina.startup.HostConfig.deployDirectory Deploying web application directory [/media/user/games/Projects/XML2/XML/apache-tomcat-8.5.73/webapps/docs]
10-Feb-2022 07:24:47.996 INFO [localhost-startStop-1] org.apache.catalina.startup.HostConfig.deployDirectory Deployment of web application directory [/media/user/games/Projects/XML2/XML/apache-tomcat-8.5.73/webapps/docs] has finished in [12] ms
10-Feb-2022 07:24:47.996 INFO [localhost-startStop-1] org.apache.catalina.startup.HostConfig.deployDirectory Deploying web application directory [/media/user/games/Projects/XML2/XML/apache-tomcat-8.5.73/webapps/examples]
10-Feb-2022 07:24:48.104 INFO [localhost-startStop-1] org.apache.catalina.startup.HostConfig.deployDirectory Deployment of web application directory [/media/user/games/Projects/XML2/XML/apache-tomcat-8.5.73/webapps/examples] has finished in [108] ms
10-Feb-2022 07:24:48.104 INFO [localhost-startStop-1] org.apache.catalina.startup.HostConfig.deployDirectory Deploying web application directory [/media/user/games/Projects/XML2/XML/apache-tomcat-8.5.73/webapps/host-manager]
10-Feb-2022 07:24:48.115 INFO [localhost-startStop-1] org.apache.catalina.startup.HostConfig.deployDirectory Deployment of web application directory [/media/user/games/Projects/XML2/XML/apache-tomcat-8.5.73/webapps/host-manager] has finished in [11] ms
10-Feb-2022 07:24:48.115 INFO [localhost-startStop-1] org.apache.catalina.startup.HostConfig.deployDirectory Deploying web application directory [/media/user/games/Projects/XML2/XML/apache-tomcat-8.5.73/webapps/ROOT]
10-Feb-2022 07:24:48.123 INFO [localhost-startStop-1] org.apache.catalina.startup.HostConfig.deployDirectory Deployment of web application directory [/media/user/games/Projects/XML2/XML/apache-tomcat-8.5.73/webapps/ROOT] has finished in [8] ms
10-Feb-2022 07:24:48.127 INFO [main] org.apache.coyote.AbstractProtocol.start Starting ProtocolHandler ["http-nio-8081"]
10-Feb-2022 07:24:48.133 INFO [main] org.apache.catalina.startup.Catalina.start Server startup in 13272 ms
[2022-02-10 09:46:30] Admin      INFO  [4] Create database : name = /Fakultet
